[02-May-2018 22:30:36 UTC] PHP Warning:  include(../../../../dbConnection.php): failed to open stream: No such file or directory in /home/ubuntu/workspace/isperez/Challenges336/LastChallenge/poll/data.php on line 3
[02-May-2018 22:30:36 UTC] PHP Stack trace:
[02-May-2018 22:30:36 UTC] PHP   1. {main}() /home/ubuntu/workspace/isperez/Challenges336/LastChallenge/poll/data.php:0
[02-May-2018 22:30:36 UTC] PHP Warning:  include(): Failed opening '../../../../dbConnection.php' for inclusion (include_path='.:/usr/share/php:/usr/share/pear') in /home/ubuntu/workspace/isperez/Challenges336/LastChallenge/poll/data.php on line 3
[02-May-2018 22:30:36 UTC] PHP Stack trace:
[02-May-2018 22:30:36 UTC] PHP   1. {main}() /home/ubuntu/workspace/isperez/Challenges336/LastChallenge/poll/data.php:0
[02-May-2018 22:30:36 UTC] PHP Fatal error:  Call to undefined function getDatabaseConnection() in /home/ubuntu/workspace/isperez/Challenges336/LastChallenge/poll/data.php on line 5
[02-May-2018 22:30:36 UTC] PHP Stack trace:
[02-May-2018 22:30:36 UTC] PHP   1. {main}() /home/ubuntu/workspace/isperez/Challenges336/LastChallenge/poll/data.php:0
[02-May-2018 22:30:47 UTC] PHP Warning:  include(../../../../dbConnection.php): failed to open stream: No such file or directory in /home/ubuntu/workspace/isperez/Challenges336/LastChallenge/poll/data.php on line 3
[02-May-2018 22:30:47 UTC] PHP Stack trace:
[02-May-2018 22:30:47 UTC] PHP   1. {main}() /home/ubuntu/workspace/isperez/Challenges336/LastChallenge/poll/data.php:0
[02-May-2018 22:30:47 UTC] PHP Warning:  include(): Failed opening '../../../../dbConnection.php' for inclusion (include_path='.:/usr/share/php:/usr/share/pear') in /home/ubuntu/workspace/isperez/Challenges336/LastChallenge/poll/data.php on line 3
[02-May-2018 22:30:47 UTC] PHP Stack trace:
[02-May-2018 22:30:47 UTC] PHP   1. {main}() /home/ubuntu/workspace/isperez/Challenges336/LastChallenge/poll/data.php:0
[02-May-2018 22:30:47 UTC] PHP Fatal error:  Call to undefined function getDatabaseConnection() in /home/ubuntu/workspace/isperez/Challenges336/LastChallenge/poll/data.php on line 5
[02-May-2018 22:30:47 UTC] PHP Stack trace:
[02-May-2018 22:30:47 UTC] PHP   1. {main}() /home/ubuntu/workspace/isperez/Challenges336/LastChallenge/poll/data.php:0
[02-May-2018 22:32:32 UTC] PHP Warning:  include(../../../../dbConnection.php): failed to open stream: No such file or directory in /home/ubuntu/workspace/isperez/Challenges336/LastChallenge/poll/data.php on line 3
[02-May-2018 22:32:32 UTC] PHP Stack trace:
[02-May-2018 22:32:32 UTC] PHP   1. {main}() /home/ubuntu/workspace/isperez/Challenges336/LastChallenge/poll/data.php:0
[02-May-2018 22:32:32 UTC] PHP Warning:  include(): Failed opening '../../../../dbConnection.php' for inclusion (include_path='.:/usr/share/php:/usr/share/pear') in /home/ubuntu/workspace/isperez/Challenges336/LastChallenge/poll/data.php on line 3
[02-May-2018 22:32:32 UTC] PHP Stack trace:
[02-May-2018 22:32:32 UTC] PHP   1. {main}() /home/ubuntu/workspace/isperez/Challenges336/LastChallenge/poll/data.php:0
[02-May-2018 22:32:32 UTC] PHP Fatal error:  Call to undefined function getDatabaseConnection() in /home/ubuntu/workspace/isperez/Challenges336/LastChallenge/poll/data.php on line 5
[02-May-2018 22:32:32 UTC] PHP Stack trace:
[02-May-2018 22:32:32 UTC] PHP   1. {main}() /home/ubuntu/workspace/isperez/Challenges336/LastChallenge/poll/data.php:0
[02-May-2018 22:32:47 UTC] PHP Warning:  include(../../../../dbConnection.php): failed to open stream: No such file or directory in /home/ubuntu/workspace/isperez/Challenges336/LastChallenge/poll/data.php on line 3
[02-May-2018 22:32:47 UTC] PHP Stack trace:
[02-May-2018 22:32:47 UTC] PHP   1. {main}() /home/ubuntu/workspace/isperez/Challenges336/LastChallenge/poll/data.php:0
[02-May-2018 22:32:47 UTC] PHP Warning:  include(): Failed opening '../../../../dbConnection.php' for inclusion (include_path='.:/usr/share/php:/usr/share/pear') in /home/ubuntu/workspace/isperez/Challenges336/LastChallenge/poll/data.php on line 3
[02-May-2018 22:32:47 UTC] PHP Stack trace:
[02-May-2018 22:32:47 UTC] PHP   1. {main}() /home/ubuntu/workspace/isperez/Challenges336/LastChallenge/poll/data.php:0
[02-May-2018 22:32:47 UTC] PHP Fatal error:  Call to undefined function getDatabaseConnection() in /home/ubuntu/workspace/isperez/Challenges336/LastChallenge/poll/data.php on line 5
[02-May-2018 22:32:47 UTC] PHP Stack trace:
[02-May-2018 22:32:47 UTC] PHP   1. {main}() /home/ubuntu/workspace/isperez/Challenges336/LastChallenge/poll/data.php:0
[02-May-2018 22:33:41 UTC] PHP Warning:  include(../../../../dbConnection.php): failed to open stream: No such file or directory in /home/ubuntu/workspace/isperez/Challenges336/LastChallenge/poll/data.php on line 3
[02-May-2018 22:33:41 UTC] PHP Stack trace:
[02-May-2018 22:33:41 UTC] PHP   1. {main}() /home/ubuntu/workspace/isperez/Challenges336/LastChallenge/poll/data.php:0
[02-May-2018 22:33:41 UTC] PHP Warning:  include(): Failed opening '../../../../dbConnection.php' for inclusion (include_path='.:/usr/share/php:/usr/share/pear') in /home/ubuntu/workspace/isperez/Challenges336/LastChallenge/poll/data.php on line 3
[02-May-2018 22:33:41 UTC] PHP Stack trace:
[02-May-2018 22:33:41 UTC] PHP   1. {main}() /home/ubuntu/workspace/isperez/Challenges336/LastChallenge/poll/data.php:0
[02-May-2018 22:33:41 UTC] PHP Fatal error:  Call to undefined function getDatabaseConnection() in /home/ubuntu/workspace/isperez/Challenges336/LastChallenge/poll/data.php on line 5
[02-May-2018 22:33:41 UTC] PHP Stack trace:
[02-May-2018 22:33:41 UTC] PHP   1. {main}() /home/ubuntu/workspace/isperez/Challenges336/LastChallenge/poll/data.php:0
[02-May-2018 22:34:10 UTC] PHP Warning:  include(../../../../dbConnection.php): failed to open stream: No such file or directory in /home/ubuntu/workspace/isperez/Challenges336/LastChallenge/poll/data.php on line 3
[02-May-2018 22:34:10 UTC] PHP Stack trace:
[02-May-2018 22:34:10 UTC] PHP   1. {main}() /home/ubuntu/workspace/isperez/Challenges336/LastChallenge/poll/data.php:0
[02-May-2018 22:34:10 UTC] PHP Warning:  include(): Failed opening '../../../../dbConnection.php' for inclusion (include_path='.:/usr/share/php:/usr/share/pear') in /home/ubuntu/workspace/isperez/Challenges336/LastChallenge/poll/data.php on line 3
[02-May-2018 22:34:10 UTC] PHP Stack trace:
[02-May-2018 22:34:10 UTC] PHP   1. {main}() /home/ubuntu/workspace/isperez/Challenges336/LastChallenge/poll/data.php:0
[02-May-2018 22:34:10 UTC] PHP Fatal error:  Call to undefined function getDatabaseConnection() in /home/ubuntu/workspace/isperez/Challenges336/LastChallenge/poll/data.php on line 5
[02-May-2018 22:34:10 UTC] PHP Stack trace:
[02-May-2018 22:34:10 UTC] PHP   1. {main}() /home/ubuntu/workspace/isperez/Challenges336/LastChallenge/poll/data.php:0
[02-May-2018 22:35:55 UTC] PHP Warning:  include(../../../../dbConnection.php): failed to open stream: No such file or directory in /home/ubuntu/workspace/isperez/Challenges336/LastChallenge/poll/data.php on line 3
[02-May-2018 22:35:55 UTC] PHP Stack trace:
[02-May-2018 22:35:55 UTC] PHP   1. {main}() /home/ubuntu/workspace/isperez/Challenges336/LastChallenge/poll/data.php:0
[02-May-2018 22:35:55 UTC] PHP Warning:  include(): Failed opening '../../../../dbConnection.php' for inclusion (include_path='.:/usr/share/php:/usr/share/pear') in /home/ubuntu/workspace/isperez/Challenges336/LastChallenge/poll/data.php on line 3
[02-May-2018 22:35:55 UTC] PHP Stack trace:
[02-May-2018 22:35:55 UTC] PHP   1. {main}() /home/ubuntu/workspace/isperez/Challenges336/LastChallenge/poll/data.php:0
[02-May-2018 22:35:55 UTC] PHP Fatal error:  Call to undefined function getDatabaseConnection() in /home/ubuntu/workspace/isperez/Challenges336/LastChallenge/poll/data.php on line 5
[02-May-2018 22:35:55 UTC] PHP Stack trace:
[02-May-2018 22:35:55 UTC] PHP   1. {main}() /home/ubuntu/workspace/isperez/Challenges336/LastChallenge/poll/data.php:0
[02-May-2018 22:38:59 UTC] PHP Warning:  include(../../../../dbConnection.php): failed to open stream: No such file or directory in /home/ubuntu/workspace/isperez/Challenges336/LastChallenge/poll/data.php on line 3
[02-May-2018 22:38:59 UTC] PHP Stack trace:
[02-May-2018 22:38:59 UTC] PHP   1. {main}() /home/ubuntu/workspace/isperez/Challenges336/LastChallenge/poll/data.php:0
[02-May-2018 22:38:59 UTC] PHP Warning:  include(): Failed opening '../../../../dbConnection.php' for inclusion (include_path='.:/usr/share/php:/usr/share/pear') in /home/ubuntu/workspace/isperez/Challenges336/LastChallenge/poll/data.php on line 3
[02-May-2018 22:38:59 UTC] PHP Stack trace:
[02-May-2018 22:38:59 UTC] PHP   1. {main}() /home/ubuntu/workspace/isperez/Challenges336/LastChallenge/poll/data.php:0
[02-May-2018 22:38:59 UTC] PHP Fatal error:  Call to undefined function getDatabaseConnection() in /home/ubuntu/workspace/isperez/Challenges336/LastChallenge/poll/data.php on line 5
[02-May-2018 22:38:59 UTC] PHP Stack trace:
[02-May-2018 22:38:59 UTC] PHP   1. {main}() /home/ubuntu/workspace/isperez/Challenges336/LastChallenge/poll/data.php:0
[02-May-2018 22:40:42 UTC] PHP Warning:  include(../../../../dbConnection.php): failed to open stream: No such file or directory in /home/ubuntu/workspace/isperez/Challenges336/LastChallenge/poll/data.php on line 3
[02-May-2018 22:40:42 UTC] PHP Stack trace:
[02-May-2018 22:40:42 UTC] PHP   1. {main}() /home/ubuntu/workspace/isperez/Challenges336/LastChallenge/poll/data.php:0
[02-May-2018 22:40:42 UTC] PHP Warning:  include(): Failed opening '../../../../dbConnection.php' for inclusion (include_path='.:/usr/share/php:/usr/share/pear') in /home/ubuntu/workspace/isperez/Challenges336/LastChallenge/poll/data.php on line 3
[02-May-2018 22:40:42 UTC] PHP Stack trace:
[02-May-2018 22:40:42 UTC] PHP   1. {main}() /home/ubuntu/workspace/isperez/Challenges336/LastChallenge/poll/data.php:0
[02-May-2018 22:40:42 UTC] PHP Fatal error:  Call to undefined function getDatabaseConnection() in /home/ubuntu/workspace/isperez/Challenges336/LastChallenge/poll/data.php on line 5
[02-May-2018 22:40:42 UTC] PHP Stack trace:
[02-May-2018 22:40:42 UTC] PHP   1. {main}() /home/ubuntu/workspace/isperez/Challenges336/LastChallenge/poll/data.php:0
[02-May-2018 22:41:24 UTC] PHP Warning:  include(../../../../dbConnection.php): failed to open stream: No such file or directory in /home/ubuntu/workspace/isperez/Challenges336/LastChallenge/poll/data.php on line 3
[02-May-2018 22:41:24 UTC] PHP Stack trace:
[02-May-2018 22:41:24 UTC] PHP   1. {main}() /home/ubuntu/workspace/isperez/Challenges336/LastChallenge/poll/data.php:0
[02-May-2018 22:41:24 UTC] PHP Warning:  include(): Failed opening '../../../../dbConnection.php' for inclusion (include_path='.:/usr/share/php:/usr/share/pear') in /home/ubuntu/workspace/isperez/Challenges336/LastChallenge/poll/data.php on line 3
[02-May-2018 22:41:24 UTC] PHP Stack trace:
[02-May-2018 22:41:24 UTC] PHP   1. {main}() /home/ubuntu/workspace/isperez/Challenges336/LastChallenge/poll/data.php:0
[02-May-2018 22:41:24 UTC] PHP Fatal error:  Call to undefined function getDatabaseConnection() in /home/ubuntu/workspace/isperez/Challenges336/LastChallenge/poll/data.php on line 5
[02-May-2018 22:41:24 UTC] PHP Stack trace:
[02-May-2018 22:41:24 UTC] PHP   1. {main}() /home/ubuntu/workspace/isperez/Challenges336/LastChallenge/poll/data.php:0
[02-May-2018 22:41:56 UTC] PHP Warning:  include(../../../../dbConnection.php): failed to open stream: No such file or directory in /home/ubuntu/workspace/isperez/Challenges336/LastChallenge/poll/data.php on line 3
[02-May-2018 22:41:56 UTC] PHP Stack trace:
[02-May-2018 22:41:56 UTC] PHP   1. {main}() /home/ubuntu/workspace/isperez/Challenges336/LastChallenge/poll/data.php:0
[02-May-2018 22:41:56 UTC] PHP Warning:  include(): Failed opening '../../../../dbConnection.php' for inclusion (include_path='.:/usr/share/php:/usr/share/pear') in /home/ubuntu/workspace/isperez/Challenges336/LastChallenge/poll/data.php on line 3
[02-May-2018 22:41:56 UTC] PHP Stack trace:
[02-May-2018 22:41:56 UTC] PHP   1. {main}() /home/ubuntu/workspace/isperez/Challenges336/LastChallenge/poll/data.php:0
[02-May-2018 22:41:56 UTC] PHP Fatal error:  Call to undefined function getDatabaseConnection() in /home/ubuntu/workspace/isperez/Challenges336/LastChallenge/poll/data.php on line 5
[02-May-2018 22:41:56 UTC] PHP Stack trace:
[02-May-2018 22:41:56 UTC] PHP   1. {main}() /home/ubuntu/workspace/isperez/Challenges336/LastChallenge/poll/data.php:0
[02-May-2018 22:42:33 UTC] PHP Warning:  include(../../../../dbConnection.php): failed to open stream: No such file or directory in /home/ubuntu/workspace/isperez/Challenges336/LastChallenge/poll/data.php on line 3
[02-May-2018 22:42:33 UTC] PHP Stack trace:
[02-May-2018 22:42:33 UTC] PHP   1. {main}() /home/ubuntu/workspace/isperez/Challenges336/LastChallenge/poll/data.php:0
[02-May-2018 22:42:33 UTC] PHP Warning:  include(): Failed opening '../../../../dbConnection.php' for inclusion (include_path='.:/usr/share/php:/usr/share/pear') in /home/ubuntu/workspace/isperez/Challenges336/LastChallenge/poll/data.php on line 3
[02-May-2018 22:42:33 UTC] PHP Stack trace:
[02-May-2018 22:42:33 UTC] PHP   1. {main}() /home/ubuntu/workspace/isperez/Challenges336/LastChallenge/poll/data.php:0
[02-May-2018 22:42:33 UTC] PHP Fatal error:  Call to undefined function getDatabaseConnection() in /home/ubuntu/workspace/isperez/Challenges336/LastChallenge/poll/data.php on line 5
[02-May-2018 22:42:33 UTC] PHP Stack trace:
[02-May-2018 22:42:33 UTC] PHP   1. {main}() /home/ubuntu/workspace/isperez/Challenges336/LastChallenge/poll/data.php:0
[02-May-2018 22:43:20 UTC] PHP Warning:  include(../../../../dbConnection.php): failed to open stream: No such file or directory in /home/ubuntu/workspace/isperez/Challenges336/LastChallenge/poll/data.php on line 3
[02-May-2018 22:43:20 UTC] PHP Stack trace:
[02-May-2018 22:43:20 UTC] PHP   1. {main}() /home/ubuntu/workspace/isperez/Challenges336/LastChallenge/poll/data.php:0
[02-May-2018 22:43:20 UTC] PHP Warning:  include(): Failed opening '../../../../dbConnection.php' for inclusion (include_path='.:/usr/share/php:/usr/share/pear') in /home/ubuntu/workspace/isperez/Challenges336/LastChallenge/poll/data.php on line 3
[02-May-2018 22:43:20 UTC] PHP Stack trace:
[02-May-2018 22:43:20 UTC] PHP   1. {main}() /home/ubuntu/workspace/isperez/Challenges336/LastChallenge/poll/data.php:0
[02-May-2018 22:43:20 UTC] PHP Fatal error:  Call to undefined function getDatabaseConnection() in /home/ubuntu/workspace/isperez/Challenges336/LastChallenge/poll/data.php on line 5
[02-May-2018 22:43:20 UTC] PHP Stack trace:
[02-May-2018 22:43:20 UTC] PHP   1. {main}() /home/ubuntu/workspace/isperez/Challenges336/LastChallenge/poll/data.php:0
[02-May-2018 22:43:59 UTC] PHP Warning:  include(../../../../dbConnection.php): failed to open stream: No such file or directory in /home/ubuntu/workspace/isperez/Challenges336/LastChallenge/poll/data.php on line 3
[02-May-2018 22:43:59 UTC] PHP Stack trace:
[02-May-2018 22:43:59 UTC] PHP   1. {main}() /home/ubuntu/workspace/isperez/Challenges336/LastChallenge/poll/data.php:0
[02-May-2018 22:43:59 UTC] PHP Warning:  include(): Failed opening '../../../../dbConnection.php' for inclusion (include_path='.:/usr/share/php:/usr/share/pear') in /home/ubuntu/workspace/isperez/Challenges336/LastChallenge/poll/data.php on line 3
[02-May-2018 22:43:59 UTC] PHP Stack trace:
[02-May-2018 22:43:59 UTC] PHP   1. {main}() /home/ubuntu/workspace/isperez/Challenges336/LastChallenge/poll/data.php:0
[02-May-2018 22:43:59 UTC] PHP Fatal error:  Call to undefined function getDatabaseConnection() in /home/ubuntu/workspace/isperez/Challenges336/LastChallenge/poll/data.php on line 5
[02-May-2018 22:43:59 UTC] PHP Stack trace:
[02-May-2018 22:43:59 UTC] PHP   1. {main}() /home/ubuntu/workspace/isperez/Challenges336/LastChallenge/poll/data.php:0
[02-May-2018 22:46:01 UTC] PHP Warning:  include(../../../../dbConnection.php): failed to open stream: No such file or directory in /home/ubuntu/workspace/isperez/Challenges336/LastChallenge/poll/data.php on line 3
[02-May-2018 22:46:01 UTC] PHP Stack trace:
[02-May-2018 22:46:01 UTC] PHP   1. {main}() /home/ubuntu/workspace/isperez/Challenges336/LastChallenge/poll/data.php:0
[02-May-2018 22:46:01 UTC] PHP Warning:  include(): Failed opening '../../../../dbConnection.php' for inclusion (include_path='.:/usr/share/php:/usr/share/pear') in /home/ubuntu/workspace/isperez/Challenges336/LastChallenge/poll/data.php on line 3
[02-May-2018 22:46:01 UTC] PHP Stack trace:
[02-May-2018 22:46:01 UTC] PHP   1. {main}() /home/ubuntu/workspace/isperez/Challenges336/LastChallenge/poll/data.php:0
[02-May-2018 22:46:01 UTC] PHP Fatal error:  Call to undefined function getDatabaseConnection() in /home/ubuntu/workspace/isperez/Challenges336/LastChallenge/poll/data.php on line 5
[02-May-2018 22:46:01 UTC] PHP Stack trace:
[02-May-2018 22:46:01 UTC] PHP   1. {main}() /home/ubuntu/workspace/isperez/Challenges336/LastChallenge/poll/data.php:0
[02-May-2018 22:46:02 UTC] PHP Warning:  include(../../../../dbConnection.php): failed to open stream: No such file or directory in /home/ubuntu/workspace/isperez/Challenges336/LastChallenge/poll/data.php on line 3
[02-May-2018 22:46:02 UTC] PHP Stack trace:
[02-May-2018 22:46:02 UTC] PHP   1. {main}() /home/ubuntu/workspace/isperez/Challenges336/LastChallenge/poll/data.php:0
[02-May-2018 22:46:02 UTC] PHP Warning:  include(): Failed opening '../../../../dbConnection.php' for inclusion (include_path='.:/usr/share/php:/usr/share/pear') in /home/ubuntu/workspace/isperez/Challenges336/LastChallenge/poll/data.php on line 3
[02-May-2018 22:46:02 UTC] PHP Stack trace:
[02-May-2018 22:46:02 UTC] PHP   1. {main}() /home/ubuntu/workspace/isperez/Challenges336/LastChallenge/poll/data.php:0
[02-May-2018 22:46:02 UTC] PHP Fatal error:  Call to undefined function getDatabaseConnection() in /home/ubuntu/workspace/isperez/Challenges336/LastChallenge/poll/data.php on line 5
[02-May-2018 22:46:02 UTC] PHP Stack trace:
[02-May-2018 22:46:02 UTC] PHP   1. {main}() /home/ubuntu/workspace/isperez/Challenges336/LastChallenge/poll/data.php:0
[02-May-2018 22:46:38 UTC] PHP Warning:  include(../../../../dbConnection.php): failed to open stream: No such file or directory in /home/ubuntu/workspace/isperez/Challenges336/LastChallenge/poll/data.php on line 3
[02-May-2018 22:46:38 UTC] PHP Stack trace:
[02-May-2018 22:46:38 UTC] PHP   1. {main}() /home/ubuntu/workspace/isperez/Challenges336/LastChallenge/poll/data.php:0
[02-May-2018 22:46:38 UTC] PHP Warning:  include(): Failed opening '../../../../dbConnection.php' for inclusion (include_path='.:/usr/share/php:/usr/share/pear') in /home/ubuntu/workspace/isperez/Challenges336/LastChallenge/poll/data.php on line 3
[02-May-2018 22:46:38 UTC] PHP Stack trace:
[02-May-2018 22:46:38 UTC] PHP   1. {main}() /home/ubuntu/workspace/isperez/Challenges336/LastChallenge/poll/data.php:0
[02-May-2018 22:46:38 UTC] PHP Fatal error:  Call to undefined function getDatabaseConnection() in /home/ubuntu/workspace/isperez/Challenges336/LastChallenge/poll/data.php on line 5
[02-May-2018 22:46:38 UTC] PHP Stack trace:
[02-May-2018 22:46:38 UTC] PHP   1. {main}() /home/ubuntu/workspace/isperez/Challenges336/LastChallenge/poll/data.php:0
[02-May-2018 22:46:41 UTC] PHP Warning:  include(../../../../dbConnection.php): failed to open stream: No such file or directory in /home/ubuntu/workspace/isperez/Challenges336/LastChallenge/poll/data.php on line 3
[02-May-2018 22:46:41 UTC] PHP Stack trace:
[02-May-2018 22:46:41 UTC] PHP   1. {main}() /home/ubuntu/workspace/isperez/Challenges336/LastChallenge/poll/data.php:0
[02-May-2018 22:46:41 UTC] PHP Warning:  include(): Failed opening '../../../../dbConnection.php' for inclusion (include_path='.:/usr/share/php:/usr/share/pear') in /home/ubuntu/workspace/isperez/Challenges336/LastChallenge/poll/data.php on line 3
[02-May-2018 22:46:41 UTC] PHP Stack trace:
[02-May-2018 22:46:41 UTC] PHP   1. {main}() /home/ubuntu/workspace/isperez/Challenges336/LastChallenge/poll/data.php:0
[02-May-2018 22:46:41 UTC] PHP Fatal error:  Call to undefined function getDatabaseConnection() in /home/ubuntu/workspace/isperez/Challenges336/LastChallenge/poll/data.php on line 5
[02-May-2018 22:46:41 UTC] PHP Stack trace:
[02-May-2018 22:46:41 UTC] PHP   1. {main}() /home/ubuntu/workspace/isperez/Challenges336/LastChallenge/poll/data.php:0
