[07-May-2018 21:09:42 UTC] PHP Warning:  include(../../../dbConnection.php): failed to open stream: No such file or directory in /home/ubuntu/workspace/isperez/labs/Lab10/Lab10Pets/pets/api/getPetInfo.php on line 3
[07-May-2018 21:09:42 UTC] PHP Stack trace:
[07-May-2018 21:09:42 UTC] PHP   1. {main}() /home/ubuntu/workspace/isperez/labs/Lab10/Lab10Pets/pets/api/getPetInfo.php:0
[07-May-2018 21:09:42 UTC] PHP Warning:  include(): Failed opening '../../../dbConnection.php' for inclusion (include_path='.:/usr/share/php:/usr/share/pear') in /home/ubuntu/workspace/isperez/labs/Lab10/Lab10Pets/pets/api/getPetInfo.php on line 3
[07-May-2018 21:09:42 UTC] PHP Stack trace:
[07-May-2018 21:09:42 UTC] PHP   1. {main}() /home/ubuntu/workspace/isperez/labs/Lab10/Lab10Pets/pets/api/getPetInfo.php:0
[07-May-2018 21:09:42 UTC] PHP Fatal error:  Call to undefined function getDatabaseConnection() in /home/ubuntu/workspace/isperez/labs/Lab10/Lab10Pets/pets/api/getPetInfo.php on line 5
[07-May-2018 21:09:42 UTC] PHP Stack trace:
[07-May-2018 21:09:42 UTC] PHP   1. {main}() /home/ubuntu/workspace/isperez/labs/Lab10/Lab10Pets/pets/api/getPetInfo.php:0
[07-May-2018 21:09:51 UTC] PHP Warning:  include(../../../../dbConnection.php): failed to open stream: No such file or directory in /home/ubuntu/workspace/isperez/labs/Lab10/Lab10Pets/pets/api/getPetInfo.php on line 3
[07-May-2018 21:09:51 UTC] PHP Stack trace:
[07-May-2018 21:09:51 UTC] PHP   1. {main}() /home/ubuntu/workspace/isperez/labs/Lab10/Lab10Pets/pets/api/getPetInfo.php:0
[07-May-2018 21:09:51 UTC] PHP Warning:  include(): Failed opening '../../../../dbConnection.php' for inclusion (include_path='.:/usr/share/php:/usr/share/pear') in /home/ubuntu/workspace/isperez/labs/Lab10/Lab10Pets/pets/api/getPetInfo.php on line 3
[07-May-2018 21:09:51 UTC] PHP Stack trace:
[07-May-2018 21:09:51 UTC] PHP   1. {main}() /home/ubuntu/workspace/isperez/labs/Lab10/Lab10Pets/pets/api/getPetInfo.php:0
[07-May-2018 21:09:51 UTC] PHP Fatal error:  Call to undefined function getDatabaseConnection() in /home/ubuntu/workspace/isperez/labs/Lab10/Lab10Pets/pets/api/getPetInfo.php on line 5
[07-May-2018 21:09:51 UTC] PHP Stack trace:
[07-May-2018 21:09:51 UTC] PHP   1. {main}() /home/ubuntu/workspace/isperez/labs/Lab10/Lab10Pets/pets/api/getPetInfo.php:0
[07-May-2018 21:09:54 UTC] PHP Warning:  include(../../../../dbConnection.php): failed to open stream: No such file or directory in /home/ubuntu/workspace/isperez/labs/Lab10/Lab10Pets/pets/api/getPetInfo.php on line 3
[07-May-2018 21:09:54 UTC] PHP Stack trace:
[07-May-2018 21:09:54 UTC] PHP   1. {main}() /home/ubuntu/workspace/isperez/labs/Lab10/Lab10Pets/pets/api/getPetInfo.php:0
[07-May-2018 21:09:54 UTC] PHP Warning:  include(): Failed opening '../../../../dbConnection.php' for inclusion (include_path='.:/usr/share/php:/usr/share/pear') in /home/ubuntu/workspace/isperez/labs/Lab10/Lab10Pets/pets/api/getPetInfo.php on line 3
[07-May-2018 21:09:54 UTC] PHP Stack trace:
[07-May-2018 21:09:54 UTC] PHP   1. {main}() /home/ubuntu/workspace/isperez/labs/Lab10/Lab10Pets/pets/api/getPetInfo.php:0
[07-May-2018 21:09:54 UTC] PHP Fatal error:  Call to undefined function getDatabaseConnection() in /home/ubuntu/workspace/isperez/labs/Lab10/Lab10Pets/pets/api/getPetInfo.php on line 5
[07-May-2018 21:09:54 UTC] PHP Stack trace:
[07-May-2018 21:09:54 UTC] PHP   1. {main}() /home/ubuntu/workspace/isperez/labs/Lab10/Lab10Pets/pets/api/getPetInfo.php:0
[07-May-2018 21:10:22 UTC] PHP Warning:  include(../../../../dbConnection.php): failed to open stream: No such file or directory in /home/ubuntu/workspace/isperez/labs/Lab10/Lab10Pets/pets/api/getPetInfo.php on line 3
[07-May-2018 21:10:22 UTC] PHP Stack trace:
[07-May-2018 21:10:22 UTC] PHP   1. {main}() /home/ubuntu/workspace/isperez/labs/Lab10/Lab10Pets/pets/api/getPetInfo.php:0
[07-May-2018 21:10:22 UTC] PHP Warning:  include(): Failed opening '../../../../dbConnection.php' for inclusion (include_path='.:/usr/share/php:/usr/share/pear') in /home/ubuntu/workspace/isperez/labs/Lab10/Lab10Pets/pets/api/getPetInfo.php on line 3
[07-May-2018 21:10:22 UTC] PHP Stack trace:
[07-May-2018 21:10:22 UTC] PHP   1. {main}() /home/ubuntu/workspace/isperez/labs/Lab10/Lab10Pets/pets/api/getPetInfo.php:0
[07-May-2018 21:10:22 UTC] PHP Fatal error:  Call to undefined function getDatabaseConnection() in /home/ubuntu/workspace/isperez/labs/Lab10/Lab10Pets/pets/api/getPetInfo.php on line 5
[07-May-2018 21:10:22 UTC] PHP Stack trace:
[07-May-2018 21:10:22 UTC] PHP   1. {main}() /home/ubuntu/workspace/isperez/labs/Lab10/Lab10Pets/pets/api/getPetInfo.php:0
