[12-Feb-2018 22:45:39 UTC] PHP Parse error:  syntax error, unexpected end of file, expecting variable (T_VARIABLE) or ${ (T_DOLLAR_OPEN_CURLY_BRACES) or {$ (T_CURLY_OPEN) in /home/ubuntu/workspace/isperez/practice/php_arrays.php on line 30
[12-Feb-2018 23:07:11 UTC] PHP Warning:  disk_free_space(): No such file or directory in /home/ubuntu/workspace/isperez/practice/php_arrays.php on line 21
[12-Feb-2018 23:07:12 UTC] PHP Stack trace:
[12-Feb-2018 23:07:12 UTC] PHP   1. {main}() /home/ubuntu/workspace/isperez/practice/php_arrays.php:0
[12-Feb-2018 23:07:12 UTC] PHP   2. disk_free_space(*uninitialized*) /home/ubuntu/workspace/isperez/practice/php_arrays.php:21
[12-Feb-2018 23:07:37 UTC] PHP Warning:  disk_free_space(): No such file or directory in /home/ubuntu/workspace/isperez/practice/php_arrays.php on line 21
[12-Feb-2018 23:07:38 UTC] PHP Stack trace:
[12-Feb-2018 23:07:38 UTC] PHP   1. {main}() /home/ubuntu/workspace/isperez/practice/php_arrays.php:0
[12-Feb-2018 23:07:38 UTC] PHP   2. disk_free_space(*uninitialized*) /home/ubuntu/workspace/isperez/practice/php_arrays.php:21
[12-Feb-2018 23:07:59 UTC] PHP Warning:  disk_free_space(): No such file or directory in /home/ubuntu/workspace/isperez/practice/php_arrays.php on line 21
[12-Feb-2018 23:08:00 UTC] PHP Stack trace:
[12-Feb-2018 23:08:00 UTC] PHP   1. {main}() /home/ubuntu/workspace/isperez/practice/php_arrays.php:0
[12-Feb-2018 23:08:00 UTC] PHP   2. disk_free_space(*uninitialized*) /home/ubuntu/workspace/isperez/practice/php_arrays.php:21
[12-Feb-2018 23:08:40 UTC] PHP Warning:  disk_free_space(): No such file or directory in /home/ubuntu/workspace/isperez/practice/php_arrays.php on line 22
[12-Feb-2018 23:08:41 UTC] PHP Stack trace:
[12-Feb-2018 23:08:41 UTC] PHP   1. {main}() /home/ubuntu/workspace/isperez/practice/php_arrays.php:0
[12-Feb-2018 23:08:41 UTC] PHP   2. disk_free_space(*uninitialized*) /home/ubuntu/workspace/isperez/practice/php_arrays.php:22
[12-Feb-2018 23:08:47 UTC] PHP Warning:  disk_free_space(): No such file or directory in /home/ubuntu/workspace/isperez/practice/php_arrays.php on line 22
[12-Feb-2018 23:08:47 UTC] PHP Stack trace:
[12-Feb-2018 23:08:47 UTC] PHP   1. {main}() /home/ubuntu/workspace/isperez/practice/php_arrays.php:0
[12-Feb-2018 23:08:47 UTC] PHP   2. disk_free_space(*uninitialized*) /home/ubuntu/workspace/isperez/practice/php_arrays.php:22
[12-Feb-2018 23:08:55 UTC] PHP Warning:  disk_free_space(): No such file or directory in /home/ubuntu/workspace/isperez/practice/php_arrays.php on line 22
[12-Feb-2018 23:08:55 UTC] PHP Stack trace:
[12-Feb-2018 23:08:55 UTC] PHP   1. {main}() /home/ubuntu/workspace/isperez/practice/php_arrays.php:0
[12-Feb-2018 23:08:55 UTC] PHP   2. disk_free_space(*uninitialized*) /home/ubuntu/workspace/isperez/practice/php_arrays.php:22
