[21-Feb-2018 05:24:27 UTC] PHP Warning:  Missing argument 3 for displayHands(), called in /home/ubuntu/workspace/isperez/Homeworks/Homework2/inc/functions.php on line 58 and defined in /home/ubuntu/workspace/isperez/Homeworks/Homework2/inc/functions.php on line 43
[21-Feb-2018 05:24:27 UTC] PHP Stack trace:
[21-Feb-2018 05:24:27 UTC] PHP   1. {main}() /home/ubuntu/workspace/isperez/Homeworks/Homework2/index.php:0
[21-Feb-2018 05:24:27 UTC] PHP   2. drawing() /home/ubuntu/workspace/isperez/Homeworks/Homework2/index.php:24
[21-Feb-2018 05:24:27 UTC] PHP   3. displayHands() /home/ubuntu/workspace/isperez/Homeworks/Homework2/inc/functions.php:58
[21-Feb-2018 05:24:30 UTC] PHP Warning:  Missing argument 3 for displayHands(), called in /home/ubuntu/workspace/isperez/Homeworks/Homework2/inc/functions.php on line 58 and defined in /home/ubuntu/workspace/isperez/Homeworks/Homework2/inc/functions.php on line 43
[21-Feb-2018 05:24:30 UTC] PHP Stack trace:
[21-Feb-2018 05:24:30 UTC] PHP   1. {main}() /home/ubuntu/workspace/isperez/Homeworks/Homework2/index.php:0
[21-Feb-2018 05:24:30 UTC] PHP   2. drawing() /home/ubuntu/workspace/isperez/Homeworks/Homework2/index.php:24
[21-Feb-2018 05:24:30 UTC] PHP   3. displayHands() /home/ubuntu/workspace/isperez/Homeworks/Homework2/inc/functions.php:58
[21-Feb-2018 05:24:34 UTC] PHP Warning:  Missing argument 3 for displayHands(), called in /home/ubuntu/workspace/isperez/Homeworks/Homework2/inc/functions.php on line 58 and defined in /home/ubuntu/workspace/isperez/Homeworks/Homework2/inc/functions.php on line 43
[21-Feb-2018 05:24:34 UTC] PHP Stack trace:
[21-Feb-2018 05:24:34 UTC] PHP   1. {main}() /home/ubuntu/workspace/isperez/Homeworks/Homework2/index.php:0
[21-Feb-2018 05:24:34 UTC] PHP   2. drawing() /home/ubuntu/workspace/isperez/Homeworks/Homework2/index.php:24
[21-Feb-2018 05:24:34 UTC] PHP   3. displayHands() /home/ubuntu/workspace/isperez/Homeworks/Homework2/inc/functions.php:58
[21-Feb-2018 05:24:36 UTC] PHP Warning:  Missing argument 3 for displayHands(), called in /home/ubuntu/workspace/isperez/Homeworks/Homework2/inc/functions.php on line 58 and defined in /home/ubuntu/workspace/isperez/Homeworks/Homework2/inc/functions.php on line 43
[21-Feb-2018 05:24:36 UTC] PHP Stack trace:
[21-Feb-2018 05:24:36 UTC] PHP   1. {main}() /home/ubuntu/workspace/isperez/Homeworks/Homework2/index.php:0
[21-Feb-2018 05:24:36 UTC] PHP   2. drawing() /home/ubuntu/workspace/isperez/Homeworks/Homework2/index.php:24
[21-Feb-2018 05:24:36 UTC] PHP   3. displayHands() /home/ubuntu/workspace/isperez/Homeworks/Homework2/inc/functions.php:58
[21-Feb-2018 05:24:37 UTC] PHP Warning:  Missing argument 3 for displayHands(), called in /home/ubuntu/workspace/isperez/Homeworks/Homework2/inc/functions.php on line 58 and defined in /home/ubuntu/workspace/isperez/Homeworks/Homework2/inc/functions.php on line 43
[21-Feb-2018 05:24:37 UTC] PHP Stack trace:
[21-Feb-2018 05:24:37 UTC] PHP   1. {main}() /home/ubuntu/workspace/isperez/Homeworks/Homework2/index.php:0
[21-Feb-2018 05:24:37 UTC] PHP   2. drawing() /home/ubuntu/workspace/isperez/Homeworks/Homework2/index.php:24
[21-Feb-2018 05:24:37 UTC] PHP   3. displayHands() /home/ubuntu/workspace/isperez/Homeworks/Homework2/inc/functions.php:58
[21-Feb-2018 05:24:39 UTC] PHP Warning:  Missing argument 3 for displayHands(), called in /home/ubuntu/workspace/isperez/Homeworks/Homework2/inc/functions.php on line 58 and defined in /home/ubuntu/workspace/isperez/Homeworks/Homework2/inc/functions.php on line 43
[21-Feb-2018 05:24:39 UTC] PHP Stack trace:
[21-Feb-2018 05:24:39 UTC] PHP   1. {main}() /home/ubuntu/workspace/isperez/Homeworks/Homework2/index.php:0
[21-Feb-2018 05:24:39 UTC] PHP   2. drawing() /home/ubuntu/workspace/isperez/Homeworks/Homework2/index.php:24
[21-Feb-2018 05:24:39 UTC] PHP   3. displayHands() /home/ubuntu/workspace/isperez/Homeworks/Homework2/inc/functions.php:58
[21-Feb-2018 05:24:40 UTC] PHP Warning:  Missing argument 3 for displayHands(), called in /home/ubuntu/workspace/isperez/Homeworks/Homework2/inc/functions.php on line 58 and defined in /home/ubuntu/workspace/isperez/Homeworks/Homework2/inc/functions.php on line 43
[21-Feb-2018 05:24:40 UTC] PHP Stack trace:
[21-Feb-2018 05:24:40 UTC] PHP   1. {main}() /home/ubuntu/workspace/isperez/Homeworks/Homework2/index.php:0
[21-Feb-2018 05:24:40 UTC] PHP   2. drawing() /home/ubuntu/workspace/isperez/Homeworks/Homework2/index.php:24
[21-Feb-2018 05:24:40 UTC] PHP   3. displayHands() /home/ubuntu/workspace/isperez/Homeworks/Homework2/inc/functions.php:58
[21-Feb-2018 05:24:41 UTC] PHP Warning:  Missing argument 3 for displayHands(), called in /home/ubuntu/workspace/isperez/Homeworks/Homework2/inc/functions.php on line 58 and defined in /home/ubuntu/workspace/isperez/Homeworks/Homework2/inc/functions.php on line 43
[21-Feb-2018 05:24:41 UTC] PHP Stack trace:
[21-Feb-2018 05:24:41 UTC] PHP   1. {main}() /home/ubuntu/workspace/isperez/Homeworks/Homework2/index.php:0
[21-Feb-2018 05:24:41 UTC] PHP   2. drawing() /home/ubuntu/workspace/isperez/Homeworks/Homework2/index.php:24
[21-Feb-2018 05:24:41 UTC] PHP   3. displayHands() /home/ubuntu/workspace/isperez/Homeworks/Homework2/inc/functions.php:58
[21-Feb-2018 05:24:42 UTC] PHP Warning:  Missing argument 3 for displayHands(), called in /home/ubuntu/workspace/isperez/Homeworks/Homework2/inc/functions.php on line 58 and defined in /home/ubuntu/workspace/isperez/Homeworks/Homework2/inc/functions.php on line 43
[21-Feb-2018 05:24:42 UTC] PHP Stack trace:
[21-Feb-2018 05:24:42 UTC] PHP   1. {main}() /home/ubuntu/workspace/isperez/Homeworks/Homework2/index.php:0
[21-Feb-2018 05:24:42 UTC] PHP   2. drawing() /home/ubuntu/workspace/isperez/Homeworks/Homework2/index.php:24
[21-Feb-2018 05:24:42 UTC] PHP   3. displayHands() /home/ubuntu/workspace/isperez/Homeworks/Homework2/inc/functions.php:58
[21-Feb-2018 05:24:43 UTC] PHP Warning:  Missing argument 3 for displayHands(), called in /home/ubuntu/workspace/isperez/Homeworks/Homework2/inc/functions.php on line 58 and defined in /home/ubuntu/workspace/isperez/Homeworks/Homework2/inc/functions.php on line 43
[21-Feb-2018 05:24:43 UTC] PHP Stack trace:
[21-Feb-2018 05:24:43 UTC] PHP   1. {main}() /home/ubuntu/workspace/isperez/Homeworks/Homework2/index.php:0
[21-Feb-2018 05:24:43 UTC] PHP   2. drawing() /home/ubuntu/workspace/isperez/Homeworks/Homework2/index.php:24
[21-Feb-2018 05:24:43 UTC] PHP   3. displayHands() /home/ubuntu/workspace/isperez/Homeworks/Homework2/inc/functions.php:58
[21-Feb-2018 05:24:45 UTC] PHP Warning:  Missing argument 3 for displayHands(), called in /home/ubuntu/workspace/isperez/Homeworks/Homework2/inc/functions.php on line 58 and defined in /home/ubuntu/workspace/isperez/Homeworks/Homework2/inc/functions.php on line 43
[21-Feb-2018 05:24:45 UTC] PHP Stack trace:
[21-Feb-2018 05:24:45 UTC] PHP   1. {main}() /home/ubuntu/workspace/isperez/Homeworks/Homework2/index.php:0
[21-Feb-2018 05:24:45 UTC] PHP   2. drawing() /home/ubuntu/workspace/isperez/Homeworks/Homework2/index.php:24
[21-Feb-2018 05:24:45 UTC] PHP   3. displayHands() /home/ubuntu/workspace/isperez/Homeworks/Homework2/inc/functions.php:58
[21-Feb-2018 05:24:46 UTC] PHP Warning:  Missing argument 3 for displayHands(), called in /home/ubuntu/workspace/isperez/Homeworks/Homework2/inc/functions.php on line 58 and defined in /home/ubuntu/workspace/isperez/Homeworks/Homework2/inc/functions.php on line 43
[21-Feb-2018 05:24:46 UTC] PHP Stack trace:
[21-Feb-2018 05:24:46 UTC] PHP   1. {main}() /home/ubuntu/workspace/isperez/Homeworks/Homework2/index.php:0
[21-Feb-2018 05:24:46 UTC] PHP   2. drawing() /home/ubuntu/workspace/isperez/Homeworks/Homework2/index.php:24
[21-Feb-2018 05:24:46 UTC] PHP   3. displayHands() /home/ubuntu/workspace/isperez/Homeworks/Homework2/inc/functions.php:58
[21-Feb-2018 05:24:47 UTC] PHP Warning:  Missing argument 3 for displayHands(), called in /home/ubuntu/workspace/isperez/Homeworks/Homework2/inc/functions.php on line 58 and defined in /home/ubuntu/workspace/isperez/Homeworks/Homework2/inc/functions.php on line 43
[21-Feb-2018 05:24:47 UTC] PHP Stack trace:
[21-Feb-2018 05:24:47 UTC] PHP   1. {main}() /home/ubuntu/workspace/isperez/Homeworks/Homework2/index.php:0
[21-Feb-2018 05:24:47 UTC] PHP   2. drawing() /home/ubuntu/workspace/isperez/Homeworks/Homework2/index.php:24
[21-Feb-2018 05:24:47 UTC] PHP   3. displayHands() /home/ubuntu/workspace/isperez/Homeworks/Homework2/inc/functions.php:58
[21-Feb-2018 05:24:48 UTC] PHP Warning:  Missing argument 3 for displayHands(), called in /home/ubuntu/workspace/isperez/Homeworks/Homework2/inc/functions.php on line 58 and defined in /home/ubuntu/workspace/isperez/Homeworks/Homework2/inc/functions.php on line 43
[21-Feb-2018 05:24:48 UTC] PHP Stack trace:
[21-Feb-2018 05:24:48 UTC] PHP   1. {main}() /home/ubuntu/workspace/isperez/Homeworks/Homework2/index.php:0
[21-Feb-2018 05:24:48 UTC] PHP   2. drawing() /home/ubuntu/workspace/isperez/Homeworks/Homework2/index.php:24
[21-Feb-2018 05:24:48 UTC] PHP   3. displayHands() /home/ubuntu/workspace/isperez/Homeworks/Homework2/inc/functions.php:58
[21-Feb-2018 05:24:48 UTC] PHP Warning:  Missing argument 3 for displayHands(), called in /home/ubuntu/workspace/isperez/Homeworks/Homework2/inc/functions.php on line 58 and defined in /home/ubuntu/workspace/isperez/Homeworks/Homework2/inc/functions.php on line 43
[21-Feb-2018 05:24:48 UTC] PHP Stack trace:
[21-Feb-2018 05:24:48 UTC] PHP   1. {main}() /home/ubuntu/workspace/isperez/Homeworks/Homework2/index.php:0
[21-Feb-2018 05:24:48 UTC] PHP   2. drawing() /home/ubuntu/workspace/isperez/Homeworks/Homework2/index.php:24
[21-Feb-2018 05:24:48 UTC] PHP   3. displayHands() /home/ubuntu/workspace/isperez/Homeworks/Homework2/inc/functions.php:58
[21-Feb-2018 05:24:49 UTC] PHP Warning:  Missing argument 3 for displayHands(), called in /home/ubuntu/workspace/isperez/Homeworks/Homework2/inc/functions.php on line 58 and defined in /home/ubuntu/workspace/isperez/Homeworks/Homework2/inc/functions.php on line 43
[21-Feb-2018 05:24:49 UTC] PHP Stack trace:
[21-Feb-2018 05:24:49 UTC] PHP   1. {main}() /home/ubuntu/workspace/isperez/Homeworks/Homework2/index.php:0
[21-Feb-2018 05:24:49 UTC] PHP   2. drawing() /home/ubuntu/workspace/isperez/Homeworks/Homework2/index.php:24
[21-Feb-2018 05:24:49 UTC] PHP   3. displayHands() /home/ubuntu/workspace/isperez/Homeworks/Homework2/inc/functions.php:58
[21-Feb-2018 05:24:50 UTC] PHP Warning:  Missing argument 3 for displayHands(), called in /home/ubuntu/workspace/isperez/Homeworks/Homework2/inc/functions.php on line 58 and defined in /home/ubuntu/workspace/isperez/Homeworks/Homework2/inc/functions.php on line 43
[21-Feb-2018 05:24:50 UTC] PHP Stack trace:
[21-Feb-2018 05:24:50 UTC] PHP   1. {main}() /home/ubuntu/workspace/isperez/Homeworks/Homework2/index.php:0
[21-Feb-2018 05:24:50 UTC] PHP   2. drawing() /home/ubuntu/workspace/isperez/Homeworks/Homework2/index.php:24
[21-Feb-2018 05:24:50 UTC] PHP   3. displayHands() /home/ubuntu/workspace/isperez/Homeworks/Homework2/inc/functions.php:58
[21-Feb-2018 05:24:52 UTC] PHP Warning:  Missing argument 3 for displayHands(), called in /home/ubuntu/workspace/isperez/Homeworks/Homework2/inc/functions.php on line 58 and defined in /home/ubuntu/workspace/isperez/Homeworks/Homework2/inc/functions.php on line 43
[21-Feb-2018 05:24:52 UTC] PHP Stack trace:
[21-Feb-2018 05:24:52 UTC] PHP   1. {main}() /home/ubuntu/workspace/isperez/Homeworks/Homework2/index.php:0
[21-Feb-2018 05:24:52 UTC] PHP   2. drawing() /home/ubuntu/workspace/isperez/Homeworks/Homework2/index.php:24
[21-Feb-2018 05:24:52 UTC] PHP   3. displayHands() /home/ubuntu/workspace/isperez/Homeworks/Homework2/inc/functions.php:58
[21-Feb-2018 05:24:53 UTC] PHP Warning:  Missing argument 3 for displayHands(), called in /home/ubuntu/workspace/isperez/Homeworks/Homework2/inc/functions.php on line 58 and defined in /home/ubuntu/workspace/isperez/Homeworks/Homework2/inc/functions.php on line 43
[21-Feb-2018 05:24:53 UTC] PHP Stack trace:
[21-Feb-2018 05:24:53 UTC] PHP   1. {main}() /home/ubuntu/workspace/isperez/Homeworks/Homework2/index.php:0
[21-Feb-2018 05:24:53 UTC] PHP   2. drawing() /home/ubuntu/workspace/isperez/Homeworks/Homework2/index.php:24
[21-Feb-2018 05:24:53 UTC] PHP   3. displayHands() /home/ubuntu/workspace/isperez/Homeworks/Homework2/inc/functions.php:58
[21-Feb-2018 05:25:03 UTC] PHP Warning:  Missing argument 3 for displayHands(), called in /home/ubuntu/workspace/isperez/Homeworks/Homework2/inc/functions.php on line 58 and defined in /home/ubuntu/workspace/isperez/Homeworks/Homework2/inc/functions.php on line 43
[21-Feb-2018 05:25:03 UTC] PHP Stack trace:
[21-Feb-2018 05:25:03 UTC] PHP   1. {main}() /home/ubuntu/workspace/isperez/Homeworks/Homework2/index.php:0
[21-Feb-2018 05:25:03 UTC] PHP   2. drawing() /home/ubuntu/workspace/isperez/Homeworks/Homework2/index.php:24
[21-Feb-2018 05:25:03 UTC] PHP   3. displayHands() /home/ubuntu/workspace/isperez/Homeworks/Homework2/inc/functions.php:58
[21-Feb-2018 05:25:05 UTC] PHP Warning:  Missing argument 3 for displayHands(), called in /home/ubuntu/workspace/isperez/Homeworks/Homework2/inc/functions.php on line 58 and defined in /home/ubuntu/workspace/isperez/Homeworks/Homework2/inc/functions.php on line 43
[21-Feb-2018 05:25:05 UTC] PHP Stack trace:
[21-Feb-2018 05:25:05 UTC] PHP   1. {main}() /home/ubuntu/workspace/isperez/Homeworks/Homework2/index.php:0
[21-Feb-2018 05:25:05 UTC] PHP   2. drawing() /home/ubuntu/workspace/isperez/Homeworks/Homework2/index.php:24
[21-Feb-2018 05:25:05 UTC] PHP   3. displayHands() /home/ubuntu/workspace/isperez/Homeworks/Homework2/inc/functions.php:58
[21-Feb-2018 05:25:07 UTC] PHP Warning:  Missing argument 3 for displayHands(), called in /home/ubuntu/workspace/isperez/Homeworks/Homework2/inc/functions.php on line 58 and defined in /home/ubuntu/workspace/isperez/Homeworks/Homework2/inc/functions.php on line 43
[21-Feb-2018 05:25:07 UTC] PHP Stack trace:
[21-Feb-2018 05:25:07 UTC] PHP   1. {main}() /home/ubuntu/workspace/isperez/Homeworks/Homework2/index.php:0
[21-Feb-2018 05:25:07 UTC] PHP   2. drawing() /home/ubuntu/workspace/isperez/Homeworks/Homework2/index.php:24
[21-Feb-2018 05:25:07 UTC] PHP   3. displayHands() /home/ubuntu/workspace/isperez/Homeworks/Homework2/inc/functions.php:58
[21-Feb-2018 05:25:08 UTC] PHP Warning:  Missing argument 3 for displayHands(), called in /home/ubuntu/workspace/isperez/Homeworks/Homework2/inc/functions.php on line 58 and defined in /home/ubuntu/workspace/isperez/Homeworks/Homework2/inc/functions.php on line 43
[21-Feb-2018 05:25:08 UTC] PHP Stack trace:
[21-Feb-2018 05:25:08 UTC] PHP   1. {main}() /home/ubuntu/workspace/isperez/Homeworks/Homework2/index.php:0
[21-Feb-2018 05:25:08 UTC] PHP   2. drawing() /home/ubuntu/workspace/isperez/Homeworks/Homework2/index.php:24
[21-Feb-2018 05:25:08 UTC] PHP   3. displayHands() /home/ubuntu/workspace/isperez/Homeworks/Homework2/inc/functions.php:58
[21-Feb-2018 05:25:09 UTC] PHP Warning:  Missing argument 3 for displayHands(), called in /home/ubuntu/workspace/isperez/Homeworks/Homework2/inc/functions.php on line 58 and defined in /home/ubuntu/workspace/isperez/Homeworks/Homework2/inc/functions.php on line 43
[21-Feb-2018 05:25:09 UTC] PHP Stack trace:
[21-Feb-2018 05:25:09 UTC] PHP   1. {main}() /home/ubuntu/workspace/isperez/Homeworks/Homework2/index.php:0
[21-Feb-2018 05:25:09 UTC] PHP   2. drawing() /home/ubuntu/workspace/isperez/Homeworks/Homework2/index.php:24
[21-Feb-2018 05:25:09 UTC] PHP   3. displayHands() /home/ubuntu/workspace/isperez/Homeworks/Homework2/inc/functions.php:58
[21-Feb-2018 05:25:10 UTC] PHP Warning:  Missing argument 3 for displayHands(), called in /home/ubuntu/workspace/isperez/Homeworks/Homework2/inc/functions.php on line 58 and defined in /home/ubuntu/workspace/isperez/Homeworks/Homework2/inc/functions.php on line 43
[21-Feb-2018 05:25:10 UTC] PHP Stack trace:
[21-Feb-2018 05:25:10 UTC] PHP   1. {main}() /home/ubuntu/workspace/isperez/Homeworks/Homework2/index.php:0
[21-Feb-2018 05:25:10 UTC] PHP   2. drawing() /home/ubuntu/workspace/isperez/Homeworks/Homework2/index.php:24
[21-Feb-2018 05:25:10 UTC] PHP   3. displayHands() /home/ubuntu/workspace/isperez/Homeworks/Homework2/inc/functions.php:58
[21-Feb-2018 05:25:11 UTC] PHP Warning:  Missing argument 3 for displayHands(), called in /home/ubuntu/workspace/isperez/Homeworks/Homework2/inc/functions.php on line 58 and defined in /home/ubuntu/workspace/isperez/Homeworks/Homework2/inc/functions.php on line 43
[21-Feb-2018 05:25:11 UTC] PHP Stack trace:
[21-Feb-2018 05:25:11 UTC] PHP   1. {main}() /home/ubuntu/workspace/isperez/Homeworks/Homework2/index.php:0
[21-Feb-2018 05:25:11 UTC] PHP   2. drawing() /home/ubuntu/workspace/isperez/Homeworks/Homework2/index.php:24
[21-Feb-2018 05:25:11 UTC] PHP   3. displayHands() /home/ubuntu/workspace/isperez/Homeworks/Homework2/inc/functions.php:58
[21-Feb-2018 05:25:12 UTC] PHP Warning:  Missing argument 3 for displayHands(), called in /home/ubuntu/workspace/isperez/Homeworks/Homework2/inc/functions.php on line 58 and defined in /home/ubuntu/workspace/isperez/Homeworks/Homework2/inc/functions.php on line 43
[21-Feb-2018 05:25:12 UTC] PHP Stack trace:
[21-Feb-2018 05:25:12 UTC] PHP   1. {main}() /home/ubuntu/workspace/isperez/Homeworks/Homework2/index.php:0
[21-Feb-2018 05:25:12 UTC] PHP   2. drawing() /home/ubuntu/workspace/isperez/Homeworks/Homework2/index.php:24
[21-Feb-2018 05:25:12 UTC] PHP   3. displayHands() /home/ubuntu/workspace/isperez/Homeworks/Homework2/inc/functions.php:58
[21-Feb-2018 06:20:52 UTC] PHP Warning:  Missing argument 1 for handSigns(), called in /home/ubuntu/workspace/isperez/Homeworks/Homework2/index.php on line 25 and defined in /home/ubuntu/workspace/isperez/Homeworks/Homework2/inc/functions.php on line 30
[21-Feb-2018 06:20:52 UTC] PHP Stack trace:
[21-Feb-2018 06:20:52 UTC] PHP   1. {main}() /home/ubuntu/workspace/isperez/Homeworks/Homework2/index.php:0
[21-Feb-2018 06:20:52 UTC] PHP   2. handSigns() /home/ubuntu/workspace/isperez/Homeworks/Homework2/index.php:25
[21-Feb-2018 06:21:05 UTC] PHP Warning:  Missing argument 1 for handSigns(), called in /home/ubuntu/workspace/isperez/Homeworks/Homework2/index.php on line 25 and defined in /home/ubuntu/workspace/isperez/Homeworks/Homework2/inc/functions.php on line 30
[21-Feb-2018 06:21:05 UTC] PHP Stack trace:
[21-Feb-2018 06:21:05 UTC] PHP   1. {main}() /home/ubuntu/workspace/isperez/Homeworks/Homework2/index.php:0
[21-Feb-2018 06:21:05 UTC] PHP   2. handSigns() /home/ubuntu/workspace/isperez/Homeworks/Homework2/index.php:25
[21-Feb-2018 06:21:07 UTC] PHP Warning:  Missing argument 1 for handSigns(), called in /home/ubuntu/workspace/isperez/Homeworks/Homework2/index.php on line 25 and defined in /home/ubuntu/workspace/isperez/Homeworks/Homework2/inc/functions.php on line 30
[21-Feb-2018 06:21:07 UTC] PHP Stack trace:
[21-Feb-2018 06:21:07 UTC] PHP   1. {main}() /home/ubuntu/workspace/isperez/Homeworks/Homework2/index.php:0
[21-Feb-2018 06:21:07 UTC] PHP   2. handSigns() /home/ubuntu/workspace/isperez/Homeworks/Homework2/index.php:25
[21-Feb-2018 06:21:11 UTC] PHP Warning:  Missing argument 1 for handSigns(), called in /home/ubuntu/workspace/isperez/Homeworks/Homework2/index.php on line 25 and defined in /home/ubuntu/workspace/isperez/Homeworks/Homework2/inc/functions.php on line 30
[21-Feb-2018 06:21:11 UTC] PHP Stack trace:
[21-Feb-2018 06:21:11 UTC] PHP   1. {main}() /home/ubuntu/workspace/isperez/Homeworks/Homework2/index.php:0
[21-Feb-2018 06:21:11 UTC] PHP   2. handSigns() /home/ubuntu/workspace/isperez/Homeworks/Homework2/index.php:25
[21-Feb-2018 06:21:12 UTC] PHP Warning:  Missing argument 1 for handSigns(), called in /home/ubuntu/workspace/isperez/Homeworks/Homework2/index.php on line 25 and defined in /home/ubuntu/workspace/isperez/Homeworks/Homework2/inc/functions.php on line 30
[21-Feb-2018 06:21:12 UTC] PHP Stack trace:
[21-Feb-2018 06:21:12 UTC] PHP   1. {main}() /home/ubuntu/workspace/isperez/Homeworks/Homework2/index.php:0
[21-Feb-2018 06:21:12 UTC] PHP   2. handSigns() /home/ubuntu/workspace/isperez/Homeworks/Homework2/index.php:25
[21-Feb-2018 06:21:49 UTC] PHP Warning:  Missing argument 1 for handSigns(), called in /home/ubuntu/workspace/isperez/Homeworks/Homework2/index.php on line 25 and defined in /home/ubuntu/workspace/isperez/Homeworks/Homework2/inc/functions.php on line 30
[21-Feb-2018 06:21:49 UTC] PHP Stack trace:
[21-Feb-2018 06:21:49 UTC] PHP   1. {main}() /home/ubuntu/workspace/isperez/Homeworks/Homework2/index.php:0
[21-Feb-2018 06:21:49 UTC] PHP   2. handSigns() /home/ubuntu/workspace/isperez/Homeworks/Homework2/index.php:25
[21-Feb-2018 06:21:49 UTC] PHP Warning:  Missing argument 2 for handSigns(), called in /home/ubuntu/workspace/isperez/Homeworks/Homework2/index.php on line 25 and defined in /home/ubuntu/workspace/isperez/Homeworks/Homework2/inc/functions.php on line 30
[21-Feb-2018 06:21:49 UTC] PHP Stack trace:
[21-Feb-2018 06:21:49 UTC] PHP   1. {main}() /home/ubuntu/workspace/isperez/Homeworks/Homework2/index.php:0
[21-Feb-2018 06:21:49 UTC] PHP   2. handSigns() /home/ubuntu/workspace/isperez/Homeworks/Homework2/index.php:25
[21-Feb-2018 06:21:51 UTC] PHP Warning:  Missing argument 1 for handSigns(), called in /home/ubuntu/workspace/isperez/Homeworks/Homework2/index.php on line 25 and defined in /home/ubuntu/workspace/isperez/Homeworks/Homework2/inc/functions.php on line 30
[21-Feb-2018 06:21:51 UTC] PHP Stack trace:
[21-Feb-2018 06:21:51 UTC] PHP   1. {main}() /home/ubuntu/workspace/isperez/Homeworks/Homework2/index.php:0
[21-Feb-2018 06:21:51 UTC] PHP   2. handSigns() /home/ubuntu/workspace/isperez/Homeworks/Homework2/index.php:25
[21-Feb-2018 06:21:51 UTC] PHP Warning:  Missing argument 2 for handSigns(), called in /home/ubuntu/workspace/isperez/Homeworks/Homework2/index.php on line 25 and defined in /home/ubuntu/workspace/isperez/Homeworks/Homework2/inc/functions.php on line 30
[21-Feb-2018 06:21:51 UTC] PHP Stack trace:
[21-Feb-2018 06:21:51 UTC] PHP   1. {main}() /home/ubuntu/workspace/isperez/Homeworks/Homework2/index.php:0
[21-Feb-2018 06:21:51 UTC] PHP   2. handSigns() /home/ubuntu/workspace/isperez/Homeworks/Homework2/index.php:25
[21-Feb-2018 06:22:22 UTC] PHP Parse error:  syntax error, unexpected ',' in /home/ubuntu/workspace/isperez/Homeworks/Homework2/inc/functions.php on line 31
[21-Feb-2018 06:22:22 UTC] PHP Stack trace:
[21-Feb-2018 06:22:22 UTC] PHP   1. {main}() /home/ubuntu/workspace/isperez/Homeworks/Homework2/index.php:0
[21-Feb-2018 06:22:32 UTC] PHP Parse error:  syntax error, unexpected ',' in /home/ubuntu/workspace/isperez/Homeworks/Homework2/inc/functions.php on line 31
[21-Feb-2018 06:22:32 UTC] PHP Stack trace:
[21-Feb-2018 06:22:32 UTC] PHP   1. {main}() /home/ubuntu/workspace/isperez/Homeworks/Homework2/index.php:0
[21-Feb-2018 06:22:40 UTC] PHP Parse error:  syntax error, unexpected ',' in /home/ubuntu/workspace/isperez/Homeworks/Homework2/inc/functions.php on line 31
[21-Feb-2018 06:22:40 UTC] PHP Stack trace:
[21-Feb-2018 06:22:40 UTC] PHP   1. {main}() /home/ubuntu/workspace/isperez/Homeworks/Homework2/index.php:0
[21-Feb-2018 06:22:46 UTC] PHP Warning:  Missing argument 1 for handSigns(), called in /home/ubuntu/workspace/isperez/Homeworks/Homework2/index.php on line 25 and defined in /home/ubuntu/workspace/isperez/Homeworks/Homework2/inc/functions.php on line 30
[21-Feb-2018 06:22:46 UTC] PHP Stack trace:
[21-Feb-2018 06:22:46 UTC] PHP   1. {main}() /home/ubuntu/workspace/isperez/Homeworks/Homework2/index.php:0
[21-Feb-2018 06:22:46 UTC] PHP   2. handSigns() /home/ubuntu/workspace/isperez/Homeworks/Homework2/index.php:25
[21-Feb-2018 06:23:28 UTC] PHP Warning:  Missing argument 1 for handSigns(), called in /home/ubuntu/workspace/isperez/Homeworks/Homework2/index.php on line 25 and defined in /home/ubuntu/workspace/isperez/Homeworks/Homework2/inc/functions.php on line 30
[21-Feb-2018 06:23:28 UTC] PHP Stack trace:
[21-Feb-2018 06:23:28 UTC] PHP   1. {main}() /home/ubuntu/workspace/isperez/Homeworks/Homework2/index.php:0
[21-Feb-2018 06:23:28 UTC] PHP   2. handSigns() /home/ubuntu/workspace/isperez/Homeworks/Homework2/index.php:25
[21-Feb-2018 06:23:28 UTC] PHP Warning:  Missing argument 2 for handSigns(), called in /home/ubuntu/workspace/isperez/Homeworks/Homework2/index.php on line 25 and defined in /home/ubuntu/workspace/isperez/Homeworks/Homework2/inc/functions.php on line 30
[21-Feb-2018 06:23:28 UTC] PHP Stack trace:
[21-Feb-2018 06:23:28 UTC] PHP   1. {main}() /home/ubuntu/workspace/isperez/Homeworks/Homework2/index.php:0
[21-Feb-2018 06:23:28 UTC] PHP   2. handSigns() /home/ubuntu/workspace/isperez/Homeworks/Homework2/index.php:25
[21-Feb-2018 06:23:45 UTC] PHP Warning:  Missing argument 1 for handSigns(), called in /home/ubuntu/workspace/isperez/Homeworks/Homework2/index.php on line 25 and defined in /home/ubuntu/workspace/isperez/Homeworks/Homework2/inc/functions.php on line 30
[21-Feb-2018 06:23:45 UTC] PHP Stack trace:
[21-Feb-2018 06:23:45 UTC] PHP   1. {main}() /home/ubuntu/workspace/isperez/Homeworks/Homework2/index.php:0
[21-Feb-2018 06:23:45 UTC] PHP   2. handSigns() /home/ubuntu/workspace/isperez/Homeworks/Homework2/index.php:25
[21-Feb-2018 06:23:45 UTC] PHP Warning:  Missing argument 2 for handSigns(), called in /home/ubuntu/workspace/isperez/Homeworks/Homework2/index.php on line 25 and defined in /home/ubuntu/workspace/isperez/Homeworks/Homework2/inc/functions.php on line 30
[21-Feb-2018 06:23:45 UTC] PHP Stack trace:
[21-Feb-2018 06:23:45 UTC] PHP   1. {main}() /home/ubuntu/workspace/isperez/Homeworks/Homework2/index.php:0
[21-Feb-2018 06:23:45 UTC] PHP   2. handSigns() /home/ubuntu/workspace/isperez/Homeworks/Homework2/index.php:25
[21-Feb-2018 06:24:09 UTC] PHP Warning:  Missing argument 1 for handSigns(), called in /home/ubuntu/workspace/isperez/Homeworks/Homework2/index.php on line 25 and defined in /home/ubuntu/workspace/isperez/Homeworks/Homework2/inc/functions.php on line 30
[21-Feb-2018 06:24:09 UTC] PHP Stack trace:
[21-Feb-2018 06:24:09 UTC] PHP   1. {main}() /home/ubuntu/workspace/isperez/Homeworks/Homework2/index.php:0
[21-Feb-2018 06:24:09 UTC] PHP   2. handSigns() /home/ubuntu/workspace/isperez/Homeworks/Homework2/index.php:25
[21-Feb-2018 06:24:11 UTC] PHP Warning:  Missing argument 1 for handSigns(), called in /home/ubuntu/workspace/isperez/Homeworks/Homework2/index.php on line 25 and defined in /home/ubuntu/workspace/isperez/Homeworks/Homework2/inc/functions.php on line 30
[21-Feb-2018 06:24:11 UTC] PHP Stack trace:
[21-Feb-2018 06:24:11 UTC] PHP   1. {main}() /home/ubuntu/workspace/isperez/Homeworks/Homework2/index.php:0
[21-Feb-2018 06:24:11 UTC] PHP   2. handSigns() /home/ubuntu/workspace/isperez/Homeworks/Homework2/index.php:25
[21-Feb-2018 06:24:24 UTC] PHP Warning:  Missing argument 1 for displayHands(), called in /home/ubuntu/workspace/isperez/Homeworks/Homework2/index.php on line 26 and defined in /home/ubuntu/workspace/isperez/Homeworks/Homework2/inc/functions.php on line 43
[21-Feb-2018 06:24:24 UTC] PHP Stack trace:
[21-Feb-2018 06:24:24 UTC] PHP   1. {main}() /home/ubuntu/workspace/isperez/Homeworks/Homework2/index.php:0
[21-Feb-2018 06:24:24 UTC] PHP   2. displayHands() /home/ubuntu/workspace/isperez/Homeworks/Homework2/index.php:26
[21-Feb-2018 06:24:24 UTC] PHP Warning:  Missing argument 2 for displayHands(), called in /home/ubuntu/workspace/isperez/Homeworks/Homework2/index.php on line 26 and defined in /home/ubuntu/workspace/isperez/Homeworks/Homework2/inc/functions.php on line 43
[21-Feb-2018 06:24:24 UTC] PHP Stack trace:
[21-Feb-2018 06:24:24 UTC] PHP   1. {main}() /home/ubuntu/workspace/isperez/Homeworks/Homework2/index.php:0
[21-Feb-2018 06:24:24 UTC] PHP   2. displayHands() /home/ubuntu/workspace/isperez/Homeworks/Homework2/index.php:26
[21-Feb-2018 06:24:24 UTC] PHP Warning:  Missing argument 3 for displayHands(), called in /home/ubuntu/workspace/isperez/Homeworks/Homework2/index.php on line 26 and defined in /home/ubuntu/workspace/isperez/Homeworks/Homework2/inc/functions.php on line 43
[21-Feb-2018 06:24:24 UTC] PHP Stack trace:
[21-Feb-2018 06:24:24 UTC] PHP   1. {main}() /home/ubuntu/workspace/isperez/Homeworks/Homework2/index.php:0
[21-Feb-2018 06:24:24 UTC] PHP   2. displayHands() /home/ubuntu/workspace/isperez/Homeworks/Homework2/index.php:26
[21-Feb-2018 06:24:35 UTC] PHP Warning:  Missing argument 1 for handSigns(), called in /home/ubuntu/workspace/isperez/Homeworks/Homework2/index.php on line 25 and defined in /home/ubuntu/workspace/isperez/Homeworks/Homework2/inc/functions.php on line 30
[21-Feb-2018 06:24:35 UTC] PHP Stack trace:
[21-Feb-2018 06:24:35 UTC] PHP   1. {main}() /home/ubuntu/workspace/isperez/Homeworks/Homework2/index.php:0
[21-Feb-2018 06:24:35 UTC] PHP   2. handSigns() /home/ubuntu/workspace/isperez/Homeworks/Homework2/index.php:25
[21-Feb-2018 06:24:35 UTC] PHP Warning:  Missing argument 1 for displayHands(), called in /home/ubuntu/workspace/isperez/Homeworks/Homework2/index.php on line 26 and defined in /home/ubuntu/workspace/isperez/Homeworks/Homework2/inc/functions.php on line 43
[21-Feb-2018 06:24:35 UTC] PHP Stack trace:
[21-Feb-2018 06:24:35 UTC] PHP   1. {main}() /home/ubuntu/workspace/isperez/Homeworks/Homework2/index.php:0
[21-Feb-2018 06:24:35 UTC] PHP   2. displayHands() /home/ubuntu/workspace/isperez/Homeworks/Homework2/index.php:26
[21-Feb-2018 06:24:35 UTC] PHP Warning:  Missing argument 2 for displayHands(), called in /home/ubuntu/workspace/isperez/Homeworks/Homework2/index.php on line 26 and defined in /home/ubuntu/workspace/isperez/Homeworks/Homework2/inc/functions.php on line 43
[21-Feb-2018 06:24:35 UTC] PHP Stack trace:
[21-Feb-2018 06:24:35 UTC] PHP   1. {main}() /home/ubuntu/workspace/isperez/Homeworks/Homework2/index.php:0
[21-Feb-2018 06:24:35 UTC] PHP   2. displayHands() /home/ubuntu/workspace/isperez/Homeworks/Homework2/index.php:26
[21-Feb-2018 06:24:35 UTC] PHP Warning:  Missing argument 3 for displayHands(), called in /home/ubuntu/workspace/isperez/Homeworks/Homework2/index.php on line 26 and defined in /home/ubuntu/workspace/isperez/Homeworks/Homework2/inc/functions.php on line 43
[21-Feb-2018 06:24:35 UTC] PHP Stack trace:
[21-Feb-2018 06:24:35 UTC] PHP   1. {main}() /home/ubuntu/workspace/isperez/Homeworks/Homework2/index.php:0
[21-Feb-2018 06:24:35 UTC] PHP   2. displayHands() /home/ubuntu/workspace/isperez/Homeworks/Homework2/index.php:26
[21-Feb-2018 06:24:37 UTC] PHP Warning:  Missing argument 1 for handSigns(), called in /home/ubuntu/workspace/isperez/Homeworks/Homework2/index.php on line 25 and defined in /home/ubuntu/workspace/isperez/Homeworks/Homework2/inc/functions.php on line 30
[21-Feb-2018 06:24:37 UTC] PHP Stack trace:
[21-Feb-2018 06:24:37 UTC] PHP   1. {main}() /home/ubuntu/workspace/isperez/Homeworks/Homework2/index.php:0
[21-Feb-2018 06:24:37 UTC] PHP   2. handSigns() /home/ubuntu/workspace/isperez/Homeworks/Homework2/index.php:25
[21-Feb-2018 06:24:37 UTC] PHP Warning:  Missing argument 1 for displayHands(), called in /home/ubuntu/workspace/isperez/Homeworks/Homework2/index.php on line 26 and defined in /home/ubuntu/workspace/isperez/Homeworks/Homework2/inc/functions.php on line 43
[21-Feb-2018 06:24:37 UTC] PHP Stack trace:
[21-Feb-2018 06:24:37 UTC] PHP   1. {main}() /home/ubuntu/workspace/isperez/Homeworks/Homework2/index.php:0
[21-Feb-2018 06:24:37 UTC] PHP   2. displayHands() /home/ubuntu/workspace/isperez/Homeworks/Homework2/index.php:26
[21-Feb-2018 06:24:37 UTC] PHP Warning:  Missing argument 2 for displayHands(), called in /home/ubuntu/workspace/isperez/Homeworks/Homework2/index.php on line 26 and defined in /home/ubuntu/workspace/isperez/Homeworks/Homework2/inc/functions.php on line 43
[21-Feb-2018 06:24:37 UTC] PHP Stack trace:
[21-Feb-2018 06:24:37 UTC] PHP   1. {main}() /home/ubuntu/workspace/isperez/Homeworks/Homework2/index.php:0
[21-Feb-2018 06:24:37 UTC] PHP   2. displayHands() /home/ubuntu/workspace/isperez/Homeworks/Homework2/index.php:26
[21-Feb-2018 06:24:37 UTC] PHP Warning:  Missing argument 3 for displayHands(), called in /home/ubuntu/workspace/isperez/Homeworks/Homework2/index.php on line 26 and defined in /home/ubuntu/workspace/isperez/Homeworks/Homework2/inc/functions.php on line 43
[21-Feb-2018 06:24:37 UTC] PHP Stack trace:
[21-Feb-2018 06:24:37 UTC] PHP   1. {main}() /home/ubuntu/workspace/isperez/Homeworks/Homework2/index.php:0
[21-Feb-2018 06:24:37 UTC] PHP   2. displayHands() /home/ubuntu/workspace/isperez/Homeworks/Homework2/index.php:26
[21-Feb-2018 06:24:38 UTC] PHP Warning:  Missing argument 1 for handSigns(), called in /home/ubuntu/workspace/isperez/Homeworks/Homework2/index.php on line 25 and defined in /home/ubuntu/workspace/isperez/Homeworks/Homework2/inc/functions.php on line 30
[21-Feb-2018 06:24:38 UTC] PHP Stack trace:
[21-Feb-2018 06:24:38 UTC] PHP   1. {main}() /home/ubuntu/workspace/isperez/Homeworks/Homework2/index.php:0
[21-Feb-2018 06:24:38 UTC] PHP   2. handSigns() /home/ubuntu/workspace/isperez/Homeworks/Homework2/index.php:25
[21-Feb-2018 06:24:38 UTC] PHP Warning:  Missing argument 1 for displayHands(), called in /home/ubuntu/workspace/isperez/Homeworks/Homework2/index.php on line 26 and defined in /home/ubuntu/workspace/isperez/Homeworks/Homework2/inc/functions.php on line 43
[21-Feb-2018 06:24:38 UTC] PHP Stack trace:
[21-Feb-2018 06:24:38 UTC] PHP   1. {main}() /home/ubuntu/workspace/isperez/Homeworks/Homework2/index.php:0
[21-Feb-2018 06:24:38 UTC] PHP   2. displayHands() /home/ubuntu/workspace/isperez/Homeworks/Homework2/index.php:26
[21-Feb-2018 06:24:38 UTC] PHP Warning:  Missing argument 2 for displayHands(), called in /home/ubuntu/workspace/isperez/Homeworks/Homework2/index.php on line 26 and defined in /home/ubuntu/workspace/isperez/Homeworks/Homework2/inc/functions.php on line 43
[21-Feb-2018 06:24:38 UTC] PHP Stack trace:
[21-Feb-2018 06:24:38 UTC] PHP   1. {main}() /home/ubuntu/workspace/isperez/Homeworks/Homework2/index.php:0
[21-Feb-2018 06:24:38 UTC] PHP   2. displayHands() /home/ubuntu/workspace/isperez/Homeworks/Homework2/index.php:26
[21-Feb-2018 06:24:38 UTC] PHP Warning:  Missing argument 3 for displayHands(), called in /home/ubuntu/workspace/isperez/Homeworks/Homework2/index.php on line 26 and defined in /home/ubuntu/workspace/isperez/Homeworks/Homework2/inc/functions.php on line 43
[21-Feb-2018 06:24:38 UTC] PHP Stack trace:
[21-Feb-2018 06:24:38 UTC] PHP   1. {main}() /home/ubuntu/workspace/isperez/Homeworks/Homework2/index.php:0
[21-Feb-2018 06:24:38 UTC] PHP   2. displayHands() /home/ubuntu/workspace/isperez/Homeworks/Homework2/index.php:26
[21-Feb-2018 06:28:13 UTC] PHP Warning:  Missing argument 1 for handSigns(), called in /home/ubuntu/workspace/isperez/Homeworks/Homework2/index.php on line 25 and defined in /home/ubuntu/workspace/isperez/Homeworks/Homework2/inc/functions.php on line 30
[21-Feb-2018 06:28:13 UTC] PHP Stack trace:
[21-Feb-2018 06:28:13 UTC] PHP   1. {main}() /home/ubuntu/workspace/isperez/Homeworks/Homework2/index.php:0
[21-Feb-2018 06:28:13 UTC] PHP   2. handSigns() /home/ubuntu/workspace/isperez/Homeworks/Homework2/index.php:25
[21-Feb-2018 06:28:13 UTC] PHP Warning:  Missing argument 1 for displayHands(), called in /home/ubuntu/workspace/isperez/Homeworks/Homework2/index.php on line 26 and defined in /home/ubuntu/workspace/isperez/Homeworks/Homework2/inc/functions.php on line 43
[21-Feb-2018 06:28:13 UTC] PHP Stack trace:
[21-Feb-2018 06:28:13 UTC] PHP   1. {main}() /home/ubuntu/workspace/isperez/Homeworks/Homework2/index.php:0
[21-Feb-2018 06:28:13 UTC] PHP   2. displayHands() /home/ubuntu/workspace/isperez/Homeworks/Homework2/index.php:26
[21-Feb-2018 06:28:13 UTC] PHP Warning:  Missing argument 2 for displayHands(), called in /home/ubuntu/workspace/isperez/Homeworks/Homework2/index.php on line 26 and defined in /home/ubuntu/workspace/isperez/Homeworks/Homework2/inc/functions.php on line 43
[21-Feb-2018 06:28:13 UTC] PHP Stack trace:
[21-Feb-2018 06:28:13 UTC] PHP   1. {main}() /home/ubuntu/workspace/isperez/Homeworks/Homework2/index.php:0
[21-Feb-2018 06:28:13 UTC] PHP   2. displayHands() /home/ubuntu/workspace/isperez/Homeworks/Homework2/index.php:26
[21-Feb-2018 06:28:13 UTC] PHP Warning:  Missing argument 3 for displayHands(), called in /home/ubuntu/workspace/isperez/Homeworks/Homework2/index.php on line 26 and defined in /home/ubuntu/workspace/isperez/Homeworks/Homework2/inc/functions.php on line 43
[21-Feb-2018 06:28:13 UTC] PHP Stack trace:
[21-Feb-2018 06:28:13 UTC] PHP   1. {main}() /home/ubuntu/workspace/isperez/Homeworks/Homework2/index.php:0
[21-Feb-2018 06:28:13 UTC] PHP   2. displayHands() /home/ubuntu/workspace/isperez/Homeworks/Homework2/index.php:26
[21-Feb-2018 06:28:56 UTC] PHP Warning:  Missing argument 1 for handSigns(), called in /home/ubuntu/workspace/isperez/Homeworks/Homework2/index.php on line 25 and defined in /home/ubuntu/workspace/isperez/Homeworks/Homework2/inc/functions.php on line 30
[21-Feb-2018 06:28:56 UTC] PHP Stack trace:
[21-Feb-2018 06:28:56 UTC] PHP   1. {main}() /home/ubuntu/workspace/isperez/Homeworks/Homework2/index.php:0
[21-Feb-2018 06:28:56 UTC] PHP   2. handSigns() /home/ubuntu/workspace/isperez/Homeworks/Homework2/index.php:25
[21-Feb-2018 06:28:56 UTC] PHP Warning:  Missing argument 1 for displayHands(), called in /home/ubuntu/workspace/isperez/Homeworks/Homework2/index.php on line 26 and defined in /home/ubuntu/workspace/isperez/Homeworks/Homework2/inc/functions.php on line 43
[21-Feb-2018 06:28:56 UTC] PHP Stack trace:
[21-Feb-2018 06:28:56 UTC] PHP   1. {main}() /home/ubuntu/workspace/isperez/Homeworks/Homework2/index.php:0
[21-Feb-2018 06:28:56 UTC] PHP   2. displayHands() /home/ubuntu/workspace/isperez/Homeworks/Homework2/index.php:26
[21-Feb-2018 06:28:56 UTC] PHP Warning:  Missing argument 2 for displayHands(), called in /home/ubuntu/workspace/isperez/Homeworks/Homework2/index.php on line 26 and defined in /home/ubuntu/workspace/isperez/Homeworks/Homework2/inc/functions.php on line 43
[21-Feb-2018 06:28:56 UTC] PHP Stack trace:
[21-Feb-2018 06:28:56 UTC] PHP   1. {main}() /home/ubuntu/workspace/isperez/Homeworks/Homework2/index.php:0
[21-Feb-2018 06:28:56 UTC] PHP   2. displayHands() /home/ubuntu/workspace/isperez/Homeworks/Homework2/index.php:26
[21-Feb-2018 06:28:56 UTC] PHP Warning:  Missing argument 3 for displayHands(), called in /home/ubuntu/workspace/isperez/Homeworks/Homework2/index.php on line 26 and defined in /home/ubuntu/workspace/isperez/Homeworks/Homework2/inc/functions.php on line 43
[21-Feb-2018 06:28:56 UTC] PHP Stack trace:
[21-Feb-2018 06:28:56 UTC] PHP   1. {main}() /home/ubuntu/workspace/isperez/Homeworks/Homework2/index.php:0
[21-Feb-2018 06:28:56 UTC] PHP   2. displayHands() /home/ubuntu/workspace/isperez/Homeworks/Homework2/index.php:26
[21-Feb-2018 06:29:07 UTC] PHP Warning:  Missing argument 1 for handSigns(), called in /home/ubuntu/workspace/isperez/Homeworks/Homework2/index.php on line 25 and defined in /home/ubuntu/workspace/isperez/Homeworks/Homework2/inc/functions.php on line 30
[21-Feb-2018 06:29:07 UTC] PHP Stack trace:
[21-Feb-2018 06:29:07 UTC] PHP   1. {main}() /home/ubuntu/workspace/isperez/Homeworks/Homework2/index.php:0
[21-Feb-2018 06:29:07 UTC] PHP   2. handSigns() /home/ubuntu/workspace/isperez/Homeworks/Homework2/index.php:25
[21-Feb-2018 06:29:07 UTC] PHP Warning:  Missing argument 2 for handSigns(), called in /home/ubuntu/workspace/isperez/Homeworks/Homework2/index.php on line 25 and defined in /home/ubuntu/workspace/isperez/Homeworks/Homework2/inc/functions.php on line 30
[21-Feb-2018 06:29:07 UTC] PHP Stack trace:
[21-Feb-2018 06:29:07 UTC] PHP   1. {main}() /home/ubuntu/workspace/isperez/Homeworks/Homework2/index.php:0
[21-Feb-2018 06:29:07 UTC] PHP   2. handSigns() /home/ubuntu/workspace/isperez/Homeworks/Homework2/index.php:25
[21-Feb-2018 06:29:07 UTC] PHP Warning:  Missing argument 1 for displayHands(), called in /home/ubuntu/workspace/isperez/Homeworks/Homework2/index.php on line 26 and defined in /home/ubuntu/workspace/isperez/Homeworks/Homework2/inc/functions.php on line 43
[21-Feb-2018 06:29:07 UTC] PHP Stack trace:
[21-Feb-2018 06:29:07 UTC] PHP   1. {main}() /home/ubuntu/workspace/isperez/Homeworks/Homework2/index.php:0
[21-Feb-2018 06:29:07 UTC] PHP   2. displayHands() /home/ubuntu/workspace/isperez/Homeworks/Homework2/index.php:26
[21-Feb-2018 06:29:07 UTC] PHP Warning:  Missing argument 2 for displayHands(), called in /home/ubuntu/workspace/isperez/Homeworks/Homework2/index.php on line 26 and defined in /home/ubuntu/workspace/isperez/Homeworks/Homework2/inc/functions.php on line 43
[21-Feb-2018 06:29:07 UTC] PHP Stack trace:
[21-Feb-2018 06:29:07 UTC] PHP   1. {main}() /home/ubuntu/workspace/isperez/Homeworks/Homework2/index.php:0
[21-Feb-2018 06:29:07 UTC] PHP   2. displayHands() /home/ubuntu/workspace/isperez/Homeworks/Homework2/index.php:26
[21-Feb-2018 06:29:07 UTC] PHP Warning:  Missing argument 3 for displayHands(), called in /home/ubuntu/workspace/isperez/Homeworks/Homework2/index.php on line 26 and defined in /home/ubuntu/workspace/isperez/Homeworks/Homework2/inc/functions.php on line 43
[21-Feb-2018 06:29:07 UTC] PHP Stack trace:
[21-Feb-2018 06:29:07 UTC] PHP   1. {main}() /home/ubuntu/workspace/isperez/Homeworks/Homework2/index.php:0
[21-Feb-2018 06:29:07 UTC] PHP   2. displayHands() /home/ubuntu/workspace/isperez/Homeworks/Homework2/index.php:26
[21-Feb-2018 06:29:56 UTC] PHP Warning:  Missing argument 1 for handSigns(), called in /home/ubuntu/workspace/isperez/Homeworks/Homework2/index.php on line 25 and defined in /home/ubuntu/workspace/isperez/Homeworks/Homework2/inc/functions.php on line 30
[21-Feb-2018 06:29:56 UTC] PHP Stack trace:
[21-Feb-2018 06:29:56 UTC] PHP   1. {main}() /home/ubuntu/workspace/isperez/Homeworks/Homework2/index.php:0
[21-Feb-2018 06:29:56 UTC] PHP   2. handSigns() /home/ubuntu/workspace/isperez/Homeworks/Homework2/index.php:25
[21-Feb-2018 06:29:56 UTC] PHP Warning:  Missing argument 2 for handSigns(), called in /home/ubuntu/workspace/isperez/Homeworks/Homework2/index.php on line 25 and defined in /home/ubuntu/workspace/isperez/Homeworks/Homework2/inc/functions.php on line 30
[21-Feb-2018 06:29:56 UTC] PHP Stack trace:
[21-Feb-2018 06:29:56 UTC] PHP   1. {main}() /home/ubuntu/workspace/isperez/Homeworks/Homework2/index.php:0
[21-Feb-2018 06:29:56 UTC] PHP   2. handSigns() /home/ubuntu/workspace/isperez/Homeworks/Homework2/index.php:25
[21-Feb-2018 06:29:56 UTC] PHP Warning:  Missing argument 1 for displayHands(), called in /home/ubuntu/workspace/isperez/Homeworks/Homework2/index.php on line 26 and defined in /home/ubuntu/workspace/isperez/Homeworks/Homework2/inc/functions.php on line 43
[21-Feb-2018 06:29:56 UTC] PHP Stack trace:
[21-Feb-2018 06:29:56 UTC] PHP   1. {main}() /home/ubuntu/workspace/isperez/Homeworks/Homework2/index.php:0
[21-Feb-2018 06:29:56 UTC] PHP   2. displayHands() /home/ubuntu/workspace/isperez/Homeworks/Homework2/index.php:26
[21-Feb-2018 06:29:56 UTC] PHP Warning:  Missing argument 2 for displayHands(), called in /home/ubuntu/workspace/isperez/Homeworks/Homework2/index.php on line 26 and defined in /home/ubuntu/workspace/isperez/Homeworks/Homework2/inc/functions.php on line 43
[21-Feb-2018 06:29:56 UTC] PHP Stack trace:
[21-Feb-2018 06:29:56 UTC] PHP   1. {main}() /home/ubuntu/workspace/isperez/Homeworks/Homework2/index.php:0
[21-Feb-2018 06:29:56 UTC] PHP   2. displayHands() /home/ubuntu/workspace/isperez/Homeworks/Homework2/index.php:26
[21-Feb-2018 06:29:56 UTC] PHP Warning:  Missing argument 3 for displayHands(), called in /home/ubuntu/workspace/isperez/Homeworks/Homework2/index.php on line 26 and defined in /home/ubuntu/workspace/isperez/Homeworks/Homework2/inc/functions.php on line 43
[21-Feb-2018 06:29:56 UTC] PHP Stack trace:
[21-Feb-2018 06:29:56 UTC] PHP   1. {main}() /home/ubuntu/workspace/isperez/Homeworks/Homework2/index.php:0
[21-Feb-2018 06:29:56 UTC] PHP   2. displayHands() /home/ubuntu/workspace/isperez/Homeworks/Homework2/index.php:26
[21-Feb-2018 06:29:57 UTC] PHP Warning:  Missing argument 1 for handSigns(), called in /home/ubuntu/workspace/isperez/Homeworks/Homework2/index.php on line 25 and defined in /home/ubuntu/workspace/isperez/Homeworks/Homework2/inc/functions.php on line 30
[21-Feb-2018 06:29:57 UTC] PHP Stack trace:
[21-Feb-2018 06:29:57 UTC] PHP   1. {main}() /home/ubuntu/workspace/isperez/Homeworks/Homework2/index.php:0
[21-Feb-2018 06:29:57 UTC] PHP   2. handSigns() /home/ubuntu/workspace/isperez/Homeworks/Homework2/index.php:25
[21-Feb-2018 06:29:57 UTC] PHP Warning:  Missing argument 2 for handSigns(), called in /home/ubuntu/workspace/isperez/Homeworks/Homework2/index.php on line 25 and defined in /home/ubuntu/workspace/isperez/Homeworks/Homework2/inc/functions.php on line 30
[21-Feb-2018 06:29:57 UTC] PHP Stack trace:
[21-Feb-2018 06:29:57 UTC] PHP   1. {main}() /home/ubuntu/workspace/isperez/Homeworks/Homework2/index.php:0
[21-Feb-2018 06:29:57 UTC] PHP   2. handSigns() /home/ubuntu/workspace/isperez/Homeworks/Homework2/index.php:25
[21-Feb-2018 06:29:57 UTC] PHP Warning:  Missing argument 1 for displayHands(), called in /home/ubuntu/workspace/isperez/Homeworks/Homework2/index.php on line 26 and defined in /home/ubuntu/workspace/isperez/Homeworks/Homework2/inc/functions.php on line 43
[21-Feb-2018 06:29:57 UTC] PHP Stack trace:
[21-Feb-2018 06:29:57 UTC] PHP   1. {main}() /home/ubuntu/workspace/isperez/Homeworks/Homework2/index.php:0
[21-Feb-2018 06:29:57 UTC] PHP   2. displayHands() /home/ubuntu/workspace/isperez/Homeworks/Homework2/index.php:26
[21-Feb-2018 06:29:57 UTC] PHP Warning:  Missing argument 2 for displayHands(), called in /home/ubuntu/workspace/isperez/Homeworks/Homework2/index.php on line 26 and defined in /home/ubuntu/workspace/isperez/Homeworks/Homework2/inc/functions.php on line 43
[21-Feb-2018 06:29:57 UTC] PHP Stack trace:
[21-Feb-2018 06:29:57 UTC] PHP   1. {main}() /home/ubuntu/workspace/isperez/Homeworks/Homework2/index.php:0
[21-Feb-2018 06:29:57 UTC] PHP   2. displayHands() /home/ubuntu/workspace/isperez/Homeworks/Homework2/index.php:26
[21-Feb-2018 06:29:57 UTC] PHP Warning:  Missing argument 3 for displayHands(), called in /home/ubuntu/workspace/isperez/Homeworks/Homework2/index.php on line 26 and defined in /home/ubuntu/workspace/isperez/Homeworks/Homework2/inc/functions.php on line 43
[21-Feb-2018 06:29:57 UTC] PHP Stack trace:
[21-Feb-2018 06:29:57 UTC] PHP   1. {main}() /home/ubuntu/workspace/isperez/Homeworks/Homework2/index.php:0
[21-Feb-2018 06:29:57 UTC] PHP   2. displayHands() /home/ubuntu/workspace/isperez/Homeworks/Homework2/index.php:26
[21-Feb-2018 06:55:14 UTC] PHP Fatal error:  Call to undefined function Handsigns() in /home/ubuntu/workspace/isperez/Homeworks/Homework2/inc/functions.php on line 62
[21-Feb-2018 06:55:14 UTC] PHP Stack trace:
[21-Feb-2018 06:55:14 UTC] PHP   1. {main}() /home/ubuntu/workspace/isperez/Homeworks/Homework2/index.php:0
[21-Feb-2018 06:55:14 UTC] PHP   2. drawing() /home/ubuntu/workspace/isperez/Homeworks/Homework2/index.php:23
[21-Feb-2018 09:20:19 UTC] PHP Parse error:  syntax error, unexpected '}' in /home/ubuntu/workspace/isperez/Homeworks/Homework2/inc/functions.php on line 47
[21-Feb-2018 09:20:19 UTC] PHP Stack trace:
[21-Feb-2018 09:20:19 UTC] PHP   1. {main}() /home/ubuntu/workspace/isperez/Homeworks/Homework2/index.php:0
[21-Feb-2018 09:28:35 UTC] PHP Parse error:  syntax error, unexpected end of file in /home/ubuntu/workspace/isperez/Homeworks/Homework2/inc/functions.php on line 75
[21-Feb-2018 09:28:35 UTC] PHP Stack trace:
[21-Feb-2018 09:28:35 UTC] PHP   1. {main}() /home/ubuntu/workspace/isperez/Homeworks/Homework2/index.php:0
[21-Feb-2018 09:29:00 UTC] PHP Fatal error:  Call to undefined function Handsigns() in /home/ubuntu/workspace/isperez/Homeworks/Homework2/inc/functions.php on line 69
[21-Feb-2018 09:29:00 UTC] PHP Stack trace:
[21-Feb-2018 09:29:00 UTC] PHP   1. {main}() /home/ubuntu/workspace/isperez/Homeworks/Homework2/index.php:0
[21-Feb-2018 09:29:00 UTC] PHP   2. drawing() /home/ubuntu/workspace/isperez/Homeworks/Homework2/index.php:23
[21-Feb-2018 09:29:35 UTC] PHP Fatal error:  Call to undefined function Handsigns() in /home/ubuntu/workspace/isperez/Homeworks/Homework2/inc/functions.php on line 70
[21-Feb-2018 09:29:35 UTC] PHP Stack trace:
[21-Feb-2018 09:29:35 UTC] PHP   1. {main}() /home/ubuntu/workspace/isperez/Homeworks/Homework2/index.php:0
[21-Feb-2018 09:29:35 UTC] PHP   2. drawing() /home/ubuntu/workspace/isperez/Homeworks/Homework2/index.php:23
[21-Feb-2018 09:30:04 UTC] PHP Fatal error:  Call to undefined function Handsigns() in /home/ubuntu/workspace/isperez/Homeworks/Homework2/inc/functions.php on line 70
[21-Feb-2018 09:30:04 UTC] PHP Stack trace:
[21-Feb-2018 09:30:04 UTC] PHP   1. {main}() /home/ubuntu/workspace/isperez/Homeworks/Homework2/index.php:0
[21-Feb-2018 09:30:04 UTC] PHP   2. drawing() /home/ubuntu/workspace/isperez/Homeworks/Homework2/index.php:23
[21-Feb-2018 09:33:03 UTC] PHP Fatal error:  Call to undefined function Handsigns() in /home/ubuntu/workspace/isperez/Homeworks/Homework2/inc/functions.php on line 70
[21-Feb-2018 09:33:03 UTC] PHP Stack trace:
[21-Feb-2018 09:33:03 UTC] PHP   1. {main}() /home/ubuntu/workspace/isperez/Homeworks/Homework2/index.php:0
[21-Feb-2018 09:33:03 UTC] PHP   2. drawing() /home/ubuntu/workspace/isperez/Homeworks/Homework2/index.php:23
