[30-Apr-2018 22:24:11 UTC] PHP Warning:  include(../../../dbConnection.php): failed to open stream: No such file or directory in /home/ubuntu/workspace/isperez/labs/Lab10/pets/api/getPetInfo.php on line 4
[30-Apr-2018 22:24:11 UTC] PHP Stack trace:
[30-Apr-2018 22:24:11 UTC] PHP   1. {main}() /home/ubuntu/workspace/isperez/labs/Lab10/pets/api/getPetInfo.php:0
[30-Apr-2018 22:24:11 UTC] PHP Warning:  include(): Failed opening '../../../dbConnection.php' for inclusion (include_path='.:/usr/share/php:/usr/share/pear') in /home/ubuntu/workspace/isperez/labs/Lab10/pets/api/getPetInfo.php on line 4
[30-Apr-2018 22:24:11 UTC] PHP Stack trace:
[30-Apr-2018 22:24:11 UTC] PHP   1. {main}() /home/ubuntu/workspace/isperez/labs/Lab10/pets/api/getPetInfo.php:0
[30-Apr-2018 22:24:11 UTC] PHP Fatal error:  Call to undefined function getDatabaseConnection() in /home/ubuntu/workspace/isperez/labs/Lab10/pets/api/getPetInfo.php on line 6
[30-Apr-2018 22:24:11 UTC] PHP Stack trace:
[30-Apr-2018 22:24:11 UTC] PHP   1. {main}() /home/ubuntu/workspace/isperez/labs/Lab10/pets/api/getPetInfo.php:0
[30-Apr-2018 22:24:56 UTC] PHP Warning:  include(../../../dbConnection.php): failed to open stream: No such file or directory in /home/ubuntu/workspace/isperez/labs/Lab10/pets/api/getPetInfo.php on line 3
[30-Apr-2018 22:24:56 UTC] PHP Stack trace:
[30-Apr-2018 22:24:56 UTC] PHP   1. {main}() /home/ubuntu/workspace/isperez/labs/Lab10/pets/api/getPetInfo.php:0
[30-Apr-2018 22:24:56 UTC] PHP Warning:  include(): Failed opening '../../../dbConnection.php' for inclusion (include_path='.:/usr/share/php:/usr/share/pear') in /home/ubuntu/workspace/isperez/labs/Lab10/pets/api/getPetInfo.php on line 3
[30-Apr-2018 22:24:56 UTC] PHP Stack trace:
[30-Apr-2018 22:24:56 UTC] PHP   1. {main}() /home/ubuntu/workspace/isperez/labs/Lab10/pets/api/getPetInfo.php:0
[30-Apr-2018 22:24:56 UTC] PHP Fatal error:  Call to undefined function getDatabaseConnection() in /home/ubuntu/workspace/isperez/labs/Lab10/pets/api/getPetInfo.php on line 5
[30-Apr-2018 22:24:56 UTC] PHP Stack trace:
[30-Apr-2018 22:24:56 UTC] PHP   1. {main}() /home/ubuntu/workspace/isperez/labs/Lab10/pets/api/getPetInfo.php:0
[30-Apr-2018 22:27:16 UTC] PHP Warning:  include(../../../dbConnection.php): failed to open stream: No such file or directory in /home/ubuntu/workspace/isperez/labs/Lab10/pets/api/getPetInfo.php on line 3
[30-Apr-2018 22:27:16 UTC] PHP Stack trace:
[30-Apr-2018 22:27:16 UTC] PHP   1. {main}() /home/ubuntu/workspace/isperez/labs/Lab10/pets/api/getPetInfo.php:0
[30-Apr-2018 22:27:16 UTC] PHP Warning:  include(): Failed opening '../../../dbConnection.php' for inclusion (include_path='.:/usr/share/php:/usr/share/pear') in /home/ubuntu/workspace/isperez/labs/Lab10/pets/api/getPetInfo.php on line 3
[30-Apr-2018 22:27:16 UTC] PHP Stack trace:
[30-Apr-2018 22:27:16 UTC] PHP   1. {main}() /home/ubuntu/workspace/isperez/labs/Lab10/pets/api/getPetInfo.php:0
[30-Apr-2018 22:27:16 UTC] PHP Fatal error:  Call to undefined function getDatabaseConnection() in /home/ubuntu/workspace/isperez/labs/Lab10/pets/api/getPetInfo.php on line 5
[30-Apr-2018 22:27:16 UTC] PHP Stack trace:
[30-Apr-2018 22:27:16 UTC] PHP   1. {main}() /home/ubuntu/workspace/isperez/labs/Lab10/pets/api/getPetInfo.php:0
[05-May-2018 22:59:15 UTC] PHP Warning:  include(../../../dbConnection.php): failed to open stream: No such file or directory in /home/ubuntu/workspace/isperez/labs/Lab10/pets/api/getPetInfo.php on line 3
[05-May-2018 22:59:15 UTC] PHP Stack trace:
[05-May-2018 22:59:15 UTC] PHP   1. {main}() /home/ubuntu/workspace/isperez/labs/Lab10/pets/api/getPetInfo.php:0
[05-May-2018 22:59:15 UTC] PHP Warning:  include(): Failed opening '../../../dbConnection.php' for inclusion (include_path='.:/usr/share/php:/usr/share/pear') in /home/ubuntu/workspace/isperez/labs/Lab10/pets/api/getPetInfo.php on line 3
[05-May-2018 22:59:15 UTC] PHP Stack trace:
[05-May-2018 22:59:15 UTC] PHP   1. {main}() /home/ubuntu/workspace/isperez/labs/Lab10/pets/api/getPetInfo.php:0
[05-May-2018 22:59:15 UTC] PHP Fatal error:  Call to undefined function getDatabaseConnection() in /home/ubuntu/workspace/isperez/labs/Lab10/pets/api/getPetInfo.php on line 5
[05-May-2018 22:59:15 UTC] PHP Stack trace:
[05-May-2018 22:59:15 UTC] PHP   1. {main}() /home/ubuntu/workspace/isperez/labs/Lab10/pets/api/getPetInfo.php:0
[05-May-2018 22:59:20 UTC] PHP Warning:  include(../../../dbConnection.php): failed to open stream: No such file or directory in /home/ubuntu/workspace/isperez/labs/Lab10/pets/api/getPetInfo.php on line 3
[05-May-2018 22:59:20 UTC] PHP Stack trace:
[05-May-2018 22:59:20 UTC] PHP   1. {main}() /home/ubuntu/workspace/isperez/labs/Lab10/pets/api/getPetInfo.php:0
[05-May-2018 22:59:20 UTC] PHP Warning:  include(): Failed opening '../../../dbConnection.php' for inclusion (include_path='.:/usr/share/php:/usr/share/pear') in /home/ubuntu/workspace/isperez/labs/Lab10/pets/api/getPetInfo.php on line 3
[05-May-2018 22:59:20 UTC] PHP Stack trace:
[05-May-2018 22:59:20 UTC] PHP   1. {main}() /home/ubuntu/workspace/isperez/labs/Lab10/pets/api/getPetInfo.php:0
[05-May-2018 22:59:20 UTC] PHP Fatal error:  Call to undefined function getDatabaseConnection() in /home/ubuntu/workspace/isperez/labs/Lab10/pets/api/getPetInfo.php on line 5
[05-May-2018 22:59:20 UTC] PHP Stack trace:
[05-May-2018 22:59:20 UTC] PHP   1. {main}() /home/ubuntu/workspace/isperez/labs/Lab10/pets/api/getPetInfo.php:0
[05-May-2018 23:00:53 UTC] PHP Warning:  include(../../../dbConnection.php): failed to open stream: No such file or directory in /home/ubuntu/workspace/isperez/labs/Lab10/pets/api/getPetInfo.php on line 3
[05-May-2018 23:00:53 UTC] PHP Stack trace:
[05-May-2018 23:00:53 UTC] PHP   1. {main}() /home/ubuntu/workspace/isperez/labs/Lab10/pets/api/getPetInfo.php:0
[05-May-2018 23:00:53 UTC] PHP Warning:  include(): Failed opening '../../../dbConnection.php' for inclusion (include_path='.:/usr/share/php:/usr/share/pear') in /home/ubuntu/workspace/isperez/labs/Lab10/pets/api/getPetInfo.php on line 3
[05-May-2018 23:00:53 UTC] PHP Stack trace:
[05-May-2018 23:00:53 UTC] PHP   1. {main}() /home/ubuntu/workspace/isperez/labs/Lab10/pets/api/getPetInfo.php:0
[05-May-2018 23:00:53 UTC] PHP Fatal error:  Call to undefined function getDatabaseConnection() in /home/ubuntu/workspace/isperez/labs/Lab10/pets/api/getPetInfo.php on line 5
[05-May-2018 23:00:53 UTC] PHP Stack trace:
[05-May-2018 23:00:53 UTC] PHP   1. {main}() /home/ubuntu/workspace/isperez/labs/Lab10/pets/api/getPetInfo.php:0
[05-May-2018 23:01:06 UTC] PHP Warning:  include(../../../dbConnection.php): failed to open stream: No such file or directory in /home/ubuntu/workspace/isperez/labs/Lab10/pets/api/getPetInfo.php on line 3
[05-May-2018 23:01:06 UTC] PHP Stack trace:
[05-May-2018 23:01:06 UTC] PHP   1. {main}() /home/ubuntu/workspace/isperez/labs/Lab10/pets/api/getPetInfo.php:0
[05-May-2018 23:01:06 UTC] PHP Warning:  include(): Failed opening '../../../dbConnection.php' for inclusion (include_path='.:/usr/share/php:/usr/share/pear') in /home/ubuntu/workspace/isperez/labs/Lab10/pets/api/getPetInfo.php on line 3
[05-May-2018 23:01:06 UTC] PHP Stack trace:
[05-May-2018 23:01:06 UTC] PHP   1. {main}() /home/ubuntu/workspace/isperez/labs/Lab10/pets/api/getPetInfo.php:0
[05-May-2018 23:01:06 UTC] PHP Fatal error:  Call to undefined function getDatabaseConnection() in /home/ubuntu/workspace/isperez/labs/Lab10/pets/api/getPetInfo.php on line 5
[05-May-2018 23:01:06 UTC] PHP Stack trace:
[05-May-2018 23:01:06 UTC] PHP   1. {main}() /home/ubuntu/workspace/isperez/labs/Lab10/pets/api/getPetInfo.php:0
[05-May-2018 23:01:51 UTC] PHP Warning:  include(../../../dbConnection.php): failed to open stream: No such file or directory in /home/ubuntu/workspace/isperez/labs/Lab10/pets/api/getPetInfo.php on line 3
[05-May-2018 23:01:51 UTC] PHP Stack trace:
[05-May-2018 23:01:51 UTC] PHP   1. {main}() /home/ubuntu/workspace/isperez/labs/Lab10/pets/api/getPetInfo.php:0
[05-May-2018 23:01:51 UTC] PHP Warning:  include(): Failed opening '../../../dbConnection.php' for inclusion (include_path='.:/usr/share/php:/usr/share/pear') in /home/ubuntu/workspace/isperez/labs/Lab10/pets/api/getPetInfo.php on line 3
[05-May-2018 23:01:51 UTC] PHP Stack trace:
[05-May-2018 23:01:51 UTC] PHP   1. {main}() /home/ubuntu/workspace/isperez/labs/Lab10/pets/api/getPetInfo.php:0
[05-May-2018 23:01:51 UTC] PHP Fatal error:  Call to undefined function getDatabaseConnection() in /home/ubuntu/workspace/isperez/labs/Lab10/pets/api/getPetInfo.php on line 5
[05-May-2018 23:01:51 UTC] PHP Stack trace:
[05-May-2018 23:01:51 UTC] PHP   1. {main}() /home/ubuntu/workspace/isperez/labs/Lab10/pets/api/getPetInfo.php:0
[05-May-2018 23:02:14 UTC] PHP Warning:  include(../../../dbConnection.php): failed to open stream: No such file or directory in /home/ubuntu/workspace/isperez/labs/Lab10/pets/api/getPetInfo.php on line 3
[05-May-2018 23:02:14 UTC] PHP Stack trace:
[05-May-2018 23:02:14 UTC] PHP   1. {main}() /home/ubuntu/workspace/isperez/labs/Lab10/pets/api/getPetInfo.php:0
[05-May-2018 23:02:14 UTC] PHP Warning:  include(): Failed opening '../../../dbConnection.php' for inclusion (include_path='.:/usr/share/php:/usr/share/pear') in /home/ubuntu/workspace/isperez/labs/Lab10/pets/api/getPetInfo.php on line 3
[05-May-2018 23:02:14 UTC] PHP Stack trace:
[05-May-2018 23:02:14 UTC] PHP   1. {main}() /home/ubuntu/workspace/isperez/labs/Lab10/pets/api/getPetInfo.php:0
[05-May-2018 23:02:14 UTC] PHP Fatal error:  Call to undefined function getDatabaseConnection() in /home/ubuntu/workspace/isperez/labs/Lab10/pets/api/getPetInfo.php on line 5
[05-May-2018 23:02:14 UTC] PHP Stack trace:
[05-May-2018 23:02:14 UTC] PHP   1. {main}() /home/ubuntu/workspace/isperez/labs/Lab10/pets/api/getPetInfo.php:0
[05-May-2018 23:03:59 UTC] PHP Warning:  include(../../../dbConnection.php): failed to open stream: No such file or directory in /home/ubuntu/workspace/isperez/labs/Lab10/pets/api/getPetInfo.php on line 3
[05-May-2018 23:03:59 UTC] PHP Stack trace:
[05-May-2018 23:03:59 UTC] PHP   1. {main}() /home/ubuntu/workspace/isperez/labs/Lab10/pets/api/getPetInfo.php:0
[05-May-2018 23:03:59 UTC] PHP Warning:  include(): Failed opening '../../../dbConnection.php' for inclusion (include_path='.:/usr/share/php:/usr/share/pear') in /home/ubuntu/workspace/isperez/labs/Lab10/pets/api/getPetInfo.php on line 3
[05-May-2018 23:03:59 UTC] PHP Stack trace:
[05-May-2018 23:03:59 UTC] PHP   1. {main}() /home/ubuntu/workspace/isperez/labs/Lab10/pets/api/getPetInfo.php:0
[05-May-2018 23:03:59 UTC] PHP Fatal error:  Call to undefined function getDatabaseConnection() in /home/ubuntu/workspace/isperez/labs/Lab10/pets/api/getPetInfo.php on line 5
[05-May-2018 23:03:59 UTC] PHP Stack trace:
[05-May-2018 23:03:59 UTC] PHP   1. {main}() /home/ubuntu/workspace/isperez/labs/Lab10/pets/api/getPetInfo.php:0
[05-May-2018 23:05:21 UTC] PHP Warning:  include(../../../dbConnection.php): failed to open stream: No such file or directory in /home/ubuntu/workspace/isperez/labs/Lab10/pets/api/getPetInfo.php on line 3
[05-May-2018 23:05:21 UTC] PHP Stack trace:
[05-May-2018 23:05:21 UTC] PHP   1. {main}() /home/ubuntu/workspace/isperez/labs/Lab10/pets/api/getPetInfo.php:0
[05-May-2018 23:05:21 UTC] PHP Warning:  include(): Failed opening '../../../dbConnection.php' for inclusion (include_path='.:/usr/share/php:/usr/share/pear') in /home/ubuntu/workspace/isperez/labs/Lab10/pets/api/getPetInfo.php on line 3
[05-May-2018 23:05:21 UTC] PHP Stack trace:
[05-May-2018 23:05:21 UTC] PHP   1. {main}() /home/ubuntu/workspace/isperez/labs/Lab10/pets/api/getPetInfo.php:0
[05-May-2018 23:05:21 UTC] PHP Fatal error:  Call to undefined function getDatabaseConnection() in /home/ubuntu/workspace/isperez/labs/Lab10/pets/api/getPetInfo.php on line 5
[05-May-2018 23:05:21 UTC] PHP Stack trace:
[05-May-2018 23:05:21 UTC] PHP   1. {main}() /home/ubuntu/workspace/isperez/labs/Lab10/pets/api/getPetInfo.php:0
[05-May-2018 23:06:33 UTC] PHP Warning:  include(../../../dbConnection.php): failed to open stream: No such file or directory in /home/ubuntu/workspace/isperez/labs/Lab10/pets/api/getPetInfo.php on line 3
[05-May-2018 23:06:33 UTC] PHP Stack trace:
[05-May-2018 23:06:33 UTC] PHP   1. {main}() /home/ubuntu/workspace/isperez/labs/Lab10/pets/api/getPetInfo.php:0
[05-May-2018 23:06:33 UTC] PHP Warning:  include(): Failed opening '../../../dbConnection.php' for inclusion (include_path='.:/usr/share/php:/usr/share/pear') in /home/ubuntu/workspace/isperez/labs/Lab10/pets/api/getPetInfo.php on line 3
[05-May-2018 23:06:33 UTC] PHP Stack trace:
[05-May-2018 23:06:33 UTC] PHP   1. {main}() /home/ubuntu/workspace/isperez/labs/Lab10/pets/api/getPetInfo.php:0
[05-May-2018 23:06:33 UTC] PHP Fatal error:  Call to undefined function getDatabaseConnection() in /home/ubuntu/workspace/isperez/labs/Lab10/pets/api/getPetInfo.php on line 5
[05-May-2018 23:06:33 UTC] PHP Stack trace:
[05-May-2018 23:06:33 UTC] PHP   1. {main}() /home/ubuntu/workspace/isperez/labs/Lab10/pets/api/getPetInfo.php:0
[05-May-2018 23:07:43 UTC] PHP Warning:  include(../../../dbConnection.php): failed to open stream: No such file or directory in /home/ubuntu/workspace/isperez/labs/Lab10/pets/api/getPetInfo.php on line 3
[05-May-2018 23:07:43 UTC] PHP Stack trace:
[05-May-2018 23:07:43 UTC] PHP   1. {main}() /home/ubuntu/workspace/isperez/labs/Lab10/pets/api/getPetInfo.php:0
[05-May-2018 23:07:43 UTC] PHP Warning:  include(): Failed opening '../../../dbConnection.php' for inclusion (include_path='.:/usr/share/php:/usr/share/pear') in /home/ubuntu/workspace/isperez/labs/Lab10/pets/api/getPetInfo.php on line 3
[05-May-2018 23:07:43 UTC] PHP Stack trace:
[05-May-2018 23:07:43 UTC] PHP   1. {main}() /home/ubuntu/workspace/isperez/labs/Lab10/pets/api/getPetInfo.php:0
[05-May-2018 23:07:43 UTC] PHP Fatal error:  Call to undefined function getDatabaseConnection() in /home/ubuntu/workspace/isperez/labs/Lab10/pets/api/getPetInfo.php on line 5
[05-May-2018 23:07:43 UTC] PHP Stack trace:
[05-May-2018 23:07:43 UTC] PHP   1. {main}() /home/ubuntu/workspace/isperez/labs/Lab10/pets/api/getPetInfo.php:0
[05-May-2018 23:07:56 UTC] PHP Warning:  include(../../../dbConnection.php): failed to open stream: No such file or directory in /home/ubuntu/workspace/isperez/labs/Lab10/pets/api/getPetInfo.php on line 3
[05-May-2018 23:07:56 UTC] PHP Stack trace:
[05-May-2018 23:07:56 UTC] PHP   1. {main}() /home/ubuntu/workspace/isperez/labs/Lab10/pets/api/getPetInfo.php:0
[05-May-2018 23:07:56 UTC] PHP Warning:  include(): Failed opening '../../../dbConnection.php' for inclusion (include_path='.:/usr/share/php:/usr/share/pear') in /home/ubuntu/workspace/isperez/labs/Lab10/pets/api/getPetInfo.php on line 3
[05-May-2018 23:07:56 UTC] PHP Stack trace:
[05-May-2018 23:07:56 UTC] PHP   1. {main}() /home/ubuntu/workspace/isperez/labs/Lab10/pets/api/getPetInfo.php:0
[05-May-2018 23:07:56 UTC] PHP Fatal error:  Call to undefined function getDatabaseConnection() in /home/ubuntu/workspace/isperez/labs/Lab10/pets/api/getPetInfo.php on line 5
[05-May-2018 23:07:56 UTC] PHP Stack trace:
[05-May-2018 23:07:56 UTC] PHP   1. {main}() /home/ubuntu/workspace/isperez/labs/Lab10/pets/api/getPetInfo.php:0
[05-May-2018 23:09:38 UTC] PHP Warning:  include(../../../dbConnection.php): failed to open stream: No such file or directory in /home/ubuntu/workspace/isperez/labs/Lab10/pets/api/getPetInfo.php on line 3
[05-May-2018 23:09:38 UTC] PHP Stack trace:
[05-May-2018 23:09:38 UTC] PHP   1. {main}() /home/ubuntu/workspace/isperez/labs/Lab10/pets/api/getPetInfo.php:0
[05-May-2018 23:09:38 UTC] PHP Warning:  include(): Failed opening '../../../dbConnection.php' for inclusion (include_path='.:/usr/share/php:/usr/share/pear') in /home/ubuntu/workspace/isperez/labs/Lab10/pets/api/getPetInfo.php on line 3
[05-May-2018 23:09:38 UTC] PHP Stack trace:
[05-May-2018 23:09:38 UTC] PHP   1. {main}() /home/ubuntu/workspace/isperez/labs/Lab10/pets/api/getPetInfo.php:0
[05-May-2018 23:09:38 UTC] PHP Fatal error:  Call to undefined function getDatabaseConnection() in /home/ubuntu/workspace/isperez/labs/Lab10/pets/api/getPetInfo.php on line 5
[05-May-2018 23:09:38 UTC] PHP Stack trace:
[05-May-2018 23:09:38 UTC] PHP   1. {main}() /home/ubuntu/workspace/isperez/labs/Lab10/pets/api/getPetInfo.php:0
