[10-May-2018 05:27:36 UTC] PHP Warning:  include(./dbconnection.php): failed to open stream: No such file or directory in /home/ubuntu/workspace/isperez/final/practice/getInfo.php on line 6
[10-May-2018 05:27:36 UTC] PHP Stack trace:
[10-May-2018 05:27:36 UTC] PHP   1. {main}() /home/ubuntu/workspace/isperez/final/practice/program1.php:0
[10-May-2018 05:27:36 UTC] PHP   2. include() /home/ubuntu/workspace/isperez/final/practice/program1.php:4
[10-May-2018 05:27:36 UTC] PHP Warning:  include(): Failed opening './dbconnection.php' for inclusion (include_path='.:/usr/share/php:/usr/share/pear') in /home/ubuntu/workspace/isperez/final/practice/getInfo.php on line 6
[10-May-2018 05:27:36 UTC] PHP Stack trace:
[10-May-2018 05:27:36 UTC] PHP   1. {main}() /home/ubuntu/workspace/isperez/final/practice/program1.php:0
[10-May-2018 05:27:36 UTC] PHP   2. include() /home/ubuntu/workspace/isperez/final/practice/program1.php:4
[10-May-2018 05:29:55 UTC] PHP Warning:  include(../dbconnection.php): failed to open stream: No such file or directory in /home/ubuntu/workspace/isperez/final/practice/getInfo.php on line 6
[10-May-2018 05:29:55 UTC] PHP Stack trace:
[10-May-2018 05:29:55 UTC] PHP   1. {main}() /home/ubuntu/workspace/isperez/final/practice/program1.php:0
[10-May-2018 05:29:55 UTC] PHP   2. include() /home/ubuntu/workspace/isperez/final/practice/program1.php:4
[10-May-2018 05:29:55 UTC] PHP Warning:  include(): Failed opening '../dbconnection.php' for inclusion (include_path='.:/usr/share/php:/usr/share/pear') in /home/ubuntu/workspace/isperez/final/practice/getInfo.php on line 6
[10-May-2018 05:29:55 UTC] PHP Stack trace:
[10-May-2018 05:29:55 UTC] PHP   1. {main}() /home/ubuntu/workspace/isperez/final/practice/program1.php:0
[10-May-2018 05:29:55 UTC] PHP   2. include() /home/ubuntu/workspace/isperez/final/practice/program1.php:4
[10-May-2018 05:30:02 UTC] PHP Warning:  include(../../dbconnection.php): failed to open stream: No such file or directory in /home/ubuntu/workspace/isperez/final/practice/getInfo.php on line 6
[10-May-2018 05:30:02 UTC] PHP Stack trace:
[10-May-2018 05:30:02 UTC] PHP   1. {main}() /home/ubuntu/workspace/isperez/final/practice/program1.php:0
[10-May-2018 05:30:02 UTC] PHP   2. include() /home/ubuntu/workspace/isperez/final/practice/program1.php:4
[10-May-2018 05:30:02 UTC] PHP Warning:  include(): Failed opening '../../dbconnection.php' for inclusion (include_path='.:/usr/share/php:/usr/share/pear') in /home/ubuntu/workspace/isperez/final/practice/getInfo.php on line 6
[10-May-2018 05:30:02 UTC] PHP Stack trace:
[10-May-2018 05:30:02 UTC] PHP   1. {main}() /home/ubuntu/workspace/isperez/final/practice/program1.php:0
[10-May-2018 05:30:02 UTC] PHP   2. include() /home/ubuntu/workspace/isperez/final/practice/program1.php:4
[10-May-2018 05:30:11 UTC] PHP Warning:  include(../../../dbconnection.php): failed to open stream: No such file or directory in /home/ubuntu/workspace/isperez/final/practice/getInfo.php on line 6
[10-May-2018 05:30:11 UTC] PHP Stack trace:
[10-May-2018 05:30:11 UTC] PHP   1. {main}() /home/ubuntu/workspace/isperez/final/practice/program1.php:0
[10-May-2018 05:30:11 UTC] PHP   2. include() /home/ubuntu/workspace/isperez/final/practice/program1.php:4
[10-May-2018 05:30:11 UTC] PHP Warning:  include(): Failed opening '../../../dbconnection.php' for inclusion (include_path='.:/usr/share/php:/usr/share/pear') in /home/ubuntu/workspace/isperez/final/practice/getInfo.php on line 6
[10-May-2018 05:30:11 UTC] PHP Stack trace:
[10-May-2018 05:30:11 UTC] PHP   1. {main}() /home/ubuntu/workspace/isperez/final/practice/program1.php:0
[10-May-2018 05:30:11 UTC] PHP   2. include() /home/ubuntu/workspace/isperez/final/practice/program1.php:4
[10-May-2018 05:30:19 UTC] PHP Warning:  include(../../../../dbconnection.php): failed to open stream: No such file or directory in /home/ubuntu/workspace/isperez/final/practice/getInfo.php on line 6
[10-May-2018 05:30:19 UTC] PHP Stack trace:
[10-May-2018 05:30:19 UTC] PHP   1. {main}() /home/ubuntu/workspace/isperez/final/practice/program1.php:0
[10-May-2018 05:30:19 UTC] PHP   2. include() /home/ubuntu/workspace/isperez/final/practice/program1.php:4
[10-May-2018 05:30:19 UTC] PHP Warning:  include(): Failed opening '../../../../dbconnection.php' for inclusion (include_path='.:/usr/share/php:/usr/share/pear') in /home/ubuntu/workspace/isperez/final/practice/getInfo.php on line 6
[10-May-2018 05:30:19 UTC] PHP Stack trace:
[10-May-2018 05:30:19 UTC] PHP   1. {main}() /home/ubuntu/workspace/isperez/final/practice/program1.php:0
[10-May-2018 05:30:19 UTC] PHP   2. include() /home/ubuntu/workspace/isperez/final/practice/program1.php:4
[10-May-2018 05:30:41 UTC] PHP Warning:  include(../../../../../dbconnection.php): failed to open stream: No such file or directory in /home/ubuntu/workspace/isperez/final/practice/getInfo.php on line 6
[10-May-2018 05:30:41 UTC] PHP Stack trace:
[10-May-2018 05:30:41 UTC] PHP   1. {main}() /home/ubuntu/workspace/isperez/final/practice/program1.php:0
[10-May-2018 05:30:41 UTC] PHP   2. include() /home/ubuntu/workspace/isperez/final/practice/program1.php:4
[10-May-2018 05:30:41 UTC] PHP Warning:  include(): Failed opening '../../../../../dbconnection.php' for inclusion (include_path='.:/usr/share/php:/usr/share/pear') in /home/ubuntu/workspace/isperez/final/practice/getInfo.php on line 6
[10-May-2018 05:30:41 UTC] PHP Stack trace:
[10-May-2018 05:30:41 UTC] PHP   1. {main}() /home/ubuntu/workspace/isperez/final/practice/program1.php:0
[10-May-2018 05:30:41 UTC] PHP   2. include() /home/ubuntu/workspace/isperez/final/practice/program1.php:4
[10-May-2018 05:30:50 UTC] PHP Warning:  include(../../../../../../dbconnection.php): failed to open stream: No such file or directory in /home/ubuntu/workspace/isperez/final/practice/getInfo.php on line 6
[10-May-2018 05:30:50 UTC] PHP Stack trace:
[10-May-2018 05:30:50 UTC] PHP   1. {main}() /home/ubuntu/workspace/isperez/final/practice/program1.php:0
[10-May-2018 05:30:50 UTC] PHP   2. include() /home/ubuntu/workspace/isperez/final/practice/program1.php:4
[10-May-2018 05:30:50 UTC] PHP Warning:  include(): Failed opening '../../../../../../dbconnection.php' for inclusion (include_path='.:/usr/share/php:/usr/share/pear') in /home/ubuntu/workspace/isperez/final/practice/getInfo.php on line 6
[10-May-2018 05:30:50 UTC] PHP Stack trace:
[10-May-2018 05:30:50 UTC] PHP   1. {main}() /home/ubuntu/workspace/isperez/final/practice/program1.php:0
[10-May-2018 05:30:50 UTC] PHP   2. include() /home/ubuntu/workspace/isperez/final/practice/program1.php:4
[10-May-2018 05:31:00 UTC] PHP Warning:  include(../../../../../../../dbconnection.php): failed to open stream: No such file or directory in /home/ubuntu/workspace/isperez/final/practice/getInfo.php on line 6
[10-May-2018 05:31:00 UTC] PHP Stack trace:
[10-May-2018 05:31:00 UTC] PHP   1. {main}() /home/ubuntu/workspace/isperez/final/practice/program1.php:0
[10-May-2018 05:31:00 UTC] PHP   2. include() /home/ubuntu/workspace/isperez/final/practice/program1.php:4
[10-May-2018 05:31:00 UTC] PHP Warning:  include(): Failed opening '../../../../../../../dbconnection.php' for inclusion (include_path='.:/usr/share/php:/usr/share/pear') in /home/ubuntu/workspace/isperez/final/practice/getInfo.php on line 6
[10-May-2018 05:31:00 UTC] PHP Stack trace:
[10-May-2018 05:31:00 UTC] PHP   1. {main}() /home/ubuntu/workspace/isperez/final/practice/program1.php:0
[10-May-2018 05:31:00 UTC] PHP   2. include() /home/ubuntu/workspace/isperez/final/practice/program1.php:4
[10-May-2018 05:31:29 UTC] PHP Warning:  include(dbconnection.php): failed to open stream: No such file or directory in /home/ubuntu/workspace/isperez/final/practice/getInfo.php on line 6
[10-May-2018 05:31:29 UTC] PHP Stack trace:
[10-May-2018 05:31:29 UTC] PHP   1. {main}() /home/ubuntu/workspace/isperez/final/practice/program1.php:0
[10-May-2018 05:31:29 UTC] PHP   2. include() /home/ubuntu/workspace/isperez/final/practice/program1.php:4
[10-May-2018 05:31:29 UTC] PHP Warning:  include(): Failed opening 'dbconnection.php' for inclusion (include_path='.:/usr/share/php:/usr/share/pear') in /home/ubuntu/workspace/isperez/final/practice/getInfo.php on line 6
[10-May-2018 05:31:29 UTC] PHP Stack trace:
[10-May-2018 05:31:29 UTC] PHP   1. {main}() /home/ubuntu/workspace/isperez/final/practice/program1.php:0
[10-May-2018 05:31:29 UTC] PHP   2. include() /home/ubuntu/workspace/isperez/final/practice/program1.php:4
[10-May-2018 05:33:40 UTC] PHP Warning:  include(dbconnection.php): failed to open stream: No such file or directory in /home/ubuntu/workspace/isperez/final/practice/getInfo.php on line 6
[10-May-2018 05:33:40 UTC] PHP Stack trace:
[10-May-2018 05:33:40 UTC] PHP   1. {main}() /home/ubuntu/workspace/isperez/final/practice/program1.php:0
[10-May-2018 05:33:40 UTC] PHP   2. include() /home/ubuntu/workspace/isperez/final/practice/program1.php:4
[10-May-2018 05:33:40 UTC] PHP Warning:  include(): Failed opening 'dbconnection.php' for inclusion (include_path='.:/usr/share/php:/usr/share/pear') in /home/ubuntu/workspace/isperez/final/practice/getInfo.php on line 6
[10-May-2018 05:33:40 UTC] PHP Stack trace:
[10-May-2018 05:33:40 UTC] PHP   1. {main}() /home/ubuntu/workspace/isperez/final/practice/program1.php:0
[10-May-2018 05:33:40 UTC] PHP   2. include() /home/ubuntu/workspace/isperez/final/practice/program1.php:4
[10-May-2018 05:33:46 UTC] PHP Warning:  include(../dbconnection.php): failed to open stream: No such file or directory in /home/ubuntu/workspace/isperez/final/practice/getInfo.php on line 6
[10-May-2018 05:33:46 UTC] PHP Stack trace:
[10-May-2018 05:33:46 UTC] PHP   1. {main}() /home/ubuntu/workspace/isperez/final/practice/program1.php:0
[10-May-2018 05:33:46 UTC] PHP   2. include() /home/ubuntu/workspace/isperez/final/practice/program1.php:4
[10-May-2018 05:33:46 UTC] PHP Warning:  include(): Failed opening '../dbconnection.php' for inclusion (include_path='.:/usr/share/php:/usr/share/pear') in /home/ubuntu/workspace/isperez/final/practice/getInfo.php on line 6
[10-May-2018 05:33:46 UTC] PHP Stack trace:
[10-May-2018 05:33:46 UTC] PHP   1. {main}() /home/ubuntu/workspace/isperez/final/practice/program1.php:0
[10-May-2018 05:33:46 UTC] PHP   2. include() /home/ubuntu/workspace/isperez/final/practice/program1.php:4
[10-May-2018 05:33:51 UTC] PHP Warning:  include(../../dbconnection.php): failed to open stream: No such file or directory in /home/ubuntu/workspace/isperez/final/practice/getInfo.php on line 6
[10-May-2018 05:33:51 UTC] PHP Stack trace:
[10-May-2018 05:33:51 UTC] PHP   1. {main}() /home/ubuntu/workspace/isperez/final/practice/program1.php:0
[10-May-2018 05:33:51 UTC] PHP   2. include() /home/ubuntu/workspace/isperez/final/practice/program1.php:4
[10-May-2018 05:33:51 UTC] PHP Warning:  include(): Failed opening '../../dbconnection.php' for inclusion (include_path='.:/usr/share/php:/usr/share/pear') in /home/ubuntu/workspace/isperez/final/practice/getInfo.php on line 6
[10-May-2018 05:33:51 UTC] PHP Stack trace:
[10-May-2018 05:33:51 UTC] PHP   1. {main}() /home/ubuntu/workspace/isperez/final/practice/program1.php:0
[10-May-2018 05:33:51 UTC] PHP   2. include() /home/ubuntu/workspace/isperez/final/practice/program1.php:4
[10-May-2018 05:33:56 UTC] PHP Warning:  include(../../../dbconnection.php): failed to open stream: No such file or directory in /home/ubuntu/workspace/isperez/final/practice/getInfo.php on line 6
[10-May-2018 05:33:56 UTC] PHP Stack trace:
[10-May-2018 05:33:56 UTC] PHP   1. {main}() /home/ubuntu/workspace/isperez/final/practice/program1.php:0
[10-May-2018 05:33:56 UTC] PHP   2. include() /home/ubuntu/workspace/isperez/final/practice/program1.php:4
[10-May-2018 05:33:56 UTC] PHP Warning:  include(): Failed opening '../../../dbconnection.php' for inclusion (include_path='.:/usr/share/php:/usr/share/pear') in /home/ubuntu/workspace/isperez/final/practice/getInfo.php on line 6
[10-May-2018 05:33:56 UTC] PHP Stack trace:
[10-May-2018 05:33:56 UTC] PHP   1. {main}() /home/ubuntu/workspace/isperez/final/practice/program1.php:0
[10-May-2018 05:33:56 UTC] PHP   2. include() /home/ubuntu/workspace/isperez/final/practice/program1.php:4
[10-May-2018 05:34:04 UTC] PHP Warning:  include(../../../../dbconnection.php): failed to open stream: No such file or directory in /home/ubuntu/workspace/isperez/final/practice/getInfo.php on line 6
[10-May-2018 05:34:04 UTC] PHP Stack trace:
[10-May-2018 05:34:04 UTC] PHP   1. {main}() /home/ubuntu/workspace/isperez/final/practice/program1.php:0
[10-May-2018 05:34:04 UTC] PHP   2. include() /home/ubuntu/workspace/isperez/final/practice/program1.php:4
[10-May-2018 05:34:04 UTC] PHP Warning:  include(): Failed opening '../../../../dbconnection.php' for inclusion (include_path='.:/usr/share/php:/usr/share/pear') in /home/ubuntu/workspace/isperez/final/practice/getInfo.php on line 6
[10-May-2018 05:34:04 UTC] PHP Stack trace:
[10-May-2018 05:34:04 UTC] PHP   1. {main}() /home/ubuntu/workspace/isperez/final/practice/program1.php:0
[10-May-2018 05:34:04 UTC] PHP   2. include() /home/ubuntu/workspace/isperez/final/practice/program1.php:4
[10-May-2018 05:34:23 UTC] PHP Warning:  include(./dbconnection.php): failed to open stream: No such file or directory in /home/ubuntu/workspace/isperez/final/practice/getInfo.php on line 6
[10-May-2018 05:34:23 UTC] PHP Stack trace:
[10-May-2018 05:34:23 UTC] PHP   1. {main}() /home/ubuntu/workspace/isperez/final/practice/program1.php:0
[10-May-2018 05:34:23 UTC] PHP   2. include() /home/ubuntu/workspace/isperez/final/practice/program1.php:4
[10-May-2018 05:34:23 UTC] PHP Warning:  include(): Failed opening './dbconnection.php' for inclusion (include_path='.:/usr/share/php:/usr/share/pear') in /home/ubuntu/workspace/isperez/final/practice/getInfo.php on line 6
[10-May-2018 05:34:23 UTC] PHP Stack trace:
[10-May-2018 05:34:23 UTC] PHP   1. {main}() /home/ubuntu/workspace/isperez/final/practice/program1.php:0
[10-May-2018 05:34:23 UTC] PHP   2. include() /home/ubuntu/workspace/isperez/final/practice/program1.php:4
[10-May-2018 05:35:09 UTC] PHP Warning:  include(dbconnection.php): failed to open stream: No such file or directory in /home/ubuntu/workspace/isperez/final/practice/getInfo.php on line 6
[10-May-2018 05:35:09 UTC] PHP Stack trace:
[10-May-2018 05:35:09 UTC] PHP   1. {main}() /home/ubuntu/workspace/isperez/final/practice/program1.php:0
[10-May-2018 05:35:09 UTC] PHP   2. include() /home/ubuntu/workspace/isperez/final/practice/program1.php:4
[10-May-2018 05:35:09 UTC] PHP Warning:  include(): Failed opening 'dbconnection.php' for inclusion (include_path='.:/usr/share/php:/usr/share/pear') in /home/ubuntu/workspace/isperez/final/practice/getInfo.php on line 6
[10-May-2018 05:35:09 UTC] PHP Stack trace:
[10-May-2018 05:35:09 UTC] PHP   1. {main}() /home/ubuntu/workspace/isperez/final/practice/program1.php:0
[10-May-2018 05:35:09 UTC] PHP   2. include() /home/ubuntu/workspace/isperez/final/practice/program1.php:4
[10-May-2018 05:35:25 UTC] PHP Warning:  include(./dbconnection.php): failed to open stream: No such file or directory in /home/ubuntu/workspace/isperez/final/practice/getInfo.php on line 6
[10-May-2018 05:35:25 UTC] PHP Stack trace:
[10-May-2018 05:35:25 UTC] PHP   1. {main}() /home/ubuntu/workspace/isperez/final/practice/program1.php:0
[10-May-2018 05:35:25 UTC] PHP   2. include() /home/ubuntu/workspace/isperez/final/practice/program1.php:4
[10-May-2018 05:35:25 UTC] PHP Warning:  include(): Failed opening './dbconnection.php' for inclusion (include_path='.:/usr/share/php:/usr/share/pear') in /home/ubuntu/workspace/isperez/final/practice/getInfo.php on line 6
[10-May-2018 05:35:25 UTC] PHP Stack trace:
[10-May-2018 05:35:25 UTC] PHP   1. {main}() /home/ubuntu/workspace/isperez/final/practice/program1.php:0
[10-May-2018 05:35:25 UTC] PHP   2. include() /home/ubuntu/workspace/isperez/final/practice/program1.php:4
[10-May-2018 05:35:41 UTC] PHP Warning:  include(../dbconnection.php): failed to open stream: No such file or directory in /home/ubuntu/workspace/isperez/final/practice/getInfo.php on line 6
[10-May-2018 05:35:41 UTC] PHP Stack trace:
[10-May-2018 05:35:41 UTC] PHP   1. {main}() /home/ubuntu/workspace/isperez/final/practice/program1.php:0
[10-May-2018 05:35:41 UTC] PHP   2. include() /home/ubuntu/workspace/isperez/final/practice/program1.php:4
[10-May-2018 05:35:41 UTC] PHP Warning:  include(): Failed opening '../dbconnection.php' for inclusion (include_path='.:/usr/share/php:/usr/share/pear') in /home/ubuntu/workspace/isperez/final/practice/getInfo.php on line 6
[10-May-2018 05:35:41 UTC] PHP Stack trace:
[10-May-2018 05:35:41 UTC] PHP   1. {main}() /home/ubuntu/workspace/isperez/final/practice/program1.php:0
[10-May-2018 05:35:41 UTC] PHP   2. include() /home/ubuntu/workspace/isperez/final/practice/program1.php:4
[10-May-2018 05:35:42 UTC] PHP Warning:  include(../dbconnection.php): failed to open stream: No such file or directory in /home/ubuntu/workspace/isperez/final/practice/getInfo.php on line 6
[10-May-2018 05:35:42 UTC] PHP Stack trace:
[10-May-2018 05:35:42 UTC] PHP   1. {main}() /home/ubuntu/workspace/isperez/final/practice/program1.php:0
[10-May-2018 05:35:42 UTC] PHP   2. include() /home/ubuntu/workspace/isperez/final/practice/program1.php:4
[10-May-2018 05:35:42 UTC] PHP Warning:  include(): Failed opening '../dbconnection.php' for inclusion (include_path='.:/usr/share/php:/usr/share/pear') in /home/ubuntu/workspace/isperez/final/practice/getInfo.php on line 6
[10-May-2018 05:35:42 UTC] PHP Stack trace:
[10-May-2018 05:35:42 UTC] PHP   1. {main}() /home/ubuntu/workspace/isperez/final/practice/program1.php:0
[10-May-2018 05:35:42 UTC] PHP   2. include() /home/ubuntu/workspace/isperez/final/practice/program1.php:4
[10-May-2018 05:35:46 UTC] PHP Warning:  include(../dbconnection.php): failed to open stream: No such file or directory in /home/ubuntu/workspace/isperez/final/practice/getInfo.php on line 6
[10-May-2018 05:35:46 UTC] PHP Stack trace:
[10-May-2018 05:35:46 UTC] PHP   1. {main}() /home/ubuntu/workspace/isperez/final/practice/program1.php:0
[10-May-2018 05:35:46 UTC] PHP   2. include() /home/ubuntu/workspace/isperez/final/practice/program1.php:4
[10-May-2018 05:35:46 UTC] PHP Warning:  include(): Failed opening '../dbconnection.php' for inclusion (include_path='.:/usr/share/php:/usr/share/pear') in /home/ubuntu/workspace/isperez/final/practice/getInfo.php on line 6
[10-May-2018 05:35:46 UTC] PHP Stack trace:
[10-May-2018 05:35:46 UTC] PHP   1. {main}() /home/ubuntu/workspace/isperez/final/practice/program1.php:0
[10-May-2018 05:35:46 UTC] PHP   2. include() /home/ubuntu/workspace/isperez/final/practice/program1.php:4
[10-May-2018 05:36:20 UTC] PHP Warning:  include(./dbconnection.php): failed to open stream: No such file or directory in /home/ubuntu/workspace/isperez/final/practice/getInfo.php on line 6
[10-May-2018 05:36:20 UTC] PHP Stack trace:
[10-May-2018 05:36:20 UTC] PHP   1. {main}() /home/ubuntu/workspace/isperez/final/practice/program1.php:0
[10-May-2018 05:36:20 UTC] PHP   2. include() /home/ubuntu/workspace/isperez/final/practice/program1.php:4
[10-May-2018 05:36:20 UTC] PHP Warning:  include(): Failed opening './dbconnection.php' for inclusion (include_path='.:/usr/share/php:/usr/share/pear') in /home/ubuntu/workspace/isperez/final/practice/getInfo.php on line 6
[10-May-2018 05:36:20 UTC] PHP Stack trace:
[10-May-2018 05:36:20 UTC] PHP   1. {main}() /home/ubuntu/workspace/isperez/final/practice/program1.php:0
[10-May-2018 05:36:20 UTC] PHP   2. include() /home/ubuntu/workspace/isperez/final/practice/program1.php:4
[10-May-2018 05:36:41 UTC] PHP Warning:  include(./dbconnection.php): failed to open stream: No such file or directory in /home/ubuntu/workspace/isperez/final/practice/getInfo.php on line 6
[10-May-2018 05:36:41 UTC] PHP Stack trace:
[10-May-2018 05:36:41 UTC] PHP   1. {main}() /home/ubuntu/workspace/isperez/final/practice/program1.php:0
[10-May-2018 05:36:41 UTC] PHP   2. include() /home/ubuntu/workspace/isperez/final/practice/program1.php:4
[10-May-2018 05:36:41 UTC] PHP Warning:  include(): Failed opening './dbconnection.php' for inclusion (include_path='.:/usr/share/php:/usr/share/pear') in /home/ubuntu/workspace/isperez/final/practice/getInfo.php on line 6
[10-May-2018 05:36:41 UTC] PHP Stack trace:
[10-May-2018 05:36:41 UTC] PHP   1. {main}() /home/ubuntu/workspace/isperez/final/practice/program1.php:0
[10-May-2018 05:36:41 UTC] PHP   2. include() /home/ubuntu/workspace/isperez/final/practice/program1.php:4
[10-May-2018 05:36:49 UTC] PHP Warning:  include(../dbconnection.php): failed to open stream: No such file or directory in /home/ubuntu/workspace/isperez/final/practice/getInfo.php on line 6
[10-May-2018 05:36:49 UTC] PHP Stack trace:
[10-May-2018 05:36:49 UTC] PHP   1. {main}() /home/ubuntu/workspace/isperez/final/practice/program1.php:0
[10-May-2018 05:36:49 UTC] PHP   2. include() /home/ubuntu/workspace/isperez/final/practice/program1.php:4
[10-May-2018 05:36:49 UTC] PHP Warning:  include(): Failed opening '../dbconnection.php' for inclusion (include_path='.:/usr/share/php:/usr/share/pear') in /home/ubuntu/workspace/isperez/final/practice/getInfo.php on line 6
[10-May-2018 05:36:49 UTC] PHP Stack trace:
[10-May-2018 05:36:49 UTC] PHP   1. {main}() /home/ubuntu/workspace/isperez/final/practice/program1.php:0
[10-May-2018 05:36:49 UTC] PHP   2. include() /home/ubuntu/workspace/isperez/final/practice/program1.php:4
[10-May-2018 05:36:54 UTC] PHP Warning:  include(dbconnection.php): failed to open stream: No such file or directory in /home/ubuntu/workspace/isperez/final/practice/getInfo.php on line 6
[10-May-2018 05:36:54 UTC] PHP Stack trace:
[10-May-2018 05:36:54 UTC] PHP   1. {main}() /home/ubuntu/workspace/isperez/final/practice/program1.php:0
[10-May-2018 05:36:54 UTC] PHP   2. include() /home/ubuntu/workspace/isperez/final/practice/program1.php:4
[10-May-2018 05:36:54 UTC] PHP Warning:  include(): Failed opening 'dbconnection.php' for inclusion (include_path='.:/usr/share/php:/usr/share/pear') in /home/ubuntu/workspace/isperez/final/practice/getInfo.php on line 6
[10-May-2018 05:36:54 UTC] PHP Stack trace:
[10-May-2018 05:36:54 UTC] PHP   1. {main}() /home/ubuntu/workspace/isperez/final/practice/program1.php:0
[10-May-2018 05:36:54 UTC] PHP   2. include() /home/ubuntu/workspace/isperez/final/practice/program1.php:4
[10-May-2018 05:36:56 UTC] PHP Warning:  include(dbconnection.php): failed to open stream: No such file or directory in /home/ubuntu/workspace/isperez/final/practice/getInfo.php on line 6
[10-May-2018 05:36:56 UTC] PHP Stack trace:
[10-May-2018 05:36:56 UTC] PHP   1. {main}() /home/ubuntu/workspace/isperez/final/practice/program1.php:0
[10-May-2018 05:36:56 UTC] PHP   2. include() /home/ubuntu/workspace/isperez/final/practice/program1.php:4
[10-May-2018 05:36:56 UTC] PHP Warning:  include(): Failed opening 'dbconnection.php' for inclusion (include_path='.:/usr/share/php:/usr/share/pear') in /home/ubuntu/workspace/isperez/final/practice/getInfo.php on line 6
[10-May-2018 05:36:56 UTC] PHP Stack trace:
[10-May-2018 05:36:56 UTC] PHP   1. {main}() /home/ubuntu/workspace/isperez/final/practice/program1.php:0
[10-May-2018 05:36:56 UTC] PHP   2. include() /home/ubuntu/workspace/isperez/final/practice/program1.php:4
[10-May-2018 05:37:01 UTC] PHP Warning:  include(/dbconnection.php): failed to open stream: No such file or directory in /home/ubuntu/workspace/isperez/final/practice/getInfo.php on line 6
[10-May-2018 05:37:01 UTC] PHP Stack trace:
[10-May-2018 05:37:01 UTC] PHP   1. {main}() /home/ubuntu/workspace/isperez/final/practice/program1.php:0
[10-May-2018 05:37:01 UTC] PHP   2. include() /home/ubuntu/workspace/isperez/final/practice/program1.php:4
[10-May-2018 05:37:01 UTC] PHP Warning:  include(): Failed opening '/dbconnection.php' for inclusion (include_path='.:/usr/share/php:/usr/share/pear') in /home/ubuntu/workspace/isperez/final/practice/getInfo.php on line 6
[10-May-2018 05:37:01 UTC] PHP Stack trace:
[10-May-2018 05:37:01 UTC] PHP   1. {main}() /home/ubuntu/workspace/isperez/final/practice/program1.php:0
[10-May-2018 05:37:01 UTC] PHP   2. include() /home/ubuntu/workspace/isperez/final/practice/program1.php:4
[10-May-2018 05:37:09 UTC] PHP Warning:  include(./dbconnection.php): failed to open stream: No such file or directory in /home/ubuntu/workspace/isperez/final/practice/getInfo.php on line 6
[10-May-2018 05:37:09 UTC] PHP Stack trace:
[10-May-2018 05:37:09 UTC] PHP   1. {main}() /home/ubuntu/workspace/isperez/final/practice/program1.php:0
[10-May-2018 05:37:09 UTC] PHP   2. include() /home/ubuntu/workspace/isperez/final/practice/program1.php:4
[10-May-2018 05:37:09 UTC] PHP Warning:  include(): Failed opening './dbconnection.php' for inclusion (include_path='.:/usr/share/php:/usr/share/pear') in /home/ubuntu/workspace/isperez/final/practice/getInfo.php on line 6
[10-May-2018 05:37:09 UTC] PHP Stack trace:
[10-May-2018 05:37:09 UTC] PHP   1. {main}() /home/ubuntu/workspace/isperez/final/practice/program1.php:0
[10-May-2018 05:37:09 UTC] PHP   2. include() /home/ubuntu/workspace/isperez/final/practice/program1.php:4
[10-May-2018 05:38:12 UTC] PHP Warning:  include(/isperez/final/dbConnection.php): failed to open stream: No such file or directory in /home/ubuntu/workspace/isperez/final/practice/getInfo.php on line 6
[10-May-2018 05:38:12 UTC] PHP Stack trace:
[10-May-2018 05:38:12 UTC] PHP   1. {main}() /home/ubuntu/workspace/isperez/final/practice/program1.php:0
[10-May-2018 05:38:12 UTC] PHP   2. include() /home/ubuntu/workspace/isperez/final/practice/program1.php:4
[10-May-2018 05:38:12 UTC] PHP Warning:  include(): Failed opening '/isperez/final/dbConnection.php' for inclusion (include_path='.:/usr/share/php:/usr/share/pear') in /home/ubuntu/workspace/isperez/final/practice/getInfo.php on line 6
[10-May-2018 05:38:12 UTC] PHP Stack trace:
[10-May-2018 05:38:12 UTC] PHP   1. {main}() /home/ubuntu/workspace/isperez/final/practice/program1.php:0
[10-May-2018 05:38:12 UTC] PHP   2. include() /home/ubuntu/workspace/isperez/final/practice/program1.php:4
[10-May-2018 05:47:46 UTC] PHP Fatal error:  Uncaught exception 'PDOException' with message 'SQLSTATE[42S22]: Column not found: 1054 Unknown column 'usename' in 'where clause'' in /home/ubuntu/workspace/isperez/final/practice/program1.php:27
Stack trace:
#0 /home/ubuntu/workspace/isperez/final/practice/program1.php(27): PDOStatement->execute(Array)
#1 {main}
  thrown in /home/ubuntu/workspace/isperez/final/practice/program1.php on line 27
[10-May-2018 05:48:17 UTC] PHP Fatal error:  Uncaught exception 'PDOException' with message 'SQLSTATE[42S22]: Column not found: 1054 Unknown column 'usename' in 'where clause'' in /home/ubuntu/workspace/isperez/final/practice/program1.php:27
Stack trace:
#0 /home/ubuntu/workspace/isperez/final/practice/program1.php(27): PDOStatement->execute(Array)
#1 {main}
  thrown in /home/ubuntu/workspace/isperez/final/practice/program1.php on line 27
[10-May-2018 05:48:22 UTC] PHP Fatal error:  Uncaught exception 'PDOException' with message 'SQLSTATE[42S22]: Column not found: 1054 Unknown column 'usename' in 'where clause'' in /home/ubuntu/workspace/isperez/final/practice/program1.php:27
Stack trace:
#0 /home/ubuntu/workspace/isperez/final/practice/program1.php(27): PDOStatement->execute(Array)
#1 {main}
  thrown in /home/ubuntu/workspace/isperez/final/practice/program1.php on line 27
[10-May-2018 05:54:19 UTC] PHP Fatal error:  Uncaught exception 'PDOException' with message 'SQLSTATE[42S22]: Column not found: 1054 Unknown column 'usename' in 'where clause'' in /home/ubuntu/workspace/isperez/final/practice/program1.php:27
Stack trace:
#0 /home/ubuntu/workspace/isperez/final/practice/program1.php(27): PDOStatement->execute(Array)
#1 {main}
  thrown in /home/ubuntu/workspace/isperez/final/practice/program1.php on line 27
[10-May-2018 05:54:22 UTC] PHP Fatal error:  Uncaught exception 'PDOException' with message 'SQLSTATE[42S22]: Column not found: 1054 Unknown column 'usename' in 'where clause'' in /home/ubuntu/workspace/isperez/final/practice/program1.php:27
Stack trace:
#0 /home/ubuntu/workspace/isperez/final/practice/program1.php(27): PDOStatement->execute(Array)
#1 {main}
  thrown in /home/ubuntu/workspace/isperez/final/practice/program1.php on line 27
[10-May-2018 06:36:59 UTC] PHP Fatal error:  Uncaught exception 'PDOException' with message 'SQLSTATE[HY093]: Invalid parameter number: parameter was not defined' in /home/ubuntu/workspace/isperez/final/practice/program1.php:27
Stack trace:
#0 /home/ubuntu/workspace/isperez/final/practice/program1.php(27): PDOStatement->execute(Array)
#1 {main}
  thrown in /home/ubuntu/workspace/isperez/final/practice/program1.php on line 27
[10-May-2018 06:37:16 UTC] PHP Fatal error:  Uncaught exception 'PDOException' with message 'SQLSTATE[HY093]: Invalid parameter number: parameter was not defined' in /home/ubuntu/workspace/isperez/final/practice/program1.php:27
Stack trace:
#0 /home/ubuntu/workspace/isperez/final/practice/program1.php(27): PDOStatement->execute(Array)
#1 {main}
  thrown in /home/ubuntu/workspace/isperez/final/practice/program1.php on line 27
[10-May-2018 06:38:22 UTC] PHP Fatal error:  Uncaught exception 'PDOException' with message 'SQLSTATE[HY093]: Invalid parameter number: parameter was not defined' in /home/ubuntu/workspace/isperez/final/practice/program1.php:27
Stack trace:
#0 /home/ubuntu/workspace/isperez/final/practice/program1.php(27): PDOStatement->execute(Array)
#1 {main}
  thrown in /home/ubuntu/workspace/isperez/final/practice/program1.php on line 27
[10-May-2018 06:38:48 UTC] PHP Fatal error:  Uncaught exception 'PDOException' with message 'SQLSTATE[HY093]: Invalid parameter number: parameter was not defined' in /home/ubuntu/workspace/isperez/final/practice/program1.php:27
Stack trace:
#0 /home/ubuntu/workspace/isperez/final/practice/program1.php(27): PDOStatement->execute(Array)
#1 {main}
  thrown in /home/ubuntu/workspace/isperez/final/practice/program1.php on line 27
[10-May-2018 06:39:37 UTC] PHP Fatal error:  Uncaught exception 'PDOException' with message 'SQLSTATE[HY093]: Invalid parameter number: parameter was not defined' in /home/ubuntu/workspace/isperez/final/practice/program1.php:27
Stack trace:
#0 /home/ubuntu/workspace/isperez/final/practice/program1.php(27): PDOStatement->execute(Array)
#1 {main}
  thrown in /home/ubuntu/workspace/isperez/final/practice/program1.php on line 27
[10-May-2018 07:05:54 UTC] PHP Warning:  include(functions.php): failed to open stream: No such file or directory in /home/ubuntu/workspace/isperez/final/practice/program1.php on line 7
[10-May-2018 07:05:54 UTC] PHP Stack trace:
[10-May-2018 07:05:54 UTC] PHP   1. {main}() /home/ubuntu/workspace/isperez/final/practice/program1.php:0
[10-May-2018 07:05:54 UTC] PHP Warning:  include(): Failed opening 'functions.php' for inclusion (include_path='.:/usr/share/php:/usr/share/pear') in /home/ubuntu/workspace/isperez/final/practice/program1.php on line 7
[10-May-2018 07:05:54 UTC] PHP Stack trace:
[10-May-2018 07:05:54 UTC] PHP   1. {main}() /home/ubuntu/workspace/isperez/final/practice/program1.php:0
[10-May-2018 07:06:07 UTC] PHP Warning:  include(./functions.php): failed to open stream: No such file or directory in /home/ubuntu/workspace/isperez/final/practice/program1.php on line 7
[10-May-2018 07:06:07 UTC] PHP Stack trace:
[10-May-2018 07:06:07 UTC] PHP   1. {main}() /home/ubuntu/workspace/isperez/final/practice/program1.php:0
[10-May-2018 07:06:07 UTC] PHP Warning:  include(): Failed opening './functions.php' for inclusion (include_path='.:/usr/share/php:/usr/share/pear') in /home/ubuntu/workspace/isperez/final/practice/program1.php on line 7
[10-May-2018 07:06:07 UTC] PHP Stack trace:
[10-May-2018 07:06:07 UTC] PHP   1. {main}() /home/ubuntu/workspace/isperez/final/practice/program1.php:0
[10-May-2018 07:06:19 UTC] PHP Fatal error:  Cannot redeclare getDatabaseConnection() (previously declared in /home/ubuntu/workspace/isperez/dbConnection.php:3) in /home/ubuntu/workspace/isperez/dbConnection.php on line 3
[10-May-2018 07:06:19 UTC] PHP Stack trace:
[10-May-2018 07:06:19 UTC] PHP   1. {main}() /home/ubuntu/workspace/isperez/final/practice/program1.php:0
[10-May-2018 07:06:19 UTC] PHP   2. include() /home/ubuntu/workspace/isperez/final/practice/program1.php:7
[10-May-2018 07:06:46 UTC] PHP Fatal error:  Cannot redeclare getDatabaseConnection() (previously declared in /home/ubuntu/workspace/isperez/dbConnection.php:3) in /home/ubuntu/workspace/isperez/dbConnection.php on line 3
[10-May-2018 07:06:46 UTC] PHP Stack trace:
[10-May-2018 07:06:46 UTC] PHP   1. {main}() /home/ubuntu/workspace/isperez/final/practice/program1.php:0
[10-May-2018 07:06:46 UTC] PHP   2. include() /home/ubuntu/workspace/isperez/final/practice/program1.php:7
[10-May-2018 07:07:33 UTC] PHP Fatal error:  Cannot redeclare getDatabaseConnection() (previously declared in /home/ubuntu/workspace/isperez/dbConnection.php:3) in /home/ubuntu/workspace/isperez/dbConnection.php on line 3
[10-May-2018 07:07:33 UTC] PHP Stack trace:
[10-May-2018 07:07:33 UTC] PHP   1. {main}() /home/ubuntu/workspace/isperez/final/practice/program1.php:0
[10-May-2018 07:07:33 UTC] PHP   2. include() /home/ubuntu/workspace/isperez/final/practice/program1.php:7
[10-May-2018 07:08:18 UTC] PHP Fatal error:  Cannot redeclare getDatabaseConnection() (previously declared in /home/ubuntu/workspace/isperez/dbConnection.php:3) in /home/ubuntu/workspace/isperez/dbConnection.php on line 3
[10-May-2018 07:08:18 UTC] PHP Stack trace:
[10-May-2018 07:08:18 UTC] PHP   1. {main}() /home/ubuntu/workspace/isperez/final/practice/program1.php:0
[10-May-2018 07:08:18 UTC] PHP   2. include() /home/ubuntu/workspace/isperez/final/practice/program1.php:7
[10-May-2018 07:13:52 UTC] PHP Fatal error:  Call to a member function query() on a non-object in /home/ubuntu/workspace/isperez/final/practice/function.php on line 9
[10-May-2018 07:13:52 UTC] PHP Stack trace:
[10-May-2018 07:13:52 UTC] PHP   1. {main}() /home/ubuntu/workspace/isperez/final/practice/program1.php:0
[10-May-2018 07:13:52 UTC] PHP   2. showLogin() /home/ubuntu/workspace/isperez/final/practice/program1.php:79
[10-May-2018 07:17:06 UTC] PHP Fatal error:  Call to a member function query() on a non-object in /home/ubuntu/workspace/isperez/final/practice/function.php on line 8
[10-May-2018 07:17:06 UTC] PHP Stack trace:
[10-May-2018 07:17:06 UTC] PHP   1. {main}() /home/ubuntu/workspace/isperez/final/practice/program1.php:0
[10-May-2018 07:17:06 UTC] PHP   2. showLogin() /home/ubuntu/workspace/isperez/final/practice/program1.php:79
[11-May-2018 00:27:30 UTC] PHP Fatal error:  Uncaught exception 'PDOException' with message 'SQLSTATE[42000]: Syntax error or access violation: 1064 You have an error in your SQL syntax; check the manual that corresponds to your MySQL server version for the right syntax to use near 'FROM lastLogin, lastLoginStatus FROM fp_login' at line 1' in /home/ubuntu/workspace/isperez/final/practice/function.php:9
Stack trace:
#0 /home/ubuntu/workspace/isperez/final/practice/function.php(9): PDO->query('SELECT FROM las...')
#1 /home/ubuntu/workspace/isperez/final/practice/program1.php(79): showLogin()
#2 {main}
  thrown in /home/ubuntu/workspace/isperez/final/practice/function.php on line 9
[13-May-2018 04:53:03 UTC] PHP Warning:  Illegal string offset 'lastLoginStatus' in /home/ubuntu/workspace/isperez/final/practice/program1.php on line 44
[13-May-2018 04:53:03 UTC] PHP Stack trace:
[13-May-2018 04:53:03 UTC] PHP   1. {main}() /home/ubuntu/workspace/isperez/final/practice/program1.php:0
[13-May-2018 04:53:25 UTC] PHP Parse error:  syntax error, unexpected ',', expecting ']' in /home/ubuntu/workspace/isperez/final/practice/program1.php on line 44
[13-May-2018 05:00:28 UTC] PHP Parse error:  syntax error, unexpected end of file in /home/ubuntu/workspace/isperez/final/practice/program1.php on line 151
[13-May-2018 05:00:29 UTC] PHP Parse error:  syntax error, unexpected end of file in /home/ubuntu/workspace/isperez/final/practice/program1.php on line 151
[13-May-2018 05:00:54 UTC] PHP Warning:  include(functions.php): failed to open stream: No such file or directory in /home/ubuntu/workspace/isperez/final/practice/getInfo.php on line 5
[13-May-2018 05:00:54 UTC] PHP Stack trace:
[13-May-2018 05:00:54 UTC] PHP   1. {main}() /home/ubuntu/workspace/isperez/final/practice/getInfo.php:0
[13-May-2018 05:00:54 UTC] PHP Warning:  include(): Failed opening 'functions.php' for inclusion (include_path='.:/usr/share/php:/usr/share/pear') in /home/ubuntu/workspace/isperez/final/practice/getInfo.php on line 5
[13-May-2018 05:00:54 UTC] PHP Stack trace:
[13-May-2018 05:00:54 UTC] PHP   1. {main}() /home/ubuntu/workspace/isperez/final/practice/getInfo.php:0
[13-May-2018 05:01:44 UTC] PHP Warning:  include(functions.php): failed to open stream: No such file or directory in /home/ubuntu/workspace/isperez/final/practice/getInfo.php on line 5
[13-May-2018 05:01:44 UTC] PHP Stack trace:
[13-May-2018 05:01:44 UTC] PHP   1. {main}() /home/ubuntu/workspace/isperez/final/practice/getInfo.php:0
[13-May-2018 05:01:44 UTC] PHP Warning:  include(): Failed opening 'functions.php' for inclusion (include_path='.:/usr/share/php:/usr/share/pear') in /home/ubuntu/workspace/isperez/final/practice/getInfo.php on line 5
[13-May-2018 05:01:44 UTC] PHP Stack trace:
[13-May-2018 05:01:44 UTC] PHP   1. {main}() /home/ubuntu/workspace/isperez/final/practice/getInfo.php:0
[13-May-2018 05:09:17 UTC] PHP Fatal error:  Call to undefined function getdatabaseConnection() in /home/ubuntu/workspace/isperez/final/practice/function.php on line 4
[13-May-2018 05:09:17 UTC] PHP Stack trace:
[13-May-2018 05:09:17 UTC] PHP   1. {main}() /home/ubuntu/workspace/isperez/final/practice/function.php:0
[13-May-2018 05:22:18 UTC] PHP Warning:  include(functions.php): failed to open stream: No such file or directory in /home/ubuntu/workspace/isperez/final/practice/getInfo.php on line 5
[13-May-2018 05:22:18 UTC] PHP Stack trace:
[13-May-2018 05:22:18 UTC] PHP   1. {main}() /home/ubuntu/workspace/isperez/final/practice/getInfo.php:0
[13-May-2018 05:22:18 UTC] PHP Warning:  include(): Failed opening 'functions.php' for inclusion (include_path='.:/usr/share/php:/usr/share/pear') in /home/ubuntu/workspace/isperez/final/practice/getInfo.php on line 5
[13-May-2018 05:22:18 UTC] PHP Stack trace:
[13-May-2018 05:22:18 UTC] PHP   1. {main}() /home/ubuntu/workspace/isperez/final/practice/getInfo.php:0
[13-May-2018 07:51:46 UTC] PHP Fatal error:  Cannot redeclare getDatabaseConnection() (previously declared in /home/ubuntu/workspace/isperez/dbConnection.php:3) in /home/ubuntu/workspace/isperez/dbConnection.php on line 3
[13-May-2018 07:51:46 UTC] PHP Stack trace:
[13-May-2018 07:51:46 UTC] PHP   1. {main}() /home/ubuntu/workspace/isperez/final/practice/program1.php:0
[13-May-2018 07:51:46 UTC] PHP   2. include() /home/ubuntu/workspace/isperez/final/practice/program1.php:52
[13-May-2018 07:51:46 UTC] PHP   3. include() /home/ubuntu/workspace/isperez/final/practice/function.php:2
[13-May-2018 07:55:17 UTC] PHP Fatal error:  Call to undefined function getdatabaseConnection() in /home/ubuntu/workspace/isperez/final/practice/function.php on line 3
[13-May-2018 07:55:17 UTC] PHP Stack trace:
[13-May-2018 07:55:17 UTC] PHP   1. {main}() /home/ubuntu/workspace/isperez/final/practice/function.php:0
[13-May-2018 07:57:04 UTC] PHP Warning:  include(functions.php): failed to open stream: No such file or directory in /home/ubuntu/workspace/isperez/final/practice/getInfo.php on line 5
[13-May-2018 07:57:04 UTC] PHP Stack trace:
[13-May-2018 07:57:04 UTC] PHP   1. {main}() /home/ubuntu/workspace/isperez/final/practice/getInfo.php:0
[13-May-2018 07:57:04 UTC] PHP Warning:  include(): Failed opening 'functions.php' for inclusion (include_path='.:/usr/share/php:/usr/share/pear') in /home/ubuntu/workspace/isperez/final/practice/getInfo.php on line 5
[13-May-2018 07:57:04 UTC] PHP Stack trace:
[13-May-2018 07:57:04 UTC] PHP   1. {main}() /home/ubuntu/workspace/isperez/final/practice/getInfo.php:0
[13-May-2018 07:57:43 UTC] PHP Warning:  include(functions.php): failed to open stream: No such file or directory in /home/ubuntu/workspace/isperez/final/practice/getInfo.php on line 5
[13-May-2018 07:57:43 UTC] PHP Stack trace:
[13-May-2018 07:57:43 UTC] PHP   1. {main}() /home/ubuntu/workspace/isperez/final/practice/getInfo.php:0
[13-May-2018 07:57:43 UTC] PHP Warning:  include(): Failed opening 'functions.php' for inclusion (include_path='.:/usr/share/php:/usr/share/pear') in /home/ubuntu/workspace/isperez/final/practice/getInfo.php on line 5
[13-May-2018 07:57:43 UTC] PHP Stack trace:
[13-May-2018 07:57:43 UTC] PHP   1. {main}() /home/ubuntu/workspace/isperez/final/practice/getInfo.php:0
[13-May-2018 07:57:59 UTC] PHP Warning:  include(functions.php): failed to open stream: No such file or directory in /home/ubuntu/workspace/isperez/final/practice/getInfo.php on line 5
[13-May-2018 07:57:59 UTC] PHP Stack trace:
[13-May-2018 07:57:59 UTC] PHP   1. {main}() /home/ubuntu/workspace/isperez/final/practice/getInfo.php:0
[13-May-2018 07:57:59 UTC] PHP Warning:  include(): Failed opening 'functions.php' for inclusion (include_path='.:/usr/share/php:/usr/share/pear') in /home/ubuntu/workspace/isperez/final/practice/getInfo.php on line 5
[13-May-2018 07:57:59 UTC] PHP Stack trace:
[13-May-2018 07:57:59 UTC] PHP   1. {main}() /home/ubuntu/workspace/isperez/final/practice/getInfo.php:0
[13-May-2018 07:58:03 UTC] PHP Warning:  include(functions.php): failed to open stream: No such file or directory in /home/ubuntu/workspace/isperez/final/practice/getInfo.php on line 5
[13-May-2018 07:58:03 UTC] PHP Stack trace:
[13-May-2018 07:58:03 UTC] PHP   1. {main}() /home/ubuntu/workspace/isperez/final/practice/getInfo.php:0
[13-May-2018 07:58:03 UTC] PHP Warning:  include(): Failed opening 'functions.php' for inclusion (include_path='.:/usr/share/php:/usr/share/pear') in /home/ubuntu/workspace/isperez/final/practice/getInfo.php on line 5
[13-May-2018 07:58:03 UTC] PHP Stack trace:
[13-May-2018 07:58:03 UTC] PHP   1. {main}() /home/ubuntu/workspace/isperez/final/practice/getInfo.php:0
[13-May-2018 07:58:15 UTC] PHP Warning:  include(functions.php): failed to open stream: No such file or directory in /home/ubuntu/workspace/isperez/final/practice/getInfo.php on line 5
[13-May-2018 07:58:15 UTC] PHP Stack trace:
[13-May-2018 07:58:15 UTC] PHP   1. {main}() /home/ubuntu/workspace/isperez/final/practice/getInfo.php:0
[13-May-2018 07:58:15 UTC] PHP Warning:  include(): Failed opening 'functions.php' for inclusion (include_path='.:/usr/share/php:/usr/share/pear') in /home/ubuntu/workspace/isperez/final/practice/getInfo.php on line 5
[13-May-2018 07:58:15 UTC] PHP Stack trace:
[13-May-2018 07:58:15 UTC] PHP   1. {main}() /home/ubuntu/workspace/isperez/final/practice/getInfo.php:0
[13-May-2018 08:15:30 UTC] PHP Warning:  include(./helper_functions.php): failed to open stream: No such file or directory in /home/ubuntu/workspace/isperez/final/practice/showResult.php on line 3
[13-May-2018 08:15:30 UTC] PHP Stack trace:
[13-May-2018 08:15:30 UTC] PHP   1. {main}() /home/ubuntu/workspace/isperez/final/practice/showResult.php:0
[13-May-2018 08:15:30 UTC] PHP Warning:  include(): Failed opening './helper_functions.php' for inclusion (include_path='.:/usr/share/php:/usr/share/pear') in /home/ubuntu/workspace/isperez/final/practice/showResult.php on line 3
[13-May-2018 08:15:30 UTC] PHP Stack trace:
[13-May-2018 08:15:30 UTC] PHP   1. {main}() /home/ubuntu/workspace/isperez/final/practice/showResult.php:0
[15-May-2018 20:53:02 UTC] PHP Parse error:  syntax error, unexpected 'echo' (T_ECHO) in /home/ubuntu/workspace/isperez/final/practice/program1.php on line 41
[15-May-2018 20:53:14 UTC] PHP Fatal error:  Call to a member function prepare() on a non-object in /home/ubuntu/workspace/isperez/final/practice/program1.php on line 62
[15-May-2018 20:53:14 UTC] PHP Stack trace:
[15-May-2018 20:53:14 UTC] PHP   1. {main}() /home/ubuntu/workspace/isperez/final/practice/program1.php:0
[15-May-2018 20:53:14 UTC] PHP Fatal error:  Call to a member function prepare() on a non-object in /home/ubuntu/workspace/isperez/final/practice/program1.php on line 62
[15-May-2018 20:53:14 UTC] PHP Stack trace:
[15-May-2018 20:53:14 UTC] PHP   1. {main}() /home/ubuntu/workspace/isperez/final/practice/program1.php:0
[15-May-2018 20:54:21 UTC] PHP Fatal error:  Call to a member function prepare() on a non-object in /home/ubuntu/workspace/isperez/final/practice/program1.php on line 62
[15-May-2018 20:54:21 UTC] PHP Stack trace:
[15-May-2018 20:54:21 UTC] PHP   1. {main}() /home/ubuntu/workspace/isperez/final/practice/program1.php:0
[15-May-2018 20:54:45 UTC] PHP Fatal error:  Call to a member function prepare() on a non-object in /home/ubuntu/workspace/isperez/final/practice/program1.php on line 62
[15-May-2018 20:54:45 UTC] PHP Stack trace:
[15-May-2018 20:54:45 UTC] PHP   1. {main}() /home/ubuntu/workspace/isperez/final/practice/program1.php:0
[15-May-2018 22:48:47 UTC] PHP Fatal error:  Call to a member function prepare() on a non-object in /home/ubuntu/workspace/isperez/final/practice/program1.php on line 36
[15-May-2018 22:48:47 UTC] PHP Stack trace:
[15-May-2018 22:48:47 UTC] PHP   1. {main}() /home/ubuntu/workspace/isperez/final/practice/program1.php:0
[15-May-2018 23:02:12 UTC] PHP Fatal error:  Call to a member function prepare() on a non-object in /home/ubuntu/workspace/isperez/final/practice/program1.php on line 36
[15-May-2018 23:02:12 UTC] PHP Stack trace:
[15-May-2018 23:02:12 UTC] PHP   1. {main}() /home/ubuntu/workspace/isperez/final/practice/program1.php:0
[15-May-2018 23:38:38 UTC] PHP Fatal error:  Uncaught exception 'PDOException' with message 'SQLSTATE[HY093]: Invalid parameter number: number of bound variables does not match number of tokens' in /home/ubuntu/workspace/isperez/final/practice/program1.php:32
Stack trace:
#0 /home/ubuntu/workspace/isperez/final/practice/program1.php(32): PDOStatement->execute(Array)
#1 {main}
  thrown in /home/ubuntu/workspace/isperez/final/practice/program1.php on line 32
[15-May-2018 23:39:45 UTC] PHP Fatal error:  Uncaught exception 'PDOException' with message 'SQLSTATE[HY093]: Invalid parameter number: number of bound variables does not match number of tokens' in /home/ubuntu/workspace/isperez/final/practice/program1.php:34
Stack trace:
#0 /home/ubuntu/workspace/isperez/final/practice/program1.php(34): PDOStatement->execute(Array)
#1 {main}
  thrown in /home/ubuntu/workspace/isperez/final/practice/program1.php on line 34
[15-May-2018 23:40:01 UTC] PHP Fatal error:  Uncaught exception 'PDOException' with message 'SQLSTATE[HY093]: Invalid parameter number: number of bound variables does not match number of tokens' in /home/ubuntu/workspace/isperez/final/practice/program1.php:34
Stack trace:
#0 /home/ubuntu/workspace/isperez/final/practice/program1.php(34): PDOStatement->execute(Array)
#1 {main}
  thrown in /home/ubuntu/workspace/isperez/final/practice/program1.php on line 34
[15-May-2018 23:40:27 UTC] PHP Fatal error:  Uncaught exception 'PDOException' with message 'SQLSTATE[HY093]: Invalid parameter number: number of bound variables does not match number of tokens' in /home/ubuntu/workspace/isperez/final/practice/program1.php:34
Stack trace:
#0 /home/ubuntu/workspace/isperez/final/practice/program1.php(34): PDOStatement->execute(Array)
#1 {main}
  thrown in /home/ubuntu/workspace/isperez/final/practice/program1.php on line 34
[16-May-2018 05:26:09 UTC] PHP Fatal error:  Uncaught exception 'PDOException' with message 'SQLSTATE[HY093]: Invalid parameter number: number of bound variables does not match number of tokens' in /home/ubuntu/workspace/isperez/final/practice/program1.php:24
Stack trace:
#0 /home/ubuntu/workspace/isperez/final/practice/program1.php(24): PDOStatement->execute(Array)
#1 {main}
  thrown in /home/ubuntu/workspace/isperez/final/practice/program1.php on line 24
[16-May-2018 05:27:55 UTC] PHP Fatal error:  Function name must be a string in /home/ubuntu/workspace/isperez/final/practice/program1.php on line 26
[16-May-2018 05:27:55 UTC] PHP Stack trace:
[16-May-2018 05:27:55 UTC] PHP   1. {main}() /home/ubuntu/workspace/isperez/final/practice/program1.php:0
[16-May-2018 05:27:58 UTC] PHP Fatal error:  Function name must be a string in /home/ubuntu/workspace/isperez/final/practice/program1.php on line 26
[16-May-2018 05:27:58 UTC] PHP Stack trace:
[16-May-2018 05:27:58 UTC] PHP   1. {main}() /home/ubuntu/workspace/isperez/final/practice/program1.php:0
[16-May-2018 05:34:57 UTC] PHP Fatal error:  Uncaught exception 'PDOException' with message 'SQLSTATE[HY000]: General error' in /home/ubuntu/workspace/isperez/final/practice/program1.php:61
Stack trace:
#0 /home/ubuntu/workspace/isperez/final/practice/program1.php(61): PDOStatement->fetch(2)
#1 {main}
  thrown in /home/ubuntu/workspace/isperez/final/practice/program1.php on line 61
[16-May-2018 05:35:42 UTC] PHP Fatal error:  Uncaught exception 'PDOException' with message 'SQLSTATE[HY000]: General error' in /home/ubuntu/workspace/isperez/final/practice/program1.php:61
Stack trace:
#0 /home/ubuntu/workspace/isperez/final/practice/program1.php(61): PDOStatement->fetch(2)
#1 {main}
  thrown in /home/ubuntu/workspace/isperez/final/practice/program1.php on line 61
[16-May-2018 05:39:42 UTC] PHP Parse error:  syntax error, unexpected '}' in /home/ubuntu/workspace/isperez/final/practice/Welcome.php on line 16
[16-May-2018 05:46:26 UTC] PHP Fatal error:  Call to a member function prepare() on a non-object in /home/ubuntu/workspace/isperez/final/practice/program1.php on line 16
[16-May-2018 05:46:26 UTC] PHP Stack trace:
[16-May-2018 05:46:26 UTC] PHP   1. {main}() /home/ubuntu/workspace/isperez/final/practice/program1.php:0
[16-May-2018 05:46:26 UTC] PHP   2. validUserName() /home/ubuntu/workspace/isperez/final/practice/program1.php:78
[16-May-2018 05:48:49 UTC] PHP Fatal error:  Call to a member function prepare() on a non-object in /home/ubuntu/workspace/isperez/final/practice/program1.php on line 23
[16-May-2018 05:48:49 UTC] PHP Stack trace:
[16-May-2018 05:48:49 UTC] PHP   1. {main}() /home/ubuntu/workspace/isperez/final/practice/program1.php:0
[16-May-2018 05:48:49 UTC] PHP   2. validUserName() /home/ubuntu/workspace/isperez/final/practice/program1.php:75
[16-May-2018 05:50:25 UTC] PHP Fatal error:  Call to a member function prepare() on a non-object in /home/ubuntu/workspace/isperez/final/practice/program1.php on line 23
[16-May-2018 05:50:25 UTC] PHP Stack trace:
[16-May-2018 05:50:25 UTC] PHP   1. {main}() /home/ubuntu/workspace/isperez/final/practice/program1.php:0
[16-May-2018 05:50:25 UTC] PHP   2. validUserName() /home/ubuntu/workspace/isperez/final/practice/program1.php:75
[16-May-2018 07:26:15 UTC] PHP Warning:  include(./dbconnection.php): failed to open stream: No such file or directory in /home/ubuntu/workspace/isperez/final/practice/program2.php on line 2
[16-May-2018 07:26:15 UTC] PHP Stack trace:
[16-May-2018 07:26:15 UTC] PHP   1. {main}() /home/ubuntu/workspace/isperez/final/practice/program2.php:0
[16-May-2018 07:26:15 UTC] PHP Warning:  include(): Failed opening './dbconnection.php' for inclusion (include_path='.:/usr/share/php:/usr/share/pear') in /home/ubuntu/workspace/isperez/final/practice/program2.php on line 2
[16-May-2018 07:26:15 UTC] PHP Stack trace:
[16-May-2018 07:26:15 UTC] PHP   1. {main}() /home/ubuntu/workspace/isperez/final/practice/program2.php:0
[16-May-2018 07:26:15 UTC] PHP Fatal error:  Call to undefined function getDatabaseConnection() in /home/ubuntu/workspace/isperez/final/practice/program2.php on line 4
[16-May-2018 07:26:15 UTC] PHP Stack trace:
[16-May-2018 07:26:15 UTC] PHP   1. {main}() /home/ubuntu/workspace/isperez/final/practice/program2.php:0
[16-May-2018 07:26:41 UTC] PHP Warning:  include(../dbconnection.php): failed to open stream: No such file or directory in /home/ubuntu/workspace/isperez/final/practice/program2.php on line 2
[16-May-2018 07:26:41 UTC] PHP Stack trace:
[16-May-2018 07:26:41 UTC] PHP   1. {main}() /home/ubuntu/workspace/isperez/final/practice/program2.php:0
[16-May-2018 07:26:41 UTC] PHP Warning:  include(): Failed opening '../dbconnection.php' for inclusion (include_path='.:/usr/share/php:/usr/share/pear') in /home/ubuntu/workspace/isperez/final/practice/program2.php on line 2
[16-May-2018 07:26:41 UTC] PHP Stack trace:
[16-May-2018 07:26:41 UTC] PHP   1. {main}() /home/ubuntu/workspace/isperez/final/practice/program2.php:0
[16-May-2018 07:26:41 UTC] PHP Fatal error:  Call to undefined function getDatabaseConnection() in /home/ubuntu/workspace/isperez/final/practice/program2.php on line 4
[16-May-2018 07:26:41 UTC] PHP Stack trace:
[16-May-2018 07:26:41 UTC] PHP   1. {main}() /home/ubuntu/workspace/isperez/final/practice/program2.php:0
[16-May-2018 07:26:49 UTC] PHP Warning:  include(./dbconnection.php): failed to open stream: No such file or directory in /home/ubuntu/workspace/isperez/final/practice/program2.php on line 2
[16-May-2018 07:26:49 UTC] PHP Stack trace:
[16-May-2018 07:26:49 UTC] PHP   1. {main}() /home/ubuntu/workspace/isperez/final/practice/program2.php:0
[16-May-2018 07:26:49 UTC] PHP Warning:  include(): Failed opening './dbconnection.php' for inclusion (include_path='.:/usr/share/php:/usr/share/pear') in /home/ubuntu/workspace/isperez/final/practice/program2.php on line 2
[16-May-2018 07:26:49 UTC] PHP Stack trace:
[16-May-2018 07:26:49 UTC] PHP   1. {main}() /home/ubuntu/workspace/isperez/final/practice/program2.php:0
[16-May-2018 07:26:49 UTC] PHP Fatal error:  Call to undefined function getDatabaseConnection() in /home/ubuntu/workspace/isperez/final/practice/program2.php on line 4
[16-May-2018 07:26:49 UTC] PHP Stack trace:
[16-May-2018 07:26:49 UTC] PHP   1. {main}() /home/ubuntu/workspace/isperez/final/practice/program2.php:0
[16-May-2018 07:27:02 UTC] PHP Warning:  include(./dbconnection.php): failed to open stream: No such file or directory in /home/ubuntu/workspace/isperez/final/practice/program2.php on line 2
[16-May-2018 07:27:02 UTC] PHP Stack trace:
[16-May-2018 07:27:02 UTC] PHP   1. {main}() /home/ubuntu/workspace/isperez/final/practice/program2.php:0
[16-May-2018 07:27:02 UTC] PHP Warning:  include(): Failed opening './dbconnection.php' for inclusion (include_path='.:/usr/share/php:/usr/share/pear') in /home/ubuntu/workspace/isperez/final/practice/program2.php on line 2
[16-May-2018 07:27:02 UTC] PHP Stack trace:
[16-May-2018 07:27:02 UTC] PHP   1. {main}() /home/ubuntu/workspace/isperez/final/practice/program2.php:0
[16-May-2018 07:27:02 UTC] PHP Fatal error:  Call to undefined function getdatabaseConnection() in /home/ubuntu/workspace/isperez/final/practice/program2.php on line 4
[16-May-2018 07:27:02 UTC] PHP Stack trace:
[16-May-2018 07:27:02 UTC] PHP   1. {main}() /home/ubuntu/workspace/isperez/final/practice/program2.php:0
[16-May-2018 07:27:14 UTC] PHP Warning:  include(/../dbconnection.php): failed to open stream: No such file or directory in /home/ubuntu/workspace/isperez/final/practice/program2.php on line 2
[16-May-2018 07:27:14 UTC] PHP Stack trace:
[16-May-2018 07:27:14 UTC] PHP   1. {main}() /home/ubuntu/workspace/isperez/final/practice/program2.php:0
[16-May-2018 07:27:14 UTC] PHP Warning:  include(): Failed opening '/../dbconnection.php' for inclusion (include_path='.:/usr/share/php:/usr/share/pear') in /home/ubuntu/workspace/isperez/final/practice/program2.php on line 2
[16-May-2018 07:27:14 UTC] PHP Stack trace:
[16-May-2018 07:27:14 UTC] PHP   1. {main}() /home/ubuntu/workspace/isperez/final/practice/program2.php:0
[16-May-2018 07:27:14 UTC] PHP Fatal error:  Call to undefined function getDatabaseConnection() in /home/ubuntu/workspace/isperez/final/practice/program2.php on line 4
[16-May-2018 07:27:14 UTC] PHP Stack trace:
[16-May-2018 07:27:14 UTC] PHP   1. {main}() /home/ubuntu/workspace/isperez/final/practice/program2.php:0
[16-May-2018 07:27:18 UTC] PHP Warning:  include(../../dbconnection.php): failed to open stream: No such file or directory in /home/ubuntu/workspace/isperez/final/practice/program2.php on line 2
[16-May-2018 07:27:18 UTC] PHP Stack trace:
[16-May-2018 07:27:18 UTC] PHP   1. {main}() /home/ubuntu/workspace/isperez/final/practice/program2.php:0
[16-May-2018 07:27:18 UTC] PHP Warning:  include(): Failed opening '../../dbconnection.php' for inclusion (include_path='.:/usr/share/php:/usr/share/pear') in /home/ubuntu/workspace/isperez/final/practice/program2.php on line 2
[16-May-2018 07:27:18 UTC] PHP Stack trace:
[16-May-2018 07:27:18 UTC] PHP   1. {main}() /home/ubuntu/workspace/isperez/final/practice/program2.php:0
[16-May-2018 07:27:18 UTC] PHP Fatal error:  Call to undefined function getDatabaseConnection() in /home/ubuntu/workspace/isperez/final/practice/program2.php on line 4
[16-May-2018 07:27:18 UTC] PHP Stack trace:
[16-May-2018 07:27:18 UTC] PHP   1. {main}() /home/ubuntu/workspace/isperez/final/practice/program2.php:0
[16-May-2018 07:27:24 UTC] PHP Warning:  include(./dbconnection.php): failed to open stream: No such file or directory in /home/ubuntu/workspace/isperez/final/practice/program2.php on line 2
[16-May-2018 07:27:24 UTC] PHP Stack trace:
[16-May-2018 07:27:24 UTC] PHP   1. {main}() /home/ubuntu/workspace/isperez/final/practice/program2.php:0
[16-May-2018 07:27:24 UTC] PHP Warning:  include(): Failed opening './dbconnection.php' for inclusion (include_path='.:/usr/share/php:/usr/share/pear') in /home/ubuntu/workspace/isperez/final/practice/program2.php on line 2
[16-May-2018 07:27:24 UTC] PHP Stack trace:
[16-May-2018 07:27:24 UTC] PHP   1. {main}() /home/ubuntu/workspace/isperez/final/practice/program2.php:0
[16-May-2018 07:27:24 UTC] PHP Fatal error:  Call to undefined function getDatabaseConnection() in /home/ubuntu/workspace/isperez/final/practice/program2.php on line 4
[16-May-2018 07:27:24 UTC] PHP Stack trace:
[16-May-2018 07:27:24 UTC] PHP   1. {main}() /home/ubuntu/workspace/isperez/final/practice/program2.php:0
[16-May-2018 07:28:29 UTC] PHP Warning:  include(/isperez/dbConnection.php): failed to open stream: No such file or directory in /home/ubuntu/workspace/isperez/final/practice/program2.php on line 2
[16-May-2018 07:28:29 UTC] PHP Stack trace:
[16-May-2018 07:28:29 UTC] PHP   1. {main}() /home/ubuntu/workspace/isperez/final/practice/program2.php:0
[16-May-2018 07:28:29 UTC] PHP Warning:  include(): Failed opening '/isperez/dbConnection.php' for inclusion (include_path='.:/usr/share/php:/usr/share/pear') in /home/ubuntu/workspace/isperez/final/practice/program2.php on line 2
[16-May-2018 07:28:29 UTC] PHP Stack trace:
[16-May-2018 07:28:29 UTC] PHP   1. {main}() /home/ubuntu/workspace/isperez/final/practice/program2.php:0
[16-May-2018 07:28:29 UTC] PHP Fatal error:  Call to undefined function getDatabaseConnection() in /home/ubuntu/workspace/isperez/final/practice/program2.php on line 4
[16-May-2018 07:28:29 UTC] PHP Stack trace:
[16-May-2018 07:28:29 UTC] PHP   1. {main}() /home/ubuntu/workspace/isperez/final/practice/program2.php:0
[16-May-2018 07:28:56 UTC] PHP Warning:  include(/../../dbconnection.php): failed to open stream: No such file or directory in /home/ubuntu/workspace/isperez/final/practice/program2.php on line 2
[16-May-2018 07:28:56 UTC] PHP Stack trace:
[16-May-2018 07:28:56 UTC] PHP   1. {main}() /home/ubuntu/workspace/isperez/final/practice/program2.php:0
[16-May-2018 07:28:56 UTC] PHP Warning:  include(): Failed opening '/../../dbconnection.php' for inclusion (include_path='.:/usr/share/php:/usr/share/pear') in /home/ubuntu/workspace/isperez/final/practice/program2.php on line 2
[16-May-2018 07:28:56 UTC] PHP Stack trace:
[16-May-2018 07:28:56 UTC] PHP   1. {main}() /home/ubuntu/workspace/isperez/final/practice/program2.php:0
[16-May-2018 07:28:56 UTC] PHP Fatal error:  Call to undefined function getDatabaseConnection() in /home/ubuntu/workspace/isperez/final/practice/program2.php on line 4
[16-May-2018 07:28:56 UTC] PHP Stack trace:
[16-May-2018 07:28:56 UTC] PHP   1. {main}() /home/ubuntu/workspace/isperez/final/practice/program2.php:0
[16-May-2018 07:29:03 UTC] PHP Warning:  include(../../../dbconnection.php): failed to open stream: No such file or directory in /home/ubuntu/workspace/isperez/final/practice/program2.php on line 2
[16-May-2018 07:29:03 UTC] PHP Stack trace:
[16-May-2018 07:29:03 UTC] PHP   1. {main}() /home/ubuntu/workspace/isperez/final/practice/program2.php:0
[16-May-2018 07:29:03 UTC] PHP Warning:  include(): Failed opening '../../../dbconnection.php' for inclusion (include_path='.:/usr/share/php:/usr/share/pear') in /home/ubuntu/workspace/isperez/final/practice/program2.php on line 2
[16-May-2018 07:29:03 UTC] PHP Stack trace:
[16-May-2018 07:29:03 UTC] PHP   1. {main}() /home/ubuntu/workspace/isperez/final/practice/program2.php:0
[16-May-2018 07:29:03 UTC] PHP Fatal error:  Call to undefined function getDatabaseConnection() in /home/ubuntu/workspace/isperez/final/practice/program2.php on line 4
[16-May-2018 07:29:03 UTC] PHP Stack trace:
[16-May-2018 07:29:03 UTC] PHP   1. {main}() /home/ubuntu/workspace/isperez/final/practice/program2.php:0
[16-May-2018 07:29:07 UTC] PHP Warning:  include(/../../../dbconnection.php): failed to open stream: No such file or directory in /home/ubuntu/workspace/isperez/final/practice/program2.php on line 2
[16-May-2018 07:29:07 UTC] PHP Stack trace:
[16-May-2018 07:29:07 UTC] PHP   1. {main}() /home/ubuntu/workspace/isperez/final/practice/program2.php:0
[16-May-2018 07:29:07 UTC] PHP Warning:  include(): Failed opening '/../../../dbconnection.php' for inclusion (include_path='.:/usr/share/php:/usr/share/pear') in /home/ubuntu/workspace/isperez/final/practice/program2.php on line 2
[16-May-2018 07:29:07 UTC] PHP Stack trace:
[16-May-2018 07:29:07 UTC] PHP   1. {main}() /home/ubuntu/workspace/isperez/final/practice/program2.php:0
[16-May-2018 07:29:07 UTC] PHP Fatal error:  Call to undefined function getDatabaseConnection() in /home/ubuntu/workspace/isperez/final/practice/program2.php on line 4
[16-May-2018 07:29:07 UTC] PHP Stack trace:
[16-May-2018 07:29:07 UTC] PHP   1. {main}() /home/ubuntu/workspace/isperez/final/practice/program2.php:0
[16-May-2018 07:29:24 UTC] PHP Warning:  include(dbconnection.php): failed to open stream: No such file or directory in /home/ubuntu/workspace/isperez/final/practice/program2.php on line 2
[16-May-2018 07:29:24 UTC] PHP Stack trace:
[16-May-2018 07:29:24 UTC] PHP   1. {main}() /home/ubuntu/workspace/isperez/final/practice/program2.php:0
[16-May-2018 07:29:24 UTC] PHP Warning:  include(): Failed opening 'dbconnection.php' for inclusion (include_path='.:/usr/share/php:/usr/share/pear') in /home/ubuntu/workspace/isperez/final/practice/program2.php on line 2
[16-May-2018 07:29:24 UTC] PHP Stack trace:
[16-May-2018 07:29:24 UTC] PHP   1. {main}() /home/ubuntu/workspace/isperez/final/practice/program2.php:0
[16-May-2018 07:29:24 UTC] PHP Fatal error:  Call to undefined function getDatabaseConnection() in /home/ubuntu/workspace/isperez/final/practice/program2.php on line 4
[16-May-2018 07:29:24 UTC] PHP Stack trace:
[16-May-2018 07:29:24 UTC] PHP   1. {main}() /home/ubuntu/workspace/isperez/final/practice/program2.php:0
[16-May-2018 07:29:53 UTC] PHP Warning:  include(./dbConnection.php): failed to open stream: No such file or directory in /home/ubuntu/workspace/isperez/final/practice/program2.php on line 2
[16-May-2018 07:29:53 UTC] PHP Stack trace:
[16-May-2018 07:29:53 UTC] PHP   1. {main}() /home/ubuntu/workspace/isperez/final/practice/program2.php:0
[16-May-2018 07:29:53 UTC] PHP Warning:  include(): Failed opening './dbConnection.php' for inclusion (include_path='.:/usr/share/php:/usr/share/pear') in /home/ubuntu/workspace/isperez/final/practice/program2.php on line 2
[16-May-2018 07:29:53 UTC] PHP Stack trace:
[16-May-2018 07:29:53 UTC] PHP   1. {main}() /home/ubuntu/workspace/isperez/final/practice/program2.php:0
[16-May-2018 07:29:53 UTC] PHP Fatal error:  Call to undefined function getDatabaseConnection() in /home/ubuntu/workspace/isperez/final/practice/program2.php on line 4
[16-May-2018 07:29:53 UTC] PHP Stack trace:
[16-May-2018 07:29:53 UTC] PHP   1. {main}() /home/ubuntu/workspace/isperez/final/practice/program2.php:0
[16-May-2018 07:30:03 UTC] PHP Warning:  include(../dbConnection.php): failed to open stream: No such file or directory in /home/ubuntu/workspace/isperez/final/practice/program2.php on line 2
[16-May-2018 07:30:03 UTC] PHP Stack trace:
[16-May-2018 07:30:03 UTC] PHP   1. {main}() /home/ubuntu/workspace/isperez/final/practice/program2.php:0
[16-May-2018 07:30:03 UTC] PHP Warning:  include(): Failed opening '../dbConnection.php' for inclusion (include_path='.:/usr/share/php:/usr/share/pear') in /home/ubuntu/workspace/isperez/final/practice/program2.php on line 2
[16-May-2018 07:30:03 UTC] PHP Stack trace:
[16-May-2018 07:30:03 UTC] PHP   1. {main}() /home/ubuntu/workspace/isperez/final/practice/program2.php:0
[16-May-2018 07:30:03 UTC] PHP Fatal error:  Call to undefined function getDatabaseConnection() in /home/ubuntu/workspace/isperez/final/practice/program2.php on line 4
[16-May-2018 07:30:03 UTC] PHP Stack trace:
[16-May-2018 07:30:03 UTC] PHP   1. {main}() /home/ubuntu/workspace/isperez/final/practice/program2.php:0
[16-May-2018 07:30:09 UTC] PHP Fatal error:  Uncaught exception 'PDOException' with message 'SQLSTATE[HY093]: Invalid parameter number: number of bound variables does not match number of tokens' in /home/ubuntu/workspace/isperez/final/practice/program2.php:17
Stack trace:
#0 /home/ubuntu/workspace/isperez/final/practice/program2.php(17): PDOStatement->execute(Array)
#1 {main}
  thrown in /home/ubuntu/workspace/isperez/final/practice/program2.php on line 17
[16-May-2018 07:31:20 UTC] PHP Fatal error:  Uncaught exception 'PDOException' with message 'SQLSTATE[42S22]: Column not found: 1054 Unknown column 'attempts' in 'field list'' in /home/ubuntu/workspace/isperez/final/practice/program2.php:17
Stack trace:
#0 /home/ubuntu/workspace/isperez/final/practice/program2.php(17): PDOStatement->execute(Array)
#1 {main}
  thrown in /home/ubuntu/workspace/isperez/final/practice/program2.php on line 17
[16-May-2018 07:31:57 UTC] PHP Fatal error:  Uncaught exception 'PDOException' with message 'SQLSTATE[23000]: Integrity constraint violation: 1048 Column 'lastScore' cannot be null' in /home/ubuntu/workspace/isperez/final/practice/program2.php:17
Stack trace:
#0 /home/ubuntu/workspace/isperez/final/practice/program2.php(17): PDOStatement->execute(Array)
#1 {main}
  thrown in /home/ubuntu/workspace/isperez/final/practice/program2.php on line 17
[16-May-2018 07:32:44 UTC] PHP Fatal error:  Uncaught exception 'PDOException' with message 'SQLSTATE[23000]: Integrity constraint violation: 1048 Column 'lastScore' cannot be null' in /home/ubuntu/workspace/isperez/final/practice/program2.php:17
Stack trace:
#0 /home/ubuntu/workspace/isperez/final/practice/program2.php(17): PDOStatement->execute(Array)
#1 {main}
  thrown in /home/ubuntu/workspace/isperez/final/practice/program2.php on line 17
[16-May-2018 16:48:37 UTC] PHP Fatal error:  Uncaught exception 'PDOException' with message 'SQLSTATE[23000]: Integrity constraint violation: 1048 Column 'lastScore' cannot be null' in /home/ubuntu/workspace/isperez/final/practice/program2.php:17
Stack trace:
#0 /home/ubuntu/workspace/isperez/final/practice/program2.php(17): PDOStatement->execute(Array)
#1 {main}
  thrown in /home/ubuntu/workspace/isperez/final/practice/program2.php on line 17
[16-May-2018 16:49:09 UTC] PHP Fatal error:  Uncaught exception 'PDOException' with message 'SQLSTATE[23000]: Integrity constraint violation: 1048 Column 'lastScore' cannot be null' in /home/ubuntu/workspace/isperez/final/practice/program2.php:17
Stack trace:
#0 /home/ubuntu/workspace/isperez/final/practice/program2.php(17): PDOStatement->execute(Array)
#1 {main}
  thrown in /home/ubuntu/workspace/isperez/final/practice/program2.php on line 17
[16-May-2018 17:18:25 UTC] PHP Fatal error:  Uncaught exception 'PDOException' with message 'SQLSTATE[HY093]: Invalid parameter number: parameter was not defined' in /home/ubuntu/workspace/isperez/final/practice/updateQuiz.php:18
Stack trace:
#0 /home/ubuntu/workspace/isperez/final/practice/updateQuiz.php(18): PDOStatement->execute(Array)
#1 /home/ubuntu/workspace/isperez/final/practice/updateQuiz.php(53): isNewUser('test@csumb.edu')
#2 {main}
  thrown in /home/ubuntu/workspace/isperez/final/practice/updateQuiz.php on line 18
[16-May-2018 17:19:00 UTC] PHP Fatal error:  Uncaught exception 'PDOException' with message 'SQLSTATE[HY000]: General error' in /home/ubuntu/workspace/isperez/final/practice/updateQuiz.php:84
Stack trace:
#0 /home/ubuntu/workspace/isperez/final/practice/updateQuiz.php(84): PDOStatement->fetch(2)
#1 {main}
  thrown in /home/ubuntu/workspace/isperez/final/practice/updateQuiz.php on line 84
[16-May-2018 17:19:42 UTC] PHP Fatal error:  Uncaught exception 'PDOException' with message 'SQLSTATE[HY000]: General error' in /home/ubuntu/workspace/isperez/final/practice/updateQuiz.php:85
Stack trace:
#0 /home/ubuntu/workspace/isperez/final/practice/updateQuiz.php(85): PDOStatement->fetch(2)
#1 {main}
  thrown in /home/ubuntu/workspace/isperez/final/practice/updateQuiz.php on line 85
[16-May-2018 20:25:40 UTC] PHP Fatal error:  Call to undefined function getNames() in /home/ubuntu/workspace/isperez/final_practice/final/program1.php on line 30
[16-May-2018 20:25:40 UTC] PHP Stack trace:
[16-May-2018 20:25:40 UTC] PHP   1. {main}() /home/ubuntu/workspace/isperez/final_practice/final/program1.php:0
[16-May-2018 20:26:09 UTC] PHP Warning:  include(./dbconnection.php): failed to open stream: No such file or directory in /home/ubuntu/workspace/isperez/final_practice/final/functions.php on line 3
[16-May-2018 20:26:09 UTC] PHP Stack trace:
[16-May-2018 20:26:09 UTC] PHP   1. {main}() /home/ubuntu/workspace/isperez/final_practice/final/program1.php:0
[16-May-2018 20:26:09 UTC] PHP   2. include() /home/ubuntu/workspace/isperez/final_practice/final/program1.php:3
[16-May-2018 20:26:09 UTC] PHP Warning:  include(): Failed opening './dbconnection.php' for inclusion (include_path='.:/usr/share/php:/usr/share/pear') in /home/ubuntu/workspace/isperez/final_practice/final/functions.php on line 3
[16-May-2018 20:26:09 UTC] PHP Stack trace:
[16-May-2018 20:26:09 UTC] PHP   1. {main}() /home/ubuntu/workspace/isperez/final_practice/final/program1.php:0
[16-May-2018 20:26:09 UTC] PHP   2. include() /home/ubuntu/workspace/isperez/final_practice/final/program1.php:3
[16-May-2018 20:26:09 UTC] PHP Fatal error:  Call to undefined function getDatabaseConnection() in /home/ubuntu/workspace/isperez/final_practice/final/functions.php on line 5
[16-May-2018 20:26:09 UTC] PHP Stack trace:
[16-May-2018 20:26:09 UTC] PHP   1. {main}() /home/ubuntu/workspace/isperez/final_practice/final/program1.php:0
[16-May-2018 20:26:09 UTC] PHP   2. include() /home/ubuntu/workspace/isperez/final_practice/final/program1.php:3
[16-May-2018 20:26:31 UTC] PHP Warning:  include(../dbconnection.php): failed to open stream: No such file or directory in /home/ubuntu/workspace/isperez/final_practice/final/functions.php on line 3
[16-May-2018 20:26:31 UTC] PHP Stack trace:
[16-May-2018 20:26:31 UTC] PHP   1. {main}() /home/ubuntu/workspace/isperez/final_practice/final/program1.php:0
[16-May-2018 20:26:31 UTC] PHP   2. include() /home/ubuntu/workspace/isperez/final_practice/final/program1.php:3
[16-May-2018 20:26:31 UTC] PHP Warning:  include(): Failed opening '../dbconnection.php' for inclusion (include_path='.:/usr/share/php:/usr/share/pear') in /home/ubuntu/workspace/isperez/final_practice/final/functions.php on line 3
[16-May-2018 20:26:31 UTC] PHP Stack trace:
[16-May-2018 20:26:31 UTC] PHP   1. {main}() /home/ubuntu/workspace/isperez/final_practice/final/program1.php:0
[16-May-2018 20:26:31 UTC] PHP   2. include() /home/ubuntu/workspace/isperez/final_practice/final/program1.php:3
[16-May-2018 20:26:31 UTC] PHP Fatal error:  Call to undefined function getDatabaseConnection() in /home/ubuntu/workspace/isperez/final_practice/final/functions.php on line 5
[16-May-2018 20:26:31 UTC] PHP Stack trace:
[16-May-2018 20:26:31 UTC] PHP   1. {main}() /home/ubuntu/workspace/isperez/final_practice/final/program1.php:0
[16-May-2018 20:26:31 UTC] PHP   2. include() /home/ubuntu/workspace/isperez/final_practice/final/program1.php:3
[16-May-2018 20:26:57 UTC] PHP Warning:  include(../../dbconnection.php): failed to open stream: No such file or directory in /home/ubuntu/workspace/isperez/final_practice/final/functions.php on line 3
[16-May-2018 20:26:57 UTC] PHP Stack trace:
[16-May-2018 20:26:57 UTC] PHP   1. {main}() /home/ubuntu/workspace/isperez/final_practice/final/program1.php:0
[16-May-2018 20:26:57 UTC] PHP   2. include() /home/ubuntu/workspace/isperez/final_practice/final/program1.php:3
[16-May-2018 20:26:57 UTC] PHP Warning:  include(): Failed opening '../../dbconnection.php' for inclusion (include_path='.:/usr/share/php:/usr/share/pear') in /home/ubuntu/workspace/isperez/final_practice/final/functions.php on line 3
[16-May-2018 20:26:57 UTC] PHP Stack trace:
[16-May-2018 20:26:57 UTC] PHP   1. {main}() /home/ubuntu/workspace/isperez/final_practice/final/program1.php:0
[16-May-2018 20:26:57 UTC] PHP   2. include() /home/ubuntu/workspace/isperez/final_practice/final/program1.php:3
[16-May-2018 20:26:57 UTC] PHP Fatal error:  Call to undefined function getDatabaseConnection() in /home/ubuntu/workspace/isperez/final_practice/final/functions.php on line 5
[16-May-2018 20:26:57 UTC] PHP Stack trace:
[16-May-2018 20:26:57 UTC] PHP   1. {main}() /home/ubuntu/workspace/isperez/final_practice/final/program1.php:0
[16-May-2018 20:26:57 UTC] PHP   2. include() /home/ubuntu/workspace/isperez/final_practice/final/program1.php:3
[16-May-2018 20:27:20 UTC] PHP Warning:  include(../../../dbconnection.php): failed to open stream: No such file or directory in /home/ubuntu/workspace/isperez/final_practice/final/functions.php on line 3
[16-May-2018 20:27:20 UTC] PHP Stack trace:
[16-May-2018 20:27:20 UTC] PHP   1. {main}() /home/ubuntu/workspace/isperez/final_practice/final/program1.php:0
[16-May-2018 20:27:20 UTC] PHP   2. include() /home/ubuntu/workspace/isperez/final_practice/final/program1.php:3
[16-May-2018 20:27:20 UTC] PHP Warning:  include(): Failed opening '../../../dbconnection.php' for inclusion (include_path='.:/usr/share/php:/usr/share/pear') in /home/ubuntu/workspace/isperez/final_practice/final/functions.php on line 3
[16-May-2018 20:27:20 UTC] PHP Stack trace:
[16-May-2018 20:27:20 UTC] PHP   1. {main}() /home/ubuntu/workspace/isperez/final_practice/final/program1.php:0
[16-May-2018 20:27:20 UTC] PHP   2. include() /home/ubuntu/workspace/isperez/final_practice/final/program1.php:3
[16-May-2018 20:27:20 UTC] PHP Fatal error:  Call to undefined function getDatabaseConnection() in /home/ubuntu/workspace/isperez/final_practice/final/functions.php on line 5
[16-May-2018 20:27:20 UTC] PHP Stack trace:
[16-May-2018 20:27:20 UTC] PHP   1. {main}() /home/ubuntu/workspace/isperez/final_practice/final/program1.php:0
[16-May-2018 20:27:20 UTC] PHP   2. include() /home/ubuntu/workspace/isperez/final_practice/final/program1.php:3
[16-May-2018 20:35:20 UTC] PHP Fatal error:  Uncaught exception 'PDOException' with message 'SQLSTATE[42000]: Syntax error or access violation: 1064 You have an error in your SQL syntax; check the manual that corresponds to your MySQL server version for the right syntax to use near '' at line 2' in /home/ubuntu/workspace/isperez/final_practice/final/functions.php:38
Stack trace:
#0 /home/ubuntu/workspace/isperez/final_practice/final/functions.php(38): PDO->query('SELECT DISTINCT...')
#1 /home/ubuntu/workspace/isperez/final_practice/final/program1.php(34): getNames()
#2 {main}
  thrown in /home/ubuntu/workspace/isperez/final_practice/final/functions.php on line 38
[16-May-2018 20:39:32 UTC] PHP Parse error:  syntax error, unexpected '}' in /home/ubuntu/workspace/isperez/final_practice/final/functions.php on line 54
[16-May-2018 20:39:32 UTC] PHP Stack trace:
[16-May-2018 20:39:32 UTC] PHP   1. {main}() /home/ubuntu/workspace/isperez/final_practice/final/program1.php:0
[16-May-2018 20:39:42 UTC] PHP Fatal error:  Uncaught exception 'PDOException' with message 'SQLSTATE[42000]: Syntax error or access violation: 1064 You have an error in your SQL syntax; check the manual that corresponds to your MySQL server version for the right syntax to use near 'DESC' at line 2' in /home/ubuntu/workspace/isperez/final_practice/final/functions.php:38
Stack trace:
#0 /home/ubuntu/workspace/isperez/final_practice/final/functions.php(38): PDO->query('SELECT DISTINCT...')
#1 /home/ubuntu/workspace/isperez/final_practice/final/program1.php(34): getNames()
#2 {main}
  thrown in /home/ubuntu/workspace/isperez/final_practice/final/functions.php on line 38
[16-May-2018 20:40:23 UTC] PHP Fatal error:  Uncaught exception 'PDOException' with message 'SQLSTATE[42000]: Syntax error or access violation: 1064 You have an error in your SQL syntax; check the manual that corresponds to your MySQL server version for the right syntax to use near 'firstName, lastName BY DESC' at line 2' in /home/ubuntu/workspace/isperez/final_practice/final/functions.php:38
Stack trace:
#0 /home/ubuntu/workspace/isperez/final_practice/final/functions.php(38): PDO->query('SELECT DISTINCT...')
#1 /home/ubuntu/workspace/isperez/final_practice/final/program1.php(34): getNames()
#2 {main}
  thrown in /home/ubuntu/workspace/isperez/final_practice/final/functions.php on line 38
[16-May-2018 20:40:25 UTC] PHP Fatal error:  Uncaught exception 'PDOException' with message 'SQLSTATE[42000]: Syntax error or access violation: 1064 You have an error in your SQL syntax; check the manual that corresponds to your MySQL server version for the right syntax to use near 'firstName, lastName BY DESC' at line 2' in /home/ubuntu/workspace/isperez/final_practice/final/functions.php:38
Stack trace:
#0 /home/ubuntu/workspace/isperez/final_practice/final/functions.php(38): PDO->query('SELECT DISTINCT...')
#1 /home/ubuntu/workspace/isperez/final_practice/final/program1.php(34): getNames()
#2 {main}
  thrown in /home/ubuntu/workspace/isperez/final_practice/final/functions.php on line 38
[16-May-2018 20:40:26 UTC] PHP Fatal error:  Uncaught exception 'PDOException' with message 'SQLSTATE[42000]: Syntax error or access violation: 1064 You have an error in your SQL syntax; check the manual that corresponds to your MySQL server version for the right syntax to use near 'firstName, lastName BY DESC' at line 2' in /home/ubuntu/workspace/isperez/final_practice/final/functions.php:38
Stack trace:
#0 /home/ubuntu/workspace/isperez/final_practice/final/functions.php(38): PDO->query('SELECT DISTINCT...')
#1 /home/ubuntu/workspace/isperez/final_practice/final/program1.php(34): getNames()
#2 {main}
  thrown in /home/ubuntu/workspace/isperez/final_practice/final/functions.php on line 38
[16-May-2018 20:54:43 UTC] PHP Parse error:  syntax error, unexpected ',', expecting ']' in /home/ubuntu/workspace/isperez/final_practice/final/functions.php on line 53
[16-May-2018 20:54:43 UTC] PHP Stack trace:
[16-May-2018 20:54:43 UTC] PHP   1. {main}() /home/ubuntu/workspace/isperez/final_practice/final/program1.php:0
[16-May-2018 20:55:15 UTC] PHP Parse error:  syntax error, unexpected ''lastName'' (T_CONSTANT_ENCAPSED_STRING), expecting ']' in /home/ubuntu/workspace/isperez/final_practice/final/functions.php on line 53
[16-May-2018 20:55:15 UTC] PHP Stack trace:
[16-May-2018 20:55:15 UTC] PHP   1. {main}() /home/ubuntu/workspace/isperez/final_practice/final/program1.php:0
[16-May-2018 20:56:26 UTC] PHP Fatal error:  Uncaught exception 'PDOException' with message 'SQLSTATE[42000]: Syntax error or access violation: 1064 You have an error in your SQL syntax; check the manual that corresponds to your MySQL server version for the right syntax to use near 'firstName 
            FROM superhero' at line 1' in /home/ubuntu/workspace/isperez/final_practice/final/functions.php:38
Stack trace:
#0 /home/ubuntu/workspace/isperez/final_practice/final/functions.php(38): PDO->query('SELECT * firstN...')
#1 /home/ubuntu/workspace/isperez/final_practice/final/program1.php(37): getNames()
#2 {main}
  thrown in /home/ubuntu/workspace/isperez/final_practice/final/functions.php on line 38
[16-May-2018 20:57:39 UTC] PHP Parse error:  syntax error, unexpected '"', expecting identifier (T_STRING) or variable (T_VARIABLE) or number (T_NUM_STRING) in /home/ubuntu/workspace/isperez/final_practice/final/functions.php on line 41
[16-May-2018 20:57:39 UTC] PHP Stack trace:
[16-May-2018 20:57:39 UTC] PHP   1. {main}() /home/ubuntu/workspace/isperez/final_practice/final/program1.php:0
[16-May-2018 21:01:21 UTC] PHP Fatal error:  Uncaught exception 'PDOException' with message 'SQLSTATE[42000]: Syntax error or access violation: 1064 You have an error in your SQL syntax; check the manual that corresponds to your MySQL server version for the right syntax to use near 'firstName FROM superhero' at line 1' in /home/ubuntu/workspace/isperez/final_practice/final/functions.php:37
Stack trace:
#0 /home/ubuntu/workspace/isperez/final_practice/final/functions.php(37): PDO->query('SELECT * firstN...')
#1 /home/ubuntu/workspace/isperez/final_practice/final/program1.php(37): getNames()
#2 {main}
  thrown in /home/ubuntu/workspace/isperez/final_practice/final/functions.php on line 37
[16-May-2018 21:05:51 UTC] PHP Parse error:  syntax error, unexpected '$stmt' (T_VARIABLE) in /home/ubuntu/workspace/isperez/final_practice/final/functions.php on line 38
[16-May-2018 21:05:51 UTC] PHP Stack trace:
[16-May-2018 21:05:51 UTC] PHP   1. {main}() /home/ubuntu/workspace/isperez/final_practice/final/program1.php:0
[16-May-2018 21:06:24 UTC] PHP Fatal error:  Uncaught exception 'PDOException' with message 'SQLSTATE[42000]: Syntax error or access violation: 1064 You have an error in your SQL syntax; check the manual that corresponds to your MySQL server version for the right syntax to use near 'DESC' at line 2' in /home/ubuntu/workspace/isperez/final_practice/final/functions.php:38
Stack trace:
#0 /home/ubuntu/workspace/isperez/final_practice/final/functions.php(38): PDO->query('SELECT DISTINCT...')
#1 /home/ubuntu/workspace/isperez/final_practice/final/program1.php(37): getNames()
#2 {main}
  thrown in /home/ubuntu/workspace/isperez/final_practice/final/functions.php on line 38
[16-May-2018 21:19:02 UTC] PHP Warning:  Missing argument 1 for getImage(), called in /home/ubuntu/workspace/isperez/final_practice/final/program1.php on line 38 and defined in /home/ubuntu/workspace/isperez/final_practice/final/functions.php on line 9
[16-May-2018 21:19:02 UTC] PHP Stack trace:
[16-May-2018 21:19:02 UTC] PHP   1. {main}() /home/ubuntu/workspace/isperez/final_practice/final/program1.php:0
[16-May-2018 21:19:02 UTC] PHP   2. getImage() /home/ubuntu/workspace/isperez/final_practice/final/program1.php:38
[16-May-2018 21:19:02 UTC] PHP Fatal error:  Uncaught exception 'PDOException' with message 'SQLSTATE[42000]: Syntax error or access violation: 1064 You have an error in your SQL syntax; check the manual that corresponds to your MySQL server version for the right syntax to use near ':image' at line 2' in /home/ubuntu/workspace/isperez/final_practice/final/functions.php:16
Stack trace:
#0 /home/ubuntu/workspace/isperez/final_practice/final/functions.php(16): PDO->query('SELECT * FROM s...')
#1 /home/ubuntu/workspace/isperez/final_practice/final/program1.php(38): getImage()
#2 {main}
  thrown in /home/ubuntu/workspace/isperez/final_practice/final/functions.php on line 16
[16-May-2018 21:20:17 UTC] PHP Warning:  Missing argument 1 for getImage(), called in /home/ubuntu/workspace/isperez/final_practice/final/program1.php on line 38 and defined in /home/ubuntu/workspace/isperez/final_practice/final/functions.php on line 9
[16-May-2018 21:20:17 UTC] PHP Stack trace:
[16-May-2018 21:20:17 UTC] PHP   1. {main}() /home/ubuntu/workspace/isperez/final_practice/final/program1.php:0
[16-May-2018 21:20:17 UTC] PHP   2. getImage() /home/ubuntu/workspace/isperez/final_practice/final/program1.php:38
[16-May-2018 21:20:17 UTC] PHP Fatal error:  Uncaught exception 'PDOException' with message 'SQLSTATE[42000]: Syntax error or access violation: 1064 You have an error in your SQL syntax; check the manual that corresponds to your MySQL server version for the right syntax to use near ':image' at line 2' in /home/ubuntu/workspace/isperez/final_practice/final/functions.php:16
Stack trace:
#0 /home/ubuntu/workspace/isperez/final_practice/final/functions.php(16): PDO->query('SELECT * FROM s...')
#1 /home/ubuntu/workspace/isperez/final_practice/final/program1.php(38): getImage()
#2 {main}
  thrown in /home/ubuntu/workspace/isperez/final_practice/final/functions.php on line 16
[16-May-2018 21:23:00 UTC] PHP Parse error:  syntax error, unexpected '}' in /home/ubuntu/workspace/isperez/final_practice/final/functions.php on line 29
[16-May-2018 21:23:00 UTC] PHP Stack trace:
[16-May-2018 21:23:00 UTC] PHP   1. {main}() /home/ubuntu/workspace/isperez/final_practice/final/program1.php:0
[16-May-2018 21:23:08 UTC] PHP Warning:  Missing argument 1 for getImage(), called in /home/ubuntu/workspace/isperez/final_practice/final/program1.php on line 38 and defined in /home/ubuntu/workspace/isperez/final_practice/final/functions.php on line 9
[16-May-2018 21:23:08 UTC] PHP Stack trace:
[16-May-2018 21:23:08 UTC] PHP   1. {main}() /home/ubuntu/workspace/isperez/final_practice/final/program1.php:0
[16-May-2018 21:23:08 UTC] PHP   2. getImage() /home/ubuntu/workspace/isperez/final_practice/final/program1.php:38
[16-May-2018 21:23:08 UTC] PHP Fatal error:  Uncaught exception 'PDOException' with message 'SQLSTATE[42000]: Syntax error or access violation: 1064 You have an error in your SQL syntax; check the manual that corresponds to your MySQL server version for the right syntax to use near ':image' at line 2' in /home/ubuntu/workspace/isperez/final_practice/final/functions.php:16
Stack trace:
#0 /home/ubuntu/workspace/isperez/final_practice/final/functions.php(16): PDO->query('SELECT * FROM s...')
#1 /home/ubuntu/workspace/isperez/final_practice/final/program1.php(38): getImage()
#2 {main}
  thrown in /home/ubuntu/workspace/isperez/final_practice/final/functions.php on line 16
[16-May-2018 21:23:24 UTC] PHP Fatal error:  Uncaught exception 'PDOException' with message 'SQLSTATE[42000]: Syntax error or access violation: 1064 You have an error in your SQL syntax; check the manual that corresponds to your MySQL server version for the right syntax to use near ':image' at line 2' in /home/ubuntu/workspace/isperez/final_practice/final/functions.php:16
Stack trace:
#0 /home/ubuntu/workspace/isperez/final_practice/final/functions.php(16): PDO->query('SELECT * FROM s...')
#1 /home/ubuntu/workspace/isperez/final_practice/final/program1.php(38): getImage()
#2 {main}
  thrown in /home/ubuntu/workspace/isperez/final_practice/final/functions.php on line 16
[16-May-2018 21:23:54 UTC] PHP Fatal error:  Uncaught exception 'PDOException' with message 'SQLSTATE[42000]: Syntax error or access violation: 1064 You have an error in your SQL syntax; check the manual that corresponds to your MySQL server version for the right syntax to use near 'image FROM superhero' at line 1' in /home/ubuntu/workspace/isperez/final_practice/final/functions.php:16
Stack trace:
#0 /home/ubuntu/workspace/isperez/final_practice/final/functions.php(16): PDO->query('SELECT * image ...')
#1 /home/ubuntu/workspace/isperez/final_practice/final/program1.php(38): getImage()
#2 {main}
  thrown in /home/ubuntu/workspace/isperez/final_practice/final/functions.php on line 16
[16-May-2018 21:30:19 UTC] PHP Fatal error:  Uncaught exception 'PDOException' with message 'SQLSTATE[42S22]: Column not found: 1054 Unknown column 'img' in 'field list'' in /home/ubuntu/workspace/isperez/final_practice/final/functions.php:17
Stack trace:
#0 /home/ubuntu/workspace/isperez/final_practice/final/functions.php(17): PDO->query('SELECT img?    ...')
#1 /home/ubuntu/workspace/isperez/final_practice/final/program1.php(38): getImage()
#2 {main}
  thrown in /home/ubuntu/workspace/isperez/final_practice/final/functions.php on line 17
[16-May-2018 21:51:56 UTC] PHP Warning:  include(functions2.php): failed to open stream: No such file or directory in /home/ubuntu/workspace/isperez/final_practice/final/program2.php on line 2
[16-May-2018 21:51:56 UTC] PHP Stack trace:
[16-May-2018 21:51:56 UTC] PHP   1. {main}() /home/ubuntu/workspace/isperez/final_practice/final/program2.php:0
[16-May-2018 21:51:56 UTC] PHP Warning:  include(): Failed opening 'functions2.php' for inclusion (include_path='.:/usr/share/php:/usr/share/pear') in /home/ubuntu/workspace/isperez/final_practice/final/program2.php on line 2
[16-May-2018 21:51:56 UTC] PHP Stack trace:
[16-May-2018 21:51:56 UTC] PHP   1. {main}() /home/ubuntu/workspace/isperez/final_practice/final/program2.php:0
[16-May-2018 21:51:56 UTC] PHP Fatal error:  Call to undefined function getSuperHeroes() in /home/ubuntu/workspace/isperez/final_practice/final/program2.php on line 19
[16-May-2018 21:51:56 UTC] PHP Stack trace:
[16-May-2018 21:51:56 UTC] PHP   1. {main}() /home/ubuntu/workspace/isperez/final_practice/final/program2.php:0
[16-May-2018 22:33:01 UTC] PHP Fatal error:  Call to undefined function getImage() in /home/ubuntu/workspace/isperez/final_practice/final/program1.php on line 38
[16-May-2018 22:33:01 UTC] PHP Stack trace:
[16-May-2018 22:33:01 UTC] PHP   1. {main}() /home/ubuntu/workspace/isperez/final_practice/final/program1.php:0
[20-May-2018 20:13:32 UTC] PHP Fatal error:  Call to undefined function isNewUser() in /home/ubuntu/workspace/isperez/final_practice/final/functions.php on line 75
[20-May-2018 20:13:32 UTC] PHP Stack trace:
[20-May-2018 20:13:32 UTC] PHP   1. {main}() /home/ubuntu/workspace/isperez/final_practice/final/program1.php:0
[20-May-2018 20:13:32 UTC] PHP   2. include() /home/ubuntu/workspace/isperez/final_practice/final/program1.php:3
[20-May-2018 20:13:45 UTC] PHP Fatal error:  Call to undefined function isNewUser() in /home/ubuntu/workspace/isperez/final_practice/final/functions.php on line 75
[20-May-2018 20:13:45 UTC] PHP Stack trace:
[20-May-2018 20:13:45 UTC] PHP   1. {main}() /home/ubuntu/workspace/isperez/final_practice/final/program1.php:0
[20-May-2018 20:13:45 UTC] PHP   2. include() /home/ubuntu/workspace/isperez/final_practice/final/program1.php:3
[20-May-2018 20:24:10 UTC] PHP Fatal error:  Call to undefined function getUser() in /home/ubuntu/workspace/isperez/final_practice/final/functions.php on line 96
[20-May-2018 20:24:10 UTC] PHP Stack trace:
[20-May-2018 20:24:10 UTC] PHP   1. {main}() /home/ubuntu/workspace/isperez/final_practice/final/program1.php:0
[20-May-2018 20:24:10 UTC] PHP   2. include() /home/ubuntu/workspace/isperez/final_practice/final/program1.php:3
[20-May-2018 20:25:31 UTC] PHP Fatal error:  Call to undefined function getNames() in /home/ubuntu/workspace/isperez/final_practice/final/program1.php on line 43
[20-May-2018 20:25:31 UTC] PHP Stack trace:
[20-May-2018 20:25:31 UTC] PHP   1. {main}() /home/ubuntu/workspace/isperez/final_practice/final/program1.php:0
